[33m╷[0m[0m
[33m│[0m [0m[1m[33mWarning: [0m[0m[1mProvider development overrides are in effect[0m
[33m│[0m [0m
[33m│[0m [0m[0mThe following provider development overrides are set in the CLI
[33m│[0m [0mconfiguration:
[33m│[0m [0m - saathvikk/fog in /home/microstack/paper-2/terraform-provider-fog
[33m│[0m [0m
[33m│[0m [0mThe behavior may therefore not match any released version of the provider
[33m│[0m [0mand applying changes may cause the state to become incompatible with
[33m│[0m [0mpublished releases.
[33m╵[0m[0m
[0m[1mmodule.infrastructure.terraform_data.k3s_master: Refreshing state... [id=ef23f894-37a5-8e62-38ad-48a4ac4c2954][0m
[0m[1mmodule.infrastructure.terraform_data.fetch_config: Refreshing state... [id=50c2456d-7c9f-1f6d-416d-4bb9ca236499][0m
[0m[1mmodule.infrastructure.data.local_file.k3s_token: Reading...[0m[0m
[0m[1mmodule.infrastructure.data.local_file.k3s_token: Read complete after 0s [id=83261f0f0a81003d0bda92a8638c6eb121a6cd7e][0m
[0m[1mmodule.infrastructure.terraform_data.k3s_workers["actuator_node"]: Refreshing state... [id=91c658f0-dcf5-db4e-a8e3-966a14d46899][0m
[0m[1mmodule.infrastructure.terraform_data.k3s_workers["publisher_node"]: Refreshing state... [id=e7e58322-9ac1-2dd0-1cc2-34b45e8d518e][0m
[0m[1mmodule.soil_moisture_k3s.terraform_data.deploy_k3s_stack: Refreshing state... [id=242b00ff-5fac-7f4e-50c0-7025ebfe8604][0m
[0m[1mmodule.publisher_daemon.terraform_data.prepare_node: Refreshing state... [id=e70559ac-5dbe-c7d9-5be3-edb0a70f3367][0m
[0m[1mmodule.actuator_daemon.terraform_data.prepare_node: Refreshing state... [id=894a86db-a71b-0d30-5865-272a1f2395a9][0m
[0m[1mmodule.actuator_daemon.fog_systemd_service.daemon: Refreshing state... [id=192.168.0.237::actuator_service][0m
[0m[1mmodule.publisher_daemon.fog_systemd_service.daemon: Refreshing state... [id=192.168.0.76::mqtt_publisher_service][0m

Terraform used the selected providers to generate the following execution
plan. Resource actions are indicated with the following symbols:
  [31m-[0m destroy[0m

Terraform will perform the following actions:

[1m  # module.actuator_daemon.fog_systemd_service.daemon[0m will be [1m[31mdestroyed[0m
[0m  [31m-[0m[0m resource "fog_systemd_service" "daemon" {
      [31m-[0m[0m environment    = {
          [31m-[0m[0m "MQTT_BROKER" = "192.168.0.204"
          [31m-[0m[0m "MQTT_PORT"   = "31883"
        } [90m-> null[0m[0m
      [31m-[0m[0m exec_start     = "/usr/bin/python3 /home/pi2/services/actuator_service.py" [90m-> null[0m[0m
      [31m-[0m[0m id             = "192.168.0.237::actuator_service" [90m-> null[0m[0m
      [31m-[0m[0m node_address   = "192.168.0.237" [90m-> null[0m[0m
      [31m-[0m[0m node_user      = "pi2" [90m-> null[0m[0m
      [31m-[0m[0m service_name   = "actuator_service" [90m-> null[0m[0m
      [31m-[0m[0m unit_file_hash = "9b32429e2c549c7068b16204035f9a1bc6501bce93998c1a6f12d9277d77bec3" [90m-> null[0m[0m
    }

[1m  # module.actuator_daemon.terraform_data.prepare_node[0m will be [1m[31mdestroyed[0m
[0m  [31m-[0m[0m resource "terraform_data" "prepare_node" {
      [31m-[0m[0m id               = "894a86db-a71b-0d30-5865-272a1f2395a9" [90m-> null[0m[0m
      [31m-[0m[0m input            = {
          [31m-[0m[0m host         = "192.168.0.237"
          [31m-[0m[0m service_name = "actuator_service"
          [31m-[0m[0m user         = "pi2"
        } [90m-> null[0m[0m
      [31m-[0m[0m output           = {
          [31m-[0m[0m host         = "192.168.0.237"
          [31m-[0m[0m service_name = "actuator_service"
          [31m-[0m[0m user         = "pi2"
        } [90m-> null[0m[0m
      [31m-[0m[0m triggers_replace = [
          [31m-[0m[0m "https://gist.githubusercontent.com/21mcme04/ffcfc4f88ca37fc0ab03c4cc2a1ef254/raw/fb7d6a955105cc29d1f6d8ba1dbe7f6f9b577b5e/actuator-soil-servo.py",
        ] [90m-> null[0m[0m
    }

[1m  # module.infrastructure.terraform_data.fetch_config[0m will be [1m[31mdestroyed[0m
[0m  [31m-[0m[0m resource "terraform_data" "fetch_config" {
      [31m-[0m[0m id               = "50c2456d-7c9f-1f6d-416d-4bb9ca236499" [90m-> null[0m[0m
      [31m-[0m[0m triggers_replace = [
          [31m-[0m[0m "192.168.0.204",
        ] [90m-> null[0m[0m
    }

[1m  # module.infrastructure.terraform_data.k3s_master[0m will be [1m[31mdestroyed[0m
[0m  [31m-[0m[0m resource "terraform_data" "k3s_master" {
      [31m-[0m[0m id               = "ef23f894-37a5-8e62-38ad-48a4ac4c2954" [90m-> null[0m[0m
      [31m-[0m[0m input            = {
          [31m-[0m[0m host = "192.168.0.204"
          [31m-[0m[0m user = "pi1"
        } [90m-> null[0m[0m
      [31m-[0m[0m output           = {
          [31m-[0m[0m host = "192.168.0.204"
          [31m-[0m[0m user = "pi1"
        } [90m-> null[0m[0m
      [31m-[0m[0m triggers_replace = [
          [31m-[0m[0m "192.168.0.204",
        ] [90m-> null[0m[0m
    }

[1m  # module.infrastructure.terraform_data.k3s_workers["actuator_node"][0m will be [1m[31mdestroyed[0m
[0m  [31m-[0m[0m resource "terraform_data" "k3s_workers" {
      [31m-[0m[0m id               = "91c658f0-dcf5-db4e-a8e3-966a14d46899" [90m-> null[0m[0m
      [31m-[0m[0m input            = {
          [31m-[0m[0m host = "192.168.0.237"
          [31m-[0m[0m user = "pi2"
        } [90m-> null[0m[0m
      [31m-[0m[0m output           = {
          [31m-[0m[0m host = "192.168.0.237"
          [31m-[0m[0m user = "pi2"
        } [90m-> null[0m[0m
      [31m-[0m[0m triggers_replace = [
          [31m-[0m[0m "192.168.0.237",
        ] [90m-> null[0m[0m
    }

[1m  # module.infrastructure.terraform_data.k3s_workers["publisher_node"][0m will be [1m[31mdestroyed[0m
[0m  [31m-[0m[0m resource "terraform_data" "k3s_workers" {
      [31m-[0m[0m id               = "e7e58322-9ac1-2dd0-1cc2-34b45e8d518e" [90m-> null[0m[0m
      [31m-[0m[0m input            = {
          [31m-[0m[0m host = "192.168.0.76"
          [31m-[0m[0m user = "pi3"
        } [90m-> null[0m[0m
      [31m-[0m[0m output           = {
          [31m-[0m[0m host = "192.168.0.76"
          [31m-[0m[0m user = "pi3"
        } [90m-> null[0m[0m
      [31m-[0m[0m triggers_replace = [
          [31m-[0m[0m "192.168.0.76",
        ] [90m-> null[0m[0m
    }

[1m  # module.publisher_daemon.fog_systemd_service.daemon[0m will be [1m[31mdestroyed[0m
[0m  [31m-[0m[0m resource "fog_systemd_service" "daemon" {
      [31m-[0m[0m environment    = {
          [31m-[0m[0m "MQTT_BROKER" = "192.168.0.204"
          [31m-[0m[0m "MQTT_PORT"   = "31883"
        } [90m-> null[0m[0m
      [31m-[0m[0m exec_start     = "/usr/bin/python3 /home/pi3/services/mqtt_publisher_service.py" [90m-> null[0m[0m
      [31m-[0m[0m id             = "192.168.0.76::mqtt_publisher_service" [90m-> null[0m[0m
      [31m-[0m[0m node_address   = "192.168.0.76" [90m-> null[0m[0m
      [31m-[0m[0m node_user      = "pi3" [90m-> null[0m[0m
      [31m-[0m[0m service_name   = "mqtt_publisher_service" [90m-> null[0m[0m
      [31m-[0m[0m unit_file_hash = "f2e0399290fb506540eab096df817d396d4498d54f905093451e9a9908ec366c" [90m-> null[0m[0m
    }

[1m  # module.publisher_daemon.terraform_data.prepare_node[0m will be [1m[31mdestroyed[0m
[0m  [31m-[0m[0m resource "terraform_data" "prepare_node" {
      [31m-[0m[0m id               = "e70559ac-5dbe-c7d9-5be3-edb0a70f3367" [90m-> null[0m[0m
      [31m-[0m[0m input            = {
          [31m-[0m[0m host         = "192.168.0.76"
          [31m-[0m[0m service_name = "mqtt_publisher_service"
          [31m-[0m[0m user         = "pi3"
        } [90m-> null[0m[0m
      [31m-[0m[0m output           = {
          [31m-[0m[0m host         = "192.168.0.76"
          [31m-[0m[0m service_name = "mqtt_publisher_service"
          [31m-[0m[0m user         = "pi3"
        } [90m-> null[0m[0m
      [31m-[0m[0m triggers_replace = [
          [31m-[0m[0m "https://gist.githubusercontent.com/21mcme04/acdea1dfc4483d79a3510945ef201e64/raw/383ed9b38c261a8e7d63ed40303ca65f3fae5517/publisher-soil-moisture.py",
        ] [90m-> null[0m[0m
    }

[1m  # module.soil_moisture_k3s.terraform_data.deploy_k3s_stack[0m will be [1m[31mdestroyed[0m
[0m  [31m-[0m[0m resource "terraform_data" "deploy_k3s_stack" {
      [31m-[0m[0m id               = "242b00ff-5fac-7f4e-50c0-7025ebfe8604" [90m-> null[0m[0m
      [31m-[0m[0m triggers_replace = [
          [31m-[0m[0m "https://gist.githubusercontent.com/21mcme04/68c7edc0b0c5653ecd2e138683f3d568/raw/2021060c1bf05e8d5cd1599ad28d872b9a94fd6d/k3s-fogdeft-soil_moisture-manifest.yaml",
        ] [90m-> null[0m[0m
    }

[1mPlan:[0m [0m0 to add, 0 to change, 9 to destroy.

Changes to Outputs:
  [31m-[0m[0m master_ip = "192.168.0.204" [90m-> null[0m[0m
  [31m-[0m[0m status    = "Deployment complete. Publisher, Actuator, and Broker are running." [90m-> null[0m[0m
[0m[1mmodule.actuator_daemon.fog_systemd_service.daemon: Destroying... [id=192.168.0.237::actuator_service][0m[0m
[0m[1mmodule.publisher_daemon.fog_systemd_service.daemon: Destroying... [id=192.168.0.76::mqtt_publisher_service][0m[0m
[0m[1mmodule.publisher_daemon.fog_systemd_service.daemon: Destruction complete after 2s[0m
[0m[1mmodule.actuator_daemon.fog_systemd_service.daemon: Destruction complete after 2s[0m
[0m[1mmodule.publisher_daemon.terraform_data.prepare_node: Destroying... [id=e70559ac-5dbe-c7d9-5be3-edb0a70f3367][0m[0m
[0m[1mmodule.publisher_daemon.terraform_data.prepare_node: Provisioning with 'remote-exec'...[0m[0m
[0m[1mmodule.publisher_daemon.terraform_data.prepare_node (remote-exec):[0m [0mConnecting to remote host via SSH...
[0m[1mmodule.publisher_daemon.terraform_data.prepare_node (remote-exec):[0m [0m  Host: 192.168.0.76
[0m[1mmodule.publisher_daemon.terraform_data.prepare_node (remote-exec):[0m [0m  User: pi3
[0m[1mmodule.publisher_daemon.terraform_data.prepare_node (remote-exec):[0m [0m  Password: false
[0m[1mmodule.publisher_daemon.terraform_data.prepare_node (remote-exec):[0m [0m  Private key: false
[0m[1mmodule.publisher_daemon.terraform_data.prepare_node (remote-exec):[0m [0m  Certificate: false
[0m[1mmodule.publisher_daemon.terraform_data.prepare_node (remote-exec):[0m [0m  SSH Agent: true
[0m[1mmodule.publisher_daemon.terraform_data.prepare_node (remote-exec):[0m [0m  Checking Host Key: false
[0m[1mmodule.publisher_daemon.terraform_data.prepare_node (remote-exec):[0m [0m  Target Platform: unix
[0m[1mmodule.actuator_daemon.terraform_data.prepare_node: Destroying... [id=894a86db-a71b-0d30-5865-272a1f2395a9][0m[0m
[0m[1mmodule.actuator_daemon.terraform_data.prepare_node: Provisioning with 'remote-exec'...[0m[0m
[0m[1mmodule.actuator_daemon.terraform_data.prepare_node (remote-exec):[0m [0mConnecting to remote host via SSH...
[0m[1mmodule.actuator_daemon.terraform_data.prepare_node (remote-exec):[0m [0m  Host: 192.168.0.237
[0m[1mmodule.actuator_daemon.terraform_data.prepare_node (remote-exec):[0m [0m  User: pi2
[0m[1mmodule.actuator_daemon.terraform_data.prepare_node (remote-exec):[0m [0m  Password: false
[0m[1mmodule.actuator_daemon.terraform_data.prepare_node (remote-exec):[0m [0m  Private key: false
[0m[1mmodule.actuator_daemon.terraform_data.prepare_node (remote-exec):[0m [0m  Certificate: false
[0m[1mmodule.actuator_daemon.terraform_data.prepare_node (remote-exec):[0m [0m  SSH Agent: true
[0m[1mmodule.actuator_daemon.terraform_data.prepare_node (remote-exec):[0m [0m  Checking Host Key: false
[0m[1mmodule.actuator_daemon.terraform_data.prepare_node (remote-exec):[0m [0m  Target Platform: unix
[0m[1mmodule.publisher_daemon.terraform_data.prepare_node (remote-exec):[0m [0mConnected!
[0m[1mmodule.actuator_daemon.terraform_data.prepare_node (remote-exec):[0m [0mConnected!
[0m[1mmodule.publisher_daemon.terraform_data.prepare_node: Destruction complete after 0s[0m
[0m[1mmodule.actuator_daemon.terraform_data.prepare_node: Destruction complete after 0s[0m
[0m[1mmodule.soil_moisture_k3s.terraform_data.deploy_k3s_stack: Destroying... [id=242b00ff-5fac-7f4e-50c0-7025ebfe8604][0m[0m
[0m[1mmodule.soil_moisture_k3s.terraform_data.deploy_k3s_stack: Provisioning with 'local-exec'...[0m[0m
[0m[1mmodule.soil_moisture_k3s.terraform_data.deploy_k3s_stack (local-exec):[0m [0mExecuting: ["/bin/sh" "-c" "export KUBECONFIG=./kubeconfig.yaml && kubectl delete -f https://gist.githubusercontent.com/21mcme04/68c7edc0b0c5653ecd2e138683f3d568/raw/2021060c1bf05e8d5cd1599ad28d872b9a94fd6d/k3s-fogdeft-soil_moisture-manifest.yaml --ignore-not-found=true"]
[0m[1mmodule.soil_moisture_k3s.terraform_data.deploy_k3s_stack (local-exec):[0m [0mnamespace "fogdeft-stack" deleted
[0m[1mmodule.soil_moisture_k3s.terraform_data.deploy_k3s_stack (local-exec):[0m [0mdeployment.apps "mqtt-broker" deleted from fogdeft-stack namespace
[0m[1mmodule.soil_moisture_k3s.terraform_data.deploy_k3s_stack (local-exec):[0m [0mservice "mqtt-broker" deleted from fogdeft-stack namespace
[0m[1mmodule.soil_moisture_k3s.terraform_data.deploy_k3s_stack (local-exec):[0m [0mservice "mqtt-broker-external" deleted from fogdeft-stack namespace
[0m[1mmodule.soil_moisture_k3s.terraform_data.deploy_k3s_stack (local-exec):[0m [0mdeployment.apps "mqtt-subscriber" deleted from fogdeft-stack namespace
[0m[1mmodule.soil_moisture_k3s.terraform_data.deploy_k3s_stack (local-exec):[0m [0mpersistentvolumeclaim "mosquitto-data-pvc" deleted from fogdeft-stack namespace
[0m[1mmodule.soil_moisture_k3s.terraform_data.deploy_k3s_stack (local-exec):[0m [0mpersistentvolumeclaim "mosquitto-logs-pvc" deleted from fogdeft-stack namespace
[0m[1mmodule.soil_moisture_k3s.terraform_data.deploy_k3s_stack: Still destroying... [id=242b00ff-5fac-7f4e-50c0-7025ebfe8604, 00m10s elapsed][0m[0m
[0m[1mmodule.soil_moisture_k3s.terraform_data.deploy_k3s_stack: Still destroying... [id=242b00ff-5fac-7f4e-50c0-7025ebfe8604, 00m20s elapsed][0m[0m
[0m[1mmodule.soil_moisture_k3s.terraform_data.deploy_k3s_stack: Still destroying... [id=242b00ff-5fac-7f4e-50c0-7025ebfe8604, 00m30s elapsed][0m[0m
[0m[1mmodule.soil_moisture_k3s.terraform_data.deploy_k3s_stack: Still destroying... [id=242b00ff-5fac-7f4e-50c0-7025ebfe8604, 00m40s elapsed][0m[0m
[0m[1mmodule.soil_moisture_k3s.terraform_data.deploy_k3s_stack: Destruction complete after 50s[0m
[0m[1mmodule.infrastructure.terraform_data.k3s_workers["publisher_node"]: Destroying... [id=e7e58322-9ac1-2dd0-1cc2-34b45e8d518e][0m[0m
[0m[1mmodule.infrastructure.terraform_data.k3s_workers["actuator_node"]: Destroying... [id=91c658f0-dcf5-db4e-a8e3-966a14d46899][0m[0m
[0m[1mmodule.infrastructure.terraform_data.k3s_workers["actuator_node"]: Provisioning with 'remote-exec'...[0m[0m
[0m[1mmodule.infrastructure.terraform_data.k3s_workers["publisher_node"]: Provisioning with 'remote-exec'...[0m[0m
[0m[1mmodule.infrastructure.terraform_data.k3s_workers["actuator_node"] (remote-exec):[0m [0mConnecting to remote host via SSH...
[0m[1mmodule.infrastructure.terraform_data.k3s_workers["actuator_node"] (remote-exec):[0m [0m  Host: 192.168.0.237
[0m[1mmodule.infrastructure.terraform_data.k3s_workers["actuator_node"] (remote-exec):[0m [0m  User: pi2
[0m[1mmodule.infrastructure.terraform_data.k3s_workers["actuator_node"] (remote-exec):[0m [0m  Password: false
[0m[1mmodule.infrastructure.terraform_data.k3s_workers["actuator_node"] (remote-exec):[0m [0m  Private key: false
[0m[1mmodule.infrastructure.terraform_data.k3s_workers["actuator_node"] (remote-exec):[0m [0m  Certificate: false
[0m[1mmodule.infrastructure.terraform_data.k3s_workers["actuator_node"] (remote-exec):[0m [0m  SSH Agent: true
[0m[1mmodule.infrastructure.terraform_data.k3s_workers["actuator_node"] (remote-exec):[0m [0m  Checking Host Key: false
[0m[1mmodule.infrastructure.terraform_data.k3s_workers["actuator_node"] (remote-exec):[0m [0m  Target Platform: unix
[0m[1mmodule.infrastructure.terraform_data.k3s_workers["publisher_node"] (remote-exec):[0m [0mConnecting to remote host via SSH...
[0m[1mmodule.infrastructure.terraform_data.k3s_workers["publisher_node"] (remote-exec):[0m [0m  Host: 192.168.0.76
[0m[1mmodule.infrastructure.terraform_data.k3s_workers["publisher_node"] (remote-exec):[0m [0m  User: pi3
[0m[1mmodule.infrastructure.terraform_data.k3s_workers["publisher_node"] (remote-exec):[0m [0m  Password: false
[0m[1mmodule.infrastructure.terraform_data.k3s_workers["publisher_node"] (remote-exec):[0m [0m  Private key: false
[0m[1mmodule.infrastructure.terraform_data.k3s_workers["publisher_node"] (remote-exec):[0m [0m  Certificate: false
[0m[1mmodule.infrastructure.terraform_data.k3s_workers["publisher_node"] (remote-exec):[0m [0m  SSH Agent: true
[0m[1mmodule.infrastructure.terraform_data.k3s_workers["publisher_node"] (remote-exec):[0m [0m  Checking Host Key: false
[0m[1mmodule.infrastructure.terraform_data.k3s_workers["publisher_node"] (remote-exec):[0m [0m  Target Platform: unix
[0m[1mmodule.infrastructure.terraform_data.k3s_workers["publisher_node"] (remote-exec):[0m [0mConnected!
[0m[1mmodule.infrastructure.terraform_data.k3s_workers["actuator_node"] (remote-exec):[0m [0mConnected!
[0m[1mmodule.infrastructure.terraform_data.k3s_workers["publisher_node"] (remote-exec):[0m [0m+ id -u
[0m[1mmodule.infrastructure.terraform_data.k3s_workers["actuator_node"] (remote-exec):[0m [0m+ id -u
[0m[1mmodule.infrastructure.terraform_data.k3s_workers["actuator_node"] (remote-exec):[0m [0m+ [ 1000 -eq 0 ]
[0m[1mmodule.infrastructure.terraform_data.k3s_workers["actuator_node"] (remote-exec):[0m [0m+ exec sudo --preserve-env=K3S_DATA_DIR /usr/local/bin/k3s-agent-uninstall.sh
[0m[1mmodule.infrastructure.terraform_data.k3s_workers["publisher_node"] (remote-exec):[0m [0m+ [ 1000 -eq 0 ]
[0m[1mmodule.infrastructure.terraform_data.k3s_workers["publisher_node"] (remote-exec):[0m [0m+ exec sudo --preserve-env=K3S_DATA_DIR /usr/local/bin/k3s-agent-uninstall.sh
[0m[1mmodule.infrastructure.terraform_data.k3s_workers["actuator_node"] (remote-exec):[0m [0m+ id -u
[0m[1mmodule.infrastructure.terraform_data.k3s_workers["publisher_node"] (remote-exec):[0m [0m+ id -u
[0m[1mmodule.infrastructure.terraform_data.k3s_workers["publisher_node"] (remote-exec):[0m [0m+ [ 0 -eq 0 ]
[0m[1mmodule.infrastructure.terraform_data.k3s_workers["publisher_node"] (remote-exec):[0m [0m+ K3S_DATA_DIR=/var/lib/rancher/k3s
[0m[1mmodule.infrastructure.terraform_data.k3s_workers["publisher_node"] (remote-exec):[0m [0m+ /usr/local/bin/k3s-killall.sh
[0m[1mmodule.infrastructure.terraform_data.k3s_workers["actuator_node"] (remote-exec):[0m [0m+ [ 0 -eq 0 ]
[0m[1mmodule.infrastructure.terraform_data.k3s_workers["actuator_node"] (remote-exec):[0m [0m+ K3S_DATA_DIR=/var/lib/rancher/k3s
[0m[1mmodule.infrastructure.terraform_data.k3s_workers["actuator_node"] (remote-exec):[0m [0m+ /usr/local/bin/k3s-killall.sh
[0m[1mmodule.infrastructure.terraform_data.k3s_workers["actuator_node"] (remote-exec):[0m [0m+ [ -s /etc/systemd/system/k3s-agent.service ]
[0m[1mmodule.infrastructure.terraform_data.k3s_workers["actuator_node"] (remote-exec):[0m [0m+ basename /etc/systemd/system/k3s-agent.service
[0m[1mmodule.infrastructure.terraform_data.k3s_workers["publisher_node"] (remote-exec):[0m [0m+ [ -s /etc/systemd/system/k3s-agent.service ]
[0m[1mmodule.infrastructure.terraform_data.k3s_workers["publisher_node"] (remote-exec):[0m [0m+ basename /etc/systemd/system/k3s-agent.service
[0m[1mmodule.infrastructure.terraform_data.k3s_workers["actuator_node"] (remote-exec):[0m [0m+ systemctl stop k3s-agent.service
[0m[1mmodule.infrastructure.terraform_data.k3s_workers["publisher_node"] (remote-exec):[0m [0m+ systemctl stop k3s-agent.service
[0m[1mmodule.infrastructure.terraform_data.k3s_workers["actuator_node"] (remote-exec):[0m [0m+ [ -x /etc/init.d/k3s* ]
[0m[1mmodule.infrastructure.terraform_data.k3s_workers["publisher_node"] (remote-exec):[0m [0m+ [ -x /etc/init.d/k3s* ]
[0m[1mmodule.infrastructure.terraform_data.k3s_workers["actuator_node"] (remote-exec):[0m [0m+ killtree 711760
[0m[1mmodule.infrastructure.terraform_data.k3s_workers["publisher_node"] (remote-exec):[0m [0m+ killtree 675804 675836
[0m[1mmodule.infrastructure.terraform_data.k3s_workers["actuator_node"] (remote-exec):[0m [0m+ kill -9 711760 711784 712611 712679
[0m[1mmodule.infrastructure.terraform_data.k3s_workers["actuator_node"] (remote-exec):[0m [0m+ do_unmount_and_remove /run/k3s
[0m[1mmodule.infrastructure.terraform_data.k3s_workers["actuator_node"] (remote-exec):[0m [0m+ set +x
[0m[1mmodule.infrastructure.terraform_data.k3s_workers["actuator_node"] (remote-exec):[0m [0msh -c 'umount -f "$0" && rm -rf "$0"' /run/k3s/containerd/io.containerd.runtime.v2.task/k8s.io/d82eea19316c88c4a9ec2c8c705d88cd1393ae6de35a576f62051e1f028176d6/rootfs
[0m[1mmodule.infrastructure.terraform_data.k3s_workers["actuator_node"] (remote-exec):[0m [0msh -c 'umount -f "$0" && rm -rf "$0"' /run/k3s/containerd/io.containerd.runtime.v2.task/k8s.io/a5a3237e9d98ca67a5e0c4eba4b1ce233827f5aba461e8cf12ddff460d3e363b/rootfs
[0m[1mmodule.infrastructure.terraform_data.k3s_workers["actuator_node"] (remote-exec):[0m [0msh -c 'umount -f "$0" && rm -rf "$0"' /run/k3s/containerd/io.containerd.runtime.v2.task/k8s.io/714e5f8ad7364006a4f15b4a39f14960b268b1b213255bc03191b0c3a5508aa0/rootfs
[0m[1mmodule.infrastructure.terraform_data.k3s_workers["actuator_node"] (remote-exec):[0m [0msh -c 'umount -f "$0" && rm -rf "$0"' /run/k3s/containerd/io.containerd.grpc.v1.cri/sandboxes/d82eea19316c88c4a9ec2c8c705d88cd1393ae6de35a576f62051e1f028176d6/shm
[0m[1mmodule.infrastructure.terraform_data.k3s_workers["actuator_node"] (remote-exec):[0m [0m+ do_unmount_and_remove /var/lib/kubelet/pods
[0m[1mmodule.infrastructure.terraform_data.k3s_workers["actuator_node"] (remote-exec):[0m [0m+ set +x
[0m[1mmodule.infrastructure.terraform_data.k3s_workers["actuator_node"] (remote-exec):[0m [0m+ do_unmount_and_remove /var/lib/kubelet/plugins
[0m[1mmodule.infrastructure.terraform_data.k3s_workers["actuator_node"] (remote-exec):[0m [0m+ set +x
[0m[1mmodule.infrastructure.terraform_data.k3s_workers["actuator_node"] (remote-exec):[0m [0m+ do_unmount_and_remove /run/netns/cni-
[0m[1mmodule.infrastructure.terraform_data.k3s_workers["actuator_node"] (remote-exec):[0m [0m+ set +x
[0m[1mmodule.infrastructure.terraform_data.k3s_workers["actuator_node"] (remote-exec):[0m [0msh -c 'umount -f "$0" && rm -rf "$0"' /run/netns/cni-a1952b95-243e-acce-aacd-5766de7ddb6c
[0m[1mmodule.infrastructure.terraform_data.k3s_workers["publisher_node"] (remote-exec):[0m [0m+ kill -9 675804 675864 676516 675836 675890 676108 676151
[0m[1mmodule.infrastructure.terraform_data.k3s_workers["publisher_node"] (remote-exec):[0m [0m+ do_unmount_and_remove /run/k3s
[0m[1mmodule.infrastructure.terraform_data.k3s_workers["publisher_node"] (remote-exec):[0m [0m+ set +x
[0m[1mmodule.infrastructure.terraform_data.k3s_workers["publisher_node"] (remote-exec):[0m [0msh -c 'umount -f "$0" && rm -rf "$0"' /run/k3s/containerd/io.containerd.runtime.v2.task/k8s.io/ef1ba4467ed2fbe393fe061cc68fc34f4167276ba1285ff3570dafb3ebced6b5/rootfs
[0m[1mmodule.infrastructure.terraform_data.k3s_workers["actuator_node"] (remote-exec):[0m [0m+ ip netns show
[0m[1mmodule.infrastructure.terraform_data.k3s_workers["actuator_node"] (remote-exec):[0m [0m+ grep cni-
[0m[1mmodule.infrastructure.terraform_data.k3s_workers["actuator_node"] (remote-exec):[0m [0m+ xargs -r -t -n 1 ip netns delete
[0m[1mmodule.infrastructure.terraform_data.k3s_workers["actuator_node"] (remote-exec):[0m [0m+ remove_interfaces
[0m[1mmodule.infrastructure.terraform_data.k3s_workers["actuator_node"] (remote-exec):[0m [0m+ grep+ ip link show
[0m[1mmodule.infrastructure.terraform_data.k3s_workers["actuator_node"] (remote-exec):[0m [0m+  master cni0
[0m[1mmodule.infrastructure.terraform_data.k3s_workers["actuator_node"] (remote-exec):[0m [0mread ignore iface ignore
[0m[1mmodule.infrastructure.terraform_data.k3s_workers["actuator_node"] (remote-exec):[0m [0m+ ip link delete cni0
[0m[1mmodule.infrastructure.terraform_data.k3s_workers["publisher_node"] (remote-exec):[0m [0msh -c 'umount -f "$0" && rm -rf "$0"' /run/k3s/containerd/io.containerd.runtime.v2.task/k8s.io/dd1047252c5a563cfa1ba210b04219d0787368374cc836c961a71a78585d58bc/rootfs
[0m[1mmodule.infrastructure.terraform_data.k3s_workers["publisher_node"] (remote-exec):[0m [0msh -c 'umount -f "$0" && rm -rf "$0"' /run/k3s/containerd/io.containerd.runtime.v2.task/k8s.io/c1daf0d75426e714646cb69e408ffca0dec405325e551390cb35c31a2387c33b/rootfs
[0m[1mmodule.infrastructure.terraform_data.k3s_workers["publisher_node"] (remote-exec):[0m [0msh -c 'umount -f "$0" && rm -rf "$0"' /run/k3s/containerd/io.containerd.runtime.v2.task/k8s.io/8fb2abf63314eb3da6b4eb53d8c87fec64801ddd58d6112e5de06c301363abc2/rootfs
[0m[1mmodule.infrastructure.terraform_data.k3s_workers["publisher_node"] (remote-exec):[0m [0msh -c 'umount -f "$0" && rm -rf "$0"' /run/k3s/containerd/io.containerd.runtime.v2.task/k8s.io/3357daef04e5e99ad10a96353f88fe39801dc6f6d96cc62efd03cac9f01b11d7/rootfs
[0m[1mmodule.infrastructure.terraform_data.k3s_workers["publisher_node"] (remote-exec):[0m [0msh -c 'umount -f "$0" && rm -rf "$0"' /run/k3s/containerd/io.containerd.grpc.v1.cri/sandboxes/dd1047252c5a563cfa1ba210b04219d0787368374cc836c961a71a78585d58bc/shm
[0m[1mmodule.infrastructure.terraform_data.k3s_workers["publisher_node"] (remote-exec):[0m [0msh -c 'umount -f "$0" && rm -rf "$0"' /run/k3s/containerd/io.containerd.grpc.v1.cri/sandboxes/c1daf0d75426e714646cb69e408ffca0dec405325e551390cb35c31a2387c33b/shm
[0m[1mmodule.infrastructure.terraform_data.k3s_workers["actuator_node"] (remote-exec):[0m [0m+ ip link delete flannel.1
[0m[1mmodule.infrastructure.terraform_data.k3s_workers["publisher_node"] (remote-exec):[0m [0m+ do_unmount_and_remove /var/lib/kubelet/pods
[0m[1mmodule.infrastructure.terraform_data.k3s_workers["publisher_node"] (remote-exec):[0m [0m+ set +x
[0m[1mmodule.infrastructure.terraform_data.k3s_workers["publisher_node"] (remote-exec):[0m [0msh -c 'umount -f "$0" && rm -rf "$0"' /var/lib/kubelet/pods/88defa16-042d-4cf7-ad82-dcbc56917730/volumes/kubernetes.io~projected/kube-api-access-5gph8
[0m[1mmodule.infrastructure.terraform_data.k3s_workers["publisher_node"] (remote-exec):[0m [0m+ do_unmount_and_remove /var/lib/kubelet/plugins
[0m[1mmodule.infrastructure.terraform_data.k3s_workers["publisher_node"] (remote-exec):[0m [0m+ set +x
[0m[1mmodule.infrastructure.terraform_data.k3s_workers["publisher_node"] (remote-exec):[0m [0m+ do_unmount_and_remove /run/netns/cni-
[0m[1mmodule.infrastructure.terraform_data.k3s_workers["publisher_node"] (remote-exec):[0m [0m+ set +x
[0m[1mmodule.infrastructure.terraform_data.k3s_workers["publisher_node"] (remote-exec):[0m [0msh -c 'umount -f "$0" && rm -rf "$0"' /run/netns/cni-70158840-ac6b-fd70-1573-a101c4276a1c
[0m[1mmodule.infrastructure.terraform_data.k3s_workers["publisher_node"] (remote-exec):[0m [0msh -c 'umount -f "$0" && rm -rf "$0"' /run/netns/cni-6a24de13-b146-7ec1-80a3-4bb8ec79d839
[0m[1mmodule.infrastructure.terraform_data.k3s_workers["publisher_node"] (remote-exec):[0m [0m+ ip netns show
[0m[1mmodule.infrastructure.terraform_data.k3s_workers["publisher_node"] (remote-exec):[0m [0m+ grep cni-
[0m[1mmodule.infrastructure.terraform_data.k3s_workers["publisher_node"] (remote-exec):[0m [0m+ xargs -r -t -n 1 ip netns delete
[0m[1mmodule.infrastructure.terraform_data.k3s_workers["publisher_node"] (remote-exec):[0m [0m+ remove_interfaces
[0m[1mmodule.infrastructure.terraform_data.k3s_workers["publisher_node"] (remote-exec):[0m [0m+ ip link show
[0m[1mmodule.infrastructure.terraform_data.k3s_workers["publisher_node"] (remote-exec):[0m [0m+ grep master cni0
[0m[1mmodule.infrastructure.terraform_data.k3s_workers["publisher_node"] (remote-exec):[0m [0m+ read ignore iface ignore
[0m[1mmodule.infrastructure.terraform_data.k3s_workers["publisher_node"] (remote-exec):[0m [0m+ iface=veth895eed6e
[0m[1mmodule.infrastructure.terraform_data.k3s_workers["publisher_node"] (remote-exec):[0m [0m+ [ -z veth895eed6e ]
[0m[1mmodule.infrastructure.terraform_data.k3s_workers["publisher_node"] (remote-exec):[0m [0m+ ip link delete veth895eed6e
[0m[1mmodule.infrastructure.terraform_data.k3s_workers["actuator_node"] (remote-exec):[0m [0m+ ip link delete flannel-v6.1
[0m[1mmodule.infrastructure.terraform_data.k3s_workers["actuator_node"] (remote-exec):[0m [0mCannot find device "flannel-v6.1"
[0m[1mmodule.infrastructure.terraform_data.k3s_workers["actuator_node"] (remote-exec):[0m [0m+ ip link delete kube-ipvs0
[0m[1mmodule.infrastructure.terraform_data.k3s_workers["actuator_node"] (remote-exec):[0m [0mCannot find device "kube-ipvs0"
[0m[1mmodule.infrastructure.terraform_data.k3s_workers["actuator_node"] (remote-exec):[0m [0m+ ip link delete flannel-wg
[0m[1mmodule.infrastructure.terraform_data.k3s_workers["actuator_node"] (remote-exec):[0m [0mCannot find device "flannel-wg"
[0m[1mmodule.infrastructure.terraform_data.k3s_workers["actuator_node"] (remote-exec):[0m [0m+ ip link delete flannel-wg-v6
[0m[1mmodule.infrastructure.terraform_data.k3s_workers["publisher_node"] (remote-exec):[0m [0m+ read ignore iface ignore
[0m[1mmodule.infrastructure.terraform_data.k3s_workers["publisher_node"] (remote-exec):[0m [0m+ ip link delete cni0
[0m[1mmodule.infrastructure.terraform_data.k3s_workers["actuator_node"] (remote-exec):[0m [0mCannot find device "flannel-wg-v6"
[0m[1mmodule.infrastructure.terraform_data.k3s_workers["actuator_node"] (remote-exec):[0m [0m+ command -v tailscale
[0m[1mmodule.infrastructure.terraform_data.k3s_workers["actuator_node"] (remote-exec):[0m [0m+ [ -n  ]
[0m[1mmodule.infrastructure.terraform_data.k3s_workers["actuator_node"] (remote-exec):[0m [0m+ rm -rf /var/lib/cni/
[0m[1mmodule.infrastructure.terraform_data.k3s_workers["actuator_node"] (remote-exec):[0m [0m+ iptables-save
[0m[1mmodule.infrastructure.terraform_data.k3s_workers["actuator_node"] (remote-exec):[0m [0m+ grep -v KUBE-
[0m[1mmodule.infrastructure.terraform_data.k3s_workers["actuator_node"] (remote-exec):[0m [0m+ grep -v CNI-
[0m[1mmodule.infrastructure.terraform_data.k3s_workers["actuator_node"] (remote-exec):[0m [0m+ grep -iv flannel
[0m[1mmodule.infrastructure.terraform_data.k3s_workers["actuator_node"] (remote-exec):[0m [0m+ iptables-restore
[0m[1mmodule.infrastructure.terraform_data.k3s_workers["publisher_node"] (remote-exec):[0m [0m+ ip link delete flannel.1
[0m[1mmodule.infrastructure.terraform_data.k3s_workers["actuator_node"] (remote-exec):[0m [0m+ ip6tables-save
[0m[1mmodule.infrastructure.terraform_data.k3s_workers["actuator_node"] (remote-exec):[0m [0m+ grep -v KUBE-
[0m[1mmodule.infrastructure.terraform_data.k3s_workers["actuator_node"] (remote-exec):[0m [0m+ grep -v CNI-
[0m[1mmodule.infrastructure.terraform_data.k3s_workers["actuator_node"] (remote-exec):[0m [0m+ grep -iv flannel
[0m[1mmodule.infrastructure.terraform_data.k3s_workers["actuator_node"] (remote-exec):[0m [0m+ ip6tables-restore
[0m[1mmodule.infrastructure.terraform_data.k3s_workers["publisher_node"] (remote-exec):[0m [0m+ ip link delete flannel-v6.1
[0m[1mmodule.infrastructure.terraform_data.k3s_workers["publisher_node"] (remote-exec):[0m [0mCannot find device "flannel-v6.1"
[0m[1mmodule.infrastructure.terraform_data.k3s_workers["publisher_node"] (remote-exec):[0m [0m+ ip link delete kube-ipvs0
[0m[1mmodule.infrastructure.terraform_data.k3s_workers["publisher_node"] (remote-exec):[0m [0mCannot find device "kube-ipvs0"
[0m[1mmodule.infrastructure.terraform_data.k3s_workers["publisher_node"] (remote-exec):[0m [0m+ ip link delete flannel-wg
[0m[1mmodule.infrastructure.terraform_data.k3s_workers["publisher_node"] (remote-exec):[0m [0mCannot find device "flannel-wg"
[0m[1mmodule.infrastructure.terraform_data.k3s_workers["publisher_node"] (remote-exec):[0m [0m+ ip link delete flannel-wg-v6
[0m[1mmodule.infrastructure.terraform_data.k3s_workers["publisher_node"] (remote-exec):[0m [0mCannot find device "flannel-wg-v6"
[0m[1mmodule.infrastructure.terraform_data.k3s_workers["publisher_node"] (remote-exec):[0m [0m+ command -v tailscale
[0m[1mmodule.infrastructure.terraform_data.k3s_workers["publisher_node"] (remote-exec):[0m [0m+ [ -n  ]
[0m[1mmodule.infrastructure.terraform_data.k3s_workers["publisher_node"] (remote-exec):[0m [0m+ rm -rf /var/lib/cni/
[0m[1mmodule.infrastructure.terraform_data.k3s_workers["actuator_node"] (remote-exec):[0m [0m+ command -v systemctl
[0m[1mmodule.infrastructure.terraform_data.k3s_workers["actuator_node"] (remote-exec):[0m [0m/usr/bin/systemctl
[0m[1mmodule.infrastructure.terraform_data.k3s_workers["actuator_node"] (remote-exec):[0m [0m+ systemctl disable k3s-agent
[0m[1mmodule.infrastructure.terraform_data.k3s_workers["publisher_node"] (remote-exec):[0m [0m+ iptables-save
[0m[1mmodule.infrastructure.terraform_data.k3s_workers["publisher_node"] (remote-exec):[0m [0m+ grep -v KUBE-
[0m[1mmodule.infrastructure.terraform_data.k3s_workers["publisher_node"] (remote-exec):[0m [0m+ grep -v CNI-
[0m[1mmodule.infrastructure.terraform_data.k3s_workers["publisher_node"] (remote-exec):[0m [0m+ grep -iv flannel
[0m[1mmodule.infrastructure.terraform_data.k3s_workers["publisher_node"] (remote-exec):[0m [0m+ iptables-restore
[0m[1mmodule.infrastructure.terraform_data.k3s_workers["actuator_node"] (remote-exec):[0m [0mRemoved "/etc/systemd/system/multi-user.target.wants/k3s-agent.service".
[0m[1mmodule.infrastructure.terraform_data.k3s_workers["publisher_node"] (remote-exec):[0m [0m+ + ip6tables-save
[0m[1mmodule.infrastructure.terraform_data.k3s_workers["publisher_node"] (remote-exec):[0m [0m+ grep -v KUBE-grep -v CNI-
[0m[1mmodule.infrastructure.terraform_data.k3s_workers["publisher_node"] (remote-exec):[0m [0m+ ip6tables-restore
[0m[1mmodule.infrastructure.terraform_data.k3s_workers["publisher_node"] (remote-exec):[0m [0m+ grep -iv flannel

[0m[1mmodule.infrastructure.terraform_data.k3s_workers["publisher_node"] (remote-exec):[0m [0m+ command -v systemctl
[0m[1mmodule.infrastructure.terraform_data.k3s_workers["publisher_node"] (remote-exec):[0m [0m/usr/bin/systemctl
[0m[1mmodule.infrastructure.terraform_data.k3s_workers["publisher_node"] (remote-exec):[0m [0m+ systemctl disable k3s-agent
[0m[1mmodule.infrastructure.terraform_data.k3s_workers["publisher_node"] (remote-exec):[0m [0mRemoved "/etc/systemd/system/multi-user.target.wants/k3s-agent.service".
[0m[1mmodule.infrastructure.terraform_data.k3s_workers["actuator_node"] (remote-exec):[0m [0m+ systemctl reset-failed k3s-agent
[0m[1mmodule.infrastructure.terraform_data.k3s_workers["actuator_node"] (remote-exec):[0m [0m[0;1;31mFailed to reset failed state of unit k3s-agent.service: Unit k3s-agent.service not loaded.[0m
[0m[1mmodule.infrastructure.terraform_data.k3s_workers["actuator_node"] (remote-exec):[0m [0m+ systemctl daemon-reload
[0m[1mmodule.infrastructure.terraform_data.k3s_workers["publisher_node"] (remote-exec):[0m [0m+ systemctl reset-failed k3s-agent
[0m[1mmodule.infrastructure.terraform_data.k3s_workers["publisher_node"] (remote-exec):[0m [0m[0;1;31mFailed to reset failed state of unit k3s-agent.service: Unit k3s-agent.service not loaded.[0m
[0m[1mmodule.infrastructure.terraform_data.k3s_workers["publisher_node"] (remote-exec):[0m [0m+ systemctl daemon-reload
[0m[1mmodule.infrastructure.terraform_data.k3s_workers["actuator_node"] (remote-exec):[0m [0m+ command -v rc-update
[0m[1mmodule.infrastructure.terraform_data.k3s_workers["actuator_node"] (remote-exec):[0m [0m+ rm -f /etc/systemd/system/k3s-agent.service
[0m[1mmodule.infrastructure.terraform_data.k3s_workers["actuator_node"] (remote-exec):[0m [0m+ rm -f /etc/systemd/system/k3s-agent.service.env
[0m[1mmodule.infrastructure.terraform_data.k3s_workers["actuator_node"] (remote-exec):[0m [0m+ trap remove_uninstall EXIT
[0m[1mmodule.infrastructure.terraform_data.k3s_workers["actuator_node"] (remote-exec):[0m [0m+ [ -L /usr/local/bin/kubectl ]
[0m[1mmodule.infrastructure.terraform_data.k3s_workers["actuator_node"] (remote-exec):[0m [0m+ [ -L /usr/local/bin/crictl ]
[0m[1mmodule.infrastructure.terraform_data.k3s_workers["actuator_node"] (remote-exec):[0m [0m+ [ -L /usr/local/bin/ctr ]
[0m[1mmodule.infrastructure.terraform_data.k3s_workers["actuator_node"] (remote-exec):[0m [0m+ rm -rf /etc/rancher/k3s
[0m[1mmodule.infrastructure.terraform_data.k3s_workers["actuator_node"] (remote-exec):[0m [0m+ rm -rf /run/k3s
[0m[1mmodule.infrastructure.terraform_data.k3s_workers["actuator_node"] (remote-exec):[0m [0m+ rm -rf /run/flannel
[0m[1mmodule.infrastructure.terraform_data.k3s_workers["actuator_node"] (remote-exec):[0m [0m+ clean_mounted_directory /var/lib/rancher/k3s
[0m[1mmodule.infrastructure.terraform_data.k3s_workers["actuator_node"] (remote-exec):[0m [0m+ grep -q  /var/lib/rancher/k3s /proc/mounts
[0m[1mmodule.infrastructure.terraform_data.k3s_workers["actuator_node"] (remote-exec):[0m [0m+ rm -rf /var/lib/rancher/k3s
[0m[1mmodule.infrastructure.terraform_data.k3s_workers["publisher_node"] (remote-exec):[0m [0m+ command -v rc-update
[0m[1mmodule.infrastructure.terraform_data.k3s_workers["publisher_node"] (remote-exec):[0m [0m+ rm -f /etc/systemd/system/k3s-agent.service
[0m[1mmodule.infrastructure.terraform_data.k3s_workers["publisher_node"] (remote-exec):[0m [0m+ rm -f /etc/systemd/system/k3s-agent.service.env
[0m[1mmodule.infrastructure.terraform_data.k3s_workers["publisher_node"] (remote-exec):[0m [0m+ trap remove_uninstall EXIT
[0m[1mmodule.infrastructure.terraform_data.k3s_workers["publisher_node"] (remote-exec):[0m [0m+ [ -L /usr/local/bin/kubectl ]
[0m[1mmodule.infrastructure.terraform_data.k3s_workers["publisher_node"] (remote-exec):[0m [0m+ [ -L /usr/local/bin/crictl ]
[0m[1mmodule.infrastructure.terraform_data.k3s_workers["publisher_node"] (remote-exec):[0m [0m+ [ -L /usr/local/bin/ctr ]
[0m[1mmodule.infrastructure.terraform_data.k3s_workers["publisher_node"] (remote-exec):[0m [0m+ rm -rf /etc/rancher/k3s
[0m[1mmodule.infrastructure.terraform_data.k3s_workers["publisher_node"] (remote-exec):[0m [0m+ rm -rf /run/k3s
[0m[1mmodule.infrastructure.terraform_data.k3s_workers["publisher_node"] (remote-exec):[0m [0m+ rm -rf /run/flannel
[0m[1mmodule.infrastructure.terraform_data.k3s_workers["publisher_node"] (remote-exec):[0m [0m+ clean_mounted_directory /var/lib/rancher/k3s
[0m[1mmodule.infrastructure.terraform_data.k3s_workers["publisher_node"] (remote-exec):[0m [0m+ grep -q  /var/lib/rancher/k3s /proc/mounts
[0m[1mmodule.infrastructure.terraform_data.k3s_workers["publisher_node"] (remote-exec):[0m [0m+ rm -rf /var/lib/rancher/k3s
[0m[1mmodule.infrastructure.terraform_data.k3s_workers["publisher_node"] (remote-exec):[0m [0m+ return 0
[0m[1mmodule.infrastructure.terraform_data.k3s_workers["publisher_node"] (remote-exec):[0m [0m+ rm -rf /var/lib/kubelet
[0m[1mmodule.infrastructure.terraform_data.k3s_workers["publisher_node"] (remote-exec):[0m [0m+ rm -f /usr/local/bin/k3s
[0m[1mmodule.infrastructure.terraform_data.k3s_workers["publisher_node"] (remote-exec):[0m [0m+ rm -f /usr/local/bin/k3s-killall.sh
[0m[1mmodule.infrastructure.terraform_data.k3s_workers["publisher_node"] (remote-exec):[0m [0m+ rpm_ostree_uninstall_cmd=rpm-ostree uninstall --idempotent k3s-selinux
[0m[1mmodule.infrastructure.terraform_data.k3s_workers["publisher_node"] (remote-exec):[0m [0m+ [ -r /etc/os-release ]
[0m[1mmodule.infrastructure.terraform_data.k3s_workers["publisher_node"] (remote-exec):[0m [0m+ . /etc/os-release
[0m[1mmodule.infrastructure.terraform_data.k3s_workers["publisher_node"] (remote-exec):[0m [0m+ PRETTY_NAME=Debian GNU/Linux 12 (bookworm)
[0m[1mmodule.infrastructure.terraform_data.k3s_workers["publisher_node"] (remote-exec):[0m [0m+ NAME=Debian GNU/Linux
[0m[1mmodule.infrastructure.terraform_data.k3s_workers["publisher_node"] (remote-exec):[0m [0m+ VERSION_ID=12
[0m[1mmodule.infrastructure.terraform_data.k3s_workers["publisher_node"] (remote-exec):[0m [0m+ VERSION=12 (bookworm)
[0m[1mmodule.infrastructure.terraform_data.k3s_workers["publisher_node"] (remote-exec):[0m [0m+ VERSION_CODENAME=bookworm
[0m[1mmodule.infrastructure.terraform_data.k3s_workers["publisher_node"] (remote-exec):[0m [0m+ ID=debian
[0m[1mmodule.infrastructure.terraform_data.k3s_workers["publisher_node"] (remote-exec):[0m [0m+ HOME_URL=https://www.debian.org/
[0m[1mmodule.infrastructure.terraform_data.k3s_workers["publisher_node"] (remote-exec):[0m [0m+ SUPPORT_URL=https://www.debian.org/support
[0m[1mmodule.infrastructure.terraform_data.k3s_workers["publisher_node"] (remote-exec):[0m [0m+ BUG_REPORT_URL=https://bugs.debian.org/
[0m[1mmodule.infrastructure.terraform_data.k3s_workers["publisher_node"] (remote-exec):[0m [0m+ expr  : .*suse.*
[0m[1mmodule.infrastructure.terraform_data.k3s_workers["publisher_node"] (remote-exec):[0m [0m+ [ 0 != 0 ]
[0m[1mmodule.infrastructure.terraform_data.k3s_workers["publisher_node"] (remote-exec):[0m [0m+ [ debian = fedora ]
[0m[1mmodule.infrastructure.terraform_data.k3s_workers["publisher_node"] (remote-exec):[0m [0m+ expr  : .*fedora.*\|.*rhel.*\|.*centos.*
[0m[1mmodule.infrastructure.terraform_data.k3s_workers["publisher_node"] (remote-exec):[0m [0m+ [ 0 != 0 ]
[0m[1mmodule.infrastructure.terraform_data.k3s_workers["publisher_node"] (remote-exec):[0m [0m+ type rpm-ostree
[0m[1mmodule.infrastructure.terraform_data.k3s_workers["publisher_node"] (remote-exec):[0m [0m+ type zypper
[0m[1mmodule.infrastructure.terraform_data.k3s_workers["publisher_node"] (remote-exec):[0m [0m+ type yum
[0m[1mmodule.infrastructure.terraform_data.k3s_workers["publisher_node"] (remote-exec):[0m [0m+ [ -d /usr/share/selinux ]
[0m[1mmodule.infrastructure.terraform_data.k3s_workers["publisher_node"] (remote-exec):[0m [0m+ echo [WARN] Automatic removal of "k3s-selinux" package not possible, please remove it manually.
[0m[1mmodule.infrastructure.terraform_data.k3s_workers["publisher_node"] (remote-exec):[0m [0m[WARN] Automatic removal of "k3s-selinux" package not possible, please remove it manually.
[0m[1mmodule.infrastructure.terraform_data.k3s_workers["publisher_node"] (remote-exec):[0m [0m+ [ -d /etc/zypp/repos.d ]
[0m[1mmodule.infrastructure.terraform_data.k3s_workers["publisher_node"] (remote-exec):[0m [0m+ [ -d /etc/yum.repos.d ]
[0m[1mmodule.infrastructure.terraform_data.k3s_workers["publisher_node"] (remote-exec):[0m [0m+ remove_uninstall
[0m[1mmodule.infrastructure.terraform_data.k3s_workers["publisher_node"] (remote-exec):[0m [0m+ rm -f /usr/local/bin/k3s-agent-uninstall.sh
[0m[1mmodule.infrastructure.terraform_data.k3s_workers["publisher_node"]: Destruction complete after 2s[0m
[0m[1mmodule.infrastructure.terraform_data.k3s_workers["actuator_node"] (remote-exec):[0m [0m+ return 0
[0m[1mmodule.infrastructure.terraform_data.k3s_workers["actuator_node"] (remote-exec):[0m [0m+ rm -rf /var/lib/kubelet
[0m[1mmodule.infrastructure.terraform_data.k3s_workers["actuator_node"] (remote-exec):[0m [0m+ rm -f /usr/local/bin/k3s
[0m[1mmodule.infrastructure.terraform_data.k3s_workers["actuator_node"] (remote-exec):[0m [0m+ rm -f /usr/local/bin/k3s-killall.sh
[0m[1mmodule.infrastructure.terraform_data.k3s_workers["actuator_node"] (remote-exec):[0m [0m+ rpm_ostree_uninstall_cmd=rpm-ostree uninstall --idempotent k3s-selinux
[0m[1mmodule.infrastructure.terraform_data.k3s_workers["actuator_node"] (remote-exec):[0m [0m+ [ -r /etc/os-release ]
[0m[1mmodule.infrastructure.terraform_data.k3s_workers["actuator_node"] (remote-exec):[0m [0m+ . /etc/os-release
[0m[1mmodule.infrastructure.terraform_data.k3s_workers["actuator_node"] (remote-exec):[0m [0m+ PRETTY_NAME=Debian GNU/Linux 12 (bookworm)
[0m[1mmodule.infrastructure.terraform_data.k3s_workers["actuator_node"] (remote-exec):[0m [0m+ NAME=Debian GNU/Linux
[0m[1mmodule.infrastructure.terraform_data.k3s_workers["actuator_node"] (remote-exec):[0m [0m+ VERSION_ID=12
[0m[1mmodule.infrastructure.terraform_data.k3s_workers["actuator_node"] (remote-exec):[0m [0m+ VERSION=12 (bookworm)
[0m[1mmodule.infrastructure.terraform_data.k3s_workers["actuator_node"] (remote-exec):[0m [0m+ VERSION_CODENAME=bookworm
[0m[1mmodule.infrastructure.terraform_data.k3s_workers["actuator_node"] (remote-exec):[0m [0m+ ID=debian
[0m[1mmodule.infrastructure.terraform_data.k3s_workers["actuator_node"] (remote-exec):[0m [0m+ HOME_URL=https://www.debian.org/
[0m[1mmodule.infrastructure.terraform_data.k3s_workers["actuator_node"] (remote-exec):[0m [0m+ SUPPORT_URL=https://www.debian.org/support
[0m[1mmodule.infrastructure.terraform_data.k3s_workers["actuator_node"] (remote-exec):[0m [0m+ BUG_REPORT_URL=https://bugs.debian.org/
[0m[1mmodule.infrastructure.terraform_data.k3s_workers["actuator_node"] (remote-exec):[0m [0m+ expr  : .*suse.*
[0m[1mmodule.infrastructure.terraform_data.k3s_workers["actuator_node"] (remote-exec):[0m [0m+ [ 0 != 0 ]
[0m[1mmodule.infrastructure.terraform_data.k3s_workers["actuator_node"] (remote-exec):[0m [0m+ [ debian = fedora ]
[0m[1mmodule.infrastructure.terraform_data.k3s_workers["actuator_node"] (remote-exec):[0m [0m+ expr  : .*fedora.*\|.*rhel.*\|.*centos.*
[0m[1mmodule.infrastructure.terraform_data.k3s_workers["actuator_node"] (remote-exec):[0m [0m+ [ 0 != 0 ]
[0m[1mmodule.infrastructure.terraform_data.k3s_workers["actuator_node"] (remote-exec):[0m [0m+ type rpm-ostree
[0m[1mmodule.infrastructure.terraform_data.k3s_workers["actuator_node"] (remote-exec):[0m [0m+ type zypper
[0m[1mmodule.infrastructure.terraform_data.k3s_workers["actuator_node"] (remote-exec):[0m [0m+ type yum
[0m[1mmodule.infrastructure.terraform_data.k3s_workers["actuator_node"] (remote-exec):[0m [0m+ [ -d /usr/share/selinux ]
[0m[1mmodule.infrastructure.terraform_data.k3s_workers["actuator_node"] (remote-exec):[0m [0m+ echo [WARN] Automatic removal of "k3s-selinux" package not possible, please remove it manually.
[0m[1mmodule.infrastructure.terraform_data.k3s_workers["actuator_node"] (remote-exec):[0m [0m[WARN] Automatic removal of "k3s-selinux" package not possible, please remove it manually.
[0m[1mmodule.infrastructure.terraform_data.k3s_workers["actuator_node"] (remote-exec):[0m [0m+ [ -d /etc/zypp/repos.d ]
[0m[1mmodule.infrastructure.terraform_data.k3s_workers["actuator_node"] (remote-exec):[0m [0m+ [ -d /etc/yum.repos.d ]
[0m[1mmodule.infrastructure.terraform_data.k3s_workers["actuator_node"] (remote-exec):[0m [0m+ remove_uninstall
[0m[1mmodule.infrastructure.terraform_data.k3s_workers["actuator_node"] (remote-exec):[0m [0m+ rm -f /usr/local/bin/k3s-agent-uninstall.sh
[0m[1mmodule.infrastructure.terraform_data.k3s_workers["actuator_node"]: Destruction complete after 2s[0m
[0m[1mmodule.infrastructure.terraform_data.fetch_config: Destroying... [id=50c2456d-7c9f-1f6d-416d-4bb9ca236499][0m[0m
[0m[1mmodule.infrastructure.terraform_data.fetch_config: Provisioning with 'local-exec'...[0m[0m
[0m[1mmodule.infrastructure.terraform_data.fetch_config (local-exec):[0m [0mExecuting: ["/bin/sh" "-c" "rm -f ./kubeconfig.yaml ./k3s_token.txt"]
[0m[1mmodule.infrastructure.terraform_data.fetch_config: Destruction complete after 0s[0m
[0m[1mmodule.infrastructure.terraform_data.k3s_master: Destroying... [id=ef23f894-37a5-8e62-38ad-48a4ac4c2954][0m[0m
[0m[1mmodule.infrastructure.terraform_data.k3s_master: Provisioning with 'remote-exec'...[0m[0m
[0m[1mmodule.infrastructure.terraform_data.k3s_master (remote-exec):[0m [0mConnecting to remote host via SSH...
[0m[1mmodule.infrastructure.terraform_data.k3s_master (remote-exec):[0m [0m  Host: 192.168.0.204
[0m[1mmodule.infrastructure.terraform_data.k3s_master (remote-exec):[0m [0m  User: pi1
[0m[1mmodule.infrastructure.terraform_data.k3s_master (remote-exec):[0m [0m  Password: false
[0m[1mmodule.infrastructure.terraform_data.k3s_master (remote-exec):[0m [0m  Private key: false
[0m[1mmodule.infrastructure.terraform_data.k3s_master (remote-exec):[0m [0m  Certificate: false
[0m[1mmodule.infrastructure.terraform_data.k3s_master (remote-exec):[0m [0m  SSH Agent: true
[0m[1mmodule.infrastructure.terraform_data.k3s_master (remote-exec):[0m [0m  Checking Host Key: false
[0m[1mmodule.infrastructure.terraform_data.k3s_master (remote-exec):[0m [0m  Target Platform: unix
[0m[1mmodule.infrastructure.terraform_data.k3s_master (remote-exec):[0m [0mConnected!
[0m[1mmodule.infrastructure.terraform_data.k3s_master (remote-exec):[0m [0m+ id -u
[0m[1mmodule.infrastructure.terraform_data.k3s_master (remote-exec):[0m [0m+ [ 1000 -eq 0 ]
[0m[1mmodule.infrastructure.terraform_data.k3s_master (remote-exec):[0m [0m+ exec sudo --preserve-env=K3S_DATA_DIR /usr/local/bin/k3s-uninstall.sh
[0m[1mmodule.infrastructure.terraform_data.k3s_master (remote-exec):[0m [0m+ id -u
[0m[1mmodule.infrastructure.terraform_data.k3s_master (remote-exec):[0m [0m+ [ 0 -eq 0 ]
[0m[1mmodule.infrastructure.terraform_data.k3s_master (remote-exec):[0m [0m+ K3S_DATA_DIR=/var/lib/rancher/k3s
[0m[1mmodule.infrastructure.terraform_data.k3s_master (remote-exec):[0m [0m+ /usr/local/bin/k3s-killall.sh
[0m[1mmodule.infrastructure.terraform_data.k3s_master (remote-exec):[0m [0m+ [ -s /etc/systemd/system/k3s.service ]
[0m[1mmodule.infrastructure.terraform_data.k3s_master (remote-exec):[0m [0m+ basename /etc/systemd/system/k3s.service
[0m[1mmodule.infrastructure.terraform_data.k3s_master (remote-exec):[0m [0m+ systemctl stop k3s.service
[0m[1mmodule.infrastructure.terraform_data.k3s_master (remote-exec):[0m [0m+ [ -x /etc/init.d/k3s* ]
[0m[1mmodule.infrastructure.terraform_data.k3s_master (remote-exec):[0m [0m+ killtree 673782 673822 673886 675605
[0m[1mmodule.infrastructure.terraform_data.k3s_master (remote-exec):[0m [0m+ kill -9 673782 673820 675116 673822 673906 674620 673886 673952 674641 675605 675634 675889 675935
[0m[1mmodule.infrastructure.terraform_data.k3s_master (remote-exec):[0m [0m+ do_unmount_and_remove /run/k3s
[0m[1mmodule.infrastructure.terraform_data.k3s_master (remote-exec):[0m [0m+ set +x
[0m[1mmodule.infrastructure.terraform_data.k3s_master (remote-exec):[0m [0msh -c 'umount -f "$0" && rm -rf "$0"' /run/k3s/containerd/io.containerd.runtime.v2.task/k8s.io/f4d7f0529992e8a15dc966f82471cc969a433439edab484f5b757b0c1a9bab5f/rootfs
[0m[1mmodule.infrastructure.terraform_data.k3s_master (remote-exec):[0m [0msh -c 'umount -f "$0" && rm -rf "$0"' /run/k3s/containerd/io.containerd.runtime.v2.task/k8s.io/e5a2646db37e02d8dd95765981af152a496903c98c5f8977a0461e314b2bffdf/rootfs
[0m[1mmodule.infrastructure.terraform_data.k3s_master (remote-exec):[0m [0msh -c 'umount -f "$0" && rm -rf "$0"' /run/k3s/containerd/io.containerd.runtime.v2.task/k8s.io/cad4fb8b15b4756c0dc298195879103372bd66e10c2ddac81f95fc344c83857f/rootfs
[0m[1mmodule.infrastructure.terraform_data.k3s_master (remote-exec):[0m [0msh -c 'umount -f "$0" && rm -rf "$0"' /run/k3s/containerd/io.containerd.runtime.v2.task/k8s.io/c3ebb08e691f3f6f27889f7a4ddf55aff006080505da7b8f56273ac2d7579c69/rootfs
[0m[1mmodule.infrastructure.terraform_data.k3s_master (remote-exec):[0m [0msh -c 'umount -f "$0" && rm -rf "$0"' /run/k3s/containerd/io.containerd.runtime.v2.task/k8s.io/aff1973d1eb91c809d757782e2ba954d26ecf05e969142f6733296053a619862/rootfs
[0m[1mmodule.infrastructure.terraform_data.k3s_master (remote-exec):[0m [0msh -c 'umount -f "$0" && rm -rf "$0"' /run/k3s/containerd/io.containerd.runtime.v2.task/k8s.io/9e84570f20074deefbae8cbd1200c358540c62d534d1ac062a0656b87a932748/rootfs
[0m[1mmodule.infrastructure.terraform_data.k3s_master (remote-exec):[0m [0msh -c 'umount -f "$0" && rm -rf "$0"' /run/k3s/containerd/io.containerd.runtime.v2.task/k8s.io/7f006b77b4cc2783995705e4ec22ebb162262e9e6d66a232aadcd8f705909aae/rootfs
[0m[1mmodule.infrastructure.terraform_data.k3s_master (remote-exec):[0m [0msh -c 'umount -f "$0" && rm -rf "$0"' /run/k3s/containerd/io.containerd.runtime.v2.task/k8s.io/1c2dfba7d93e8f633f6876147c7721d45e366a623b3ced675d93939c5641b317/rootfs
[0m[1mmodule.infrastructure.terraform_data.k3s_master (remote-exec):[0m [0msh -c 'umount -f "$0" && rm -rf "$0"' /run/k3s/containerd/io.containerd.runtime.v2.task/k8s.io/06b4133cfa65a8c6edf443771c26947c4220c323c27950b54fa880c909789756/rootfs
[0m[1mmodule.infrastructure.terraform_data.k3s_master (remote-exec):[0m [0msh -c 'umount -f "$0" && rm -rf "$0"' /run/k3s/containerd/io.containerd.grpc.v1.cri/sandboxes/9e84570f20074deefbae8cbd1200c358540c62d534d1ac062a0656b87a932748/shm
[0m[1mmodule.infrastructure.terraform_data.k3s_master (remote-exec):[0m [0msh -c 'umount -f "$0" && rm -rf "$0"' /run/k3s/containerd/io.containerd.grpc.v1.cri/sandboxes/7f006b77b4cc2783995705e4ec22ebb162262e9e6d66a232aadcd8f705909aae/shm
[0m[1mmodule.infrastructure.terraform_data.k3s_master (remote-exec):[0m [0msh -c 'umount -f "$0" && rm -rf "$0"' /run/k3s/containerd/io.containerd.grpc.v1.cri/sandboxes/1c2dfba7d93e8f633f6876147c7721d45e366a623b3ced675d93939c5641b317/shm
[0m[1mmodule.infrastructure.terraform_data.k3s_master (remote-exec):[0m [0msh -c 'umount -f "$0" && rm -rf "$0"' /run/k3s/containerd/io.containerd.grpc.v1.cri/sandboxes/06b4133cfa65a8c6edf443771c26947c4220c323c27950b54fa880c909789756/shm
[0m[1mmodule.infrastructure.terraform_data.k3s_master (remote-exec):[0m [0m+ do_unmount_and_remove /var/lib/kubelet/pods
[0m[1mmodule.infrastructure.terraform_data.k3s_master (remote-exec):[0m [0m+ set +x
[0m[1mmodule.infrastructure.terraform_data.k3s_master (remote-exec):[0m [0msh -c 'umount -f "$0" && rm -rf "$0"' /var/lib/kubelet/pods/e9be89d1-d849-4192-aa28-e35fe3e21ab2/volumes/kubernetes.io~projected/kube-api-access-g8mt7
[0m[1mmodule.infrastructure.terraform_data.k3s_master (remote-exec):[0m [0msh -c 'umount -f "$0" && rm -rf "$0"' /var/lib/kubelet/pods/84d4348c-30ad-4a78-9124-2c1725dd2b34/volumes/kubernetes.io~projected/kube-api-access-6wzql
[0m[1mmodule.infrastructure.terraform_data.k3s_master (remote-exec):[0m [0msh -c 'umount -f "$0" && rm -rf "$0"' /var/lib/kubelet/pods/7cecb379-b66c-44af-8505-af45da38f5f3/volumes/kubernetes.io~projected/kube-api-access-fbt7h
[0m[1mmodule.infrastructure.terraform_data.k3s_master (remote-exec):[0m [0m+ do_unmount_and_remove /var/lib/kubelet/plugins
[0m[1mmodule.infrastructure.terraform_data.k3s_master (remote-exec):[0m [0m+ set +x
[0m[1mmodule.infrastructure.terraform_data.k3s_master (remote-exec):[0m [0m+ do_unmount_and_remove /run/netns/cni-
[0m[1mmodule.infrastructure.terraform_data.k3s_master (remote-exec):[0m [0m+ set +x
[0m[1mmodule.infrastructure.terraform_data.k3s_master (remote-exec):[0m [0msh -c 'umount -f "$0" && rm -rf "$0"' /run/netns/cni-ec2ae520-cef5-7149-4f11-653e5b2cdc08
[0m[1mmodule.infrastructure.terraform_data.k3s_master (remote-exec):[0m [0msh -c 'umount -f "$0" && rm -rf "$0"' /run/netns/cni-95dbc99d-c4ea-f282-0b73-51c54d71d103
[0m[1mmodule.infrastructure.terraform_data.k3s_master (remote-exec):[0m [0msh -c 'umount -f "$0" && rm -rf "$0"' /run/netns/cni-2a2eaae7-f1d9-e23e-f527-75eab1024413
[0m[1mmodule.infrastructure.terraform_data.k3s_master (remote-exec):[0m [0msh -c 'umount -f "$0" && rm -rf "$0"' /run/netns/cni-0f789aa5-f054-3422-a112-ee6a32c785ba
[0m[1mmodule.infrastructure.terraform_data.k3s_master (remote-exec):[0m [0m+ ip netns show
[0m[1mmodule.infrastructure.terraform_data.k3s_master (remote-exec):[0m [0m+ + grep cni-
[0m[1mmodule.infrastructure.terraform_data.k3s_master (remote-exec):[0m [0mxargs -r -t -n 1 ip netns delete
[0m[1mmodule.infrastructure.terraform_data.k3s_master (remote-exec):[0m [0m+ remove_interfaces
[0m[1mmodule.infrastructure.terraform_data.k3s_master (remote-exec):[0m [0m+ ip link show
[0m[1mmodule.infrastructure.terraform_data.k3s_master (remote-exec):[0m [0m+ grep master cni0
[0m[1mmodule.infrastructure.terraform_data.k3s_master (remote-exec):[0m [0m+ read ignore iface ignore
[0m[1mmodule.infrastructure.terraform_data.k3s_master (remote-exec):[0m [0m+ iface=veth9d198978
[0m[1mmodule.infrastructure.terraform_data.k3s_master (remote-exec):[0m [0m+ [ -z veth9d198978 ]
[0m[1mmodule.infrastructure.terraform_data.k3s_master (remote-exec):[0m [0m+ ip link delete veth9d198978
[0m[1mmodule.infrastructure.terraform_data.k3s_master (remote-exec):[0m [0m+ read ignore iface ignore
[0m[1mmodule.infrastructure.terraform_data.k3s_master (remote-exec):[0m [0m+ iface=veth44738ebe
[0m[1mmodule.infrastructure.terraform_data.k3s_master (remote-exec):[0m [0m+ [ -z veth44738ebe ]
[0m[1mmodule.infrastructure.terraform_data.k3s_master (remote-exec):[0m [0m+ ip link delete veth44738ebe
[0m[1mmodule.infrastructure.terraform_data.k3s_master (remote-exec):[0m [0mCannot find device "veth44738ebe"
[0m[1mmodule.infrastructure.terraform_data.k3s_master (remote-exec):[0m [0m+ read ignore iface ignore
[0m[1mmodule.infrastructure.terraform_data.k3s_master (remote-exec):[0m [0m+ iface=vethc5840de5
[0m[1mmodule.infrastructure.terraform_data.k3s_master (remote-exec):[0m [0m+ [ -z vethc5840de5 ]
[0m[1mmodule.infrastructure.terraform_data.k3s_master (remote-exec):[0m [0m+ ip link delete vethc5840de5
[0m[1mmodule.infrastructure.terraform_data.k3s_master (remote-exec):[0m [0mCannot find device "vethc5840de5"
[0m[1mmodule.infrastructure.terraform_data.k3s_master (remote-exec):[0m [0m+ read ignore iface ignore
[0m[1mmodule.infrastructure.terraform_data.k3s_master (remote-exec):[0m [0m+ ip link delete cni0
[0m[1mmodule.infrastructure.terraform_data.k3s_master (remote-exec):[0m [0m+ ip link delete flannel.1
[0m[1mmodule.infrastructure.terraform_data.k3s_master (remote-exec):[0m [0m+ ip link delete flannel-v6.1
[0m[1mmodule.infrastructure.terraform_data.k3s_master (remote-exec):[0m [0mCannot find device "flannel-v6.1"
[0m[1mmodule.infrastructure.terraform_data.k3s_master (remote-exec):[0m [0m+ ip link delete kube-ipvs0
[0m[1mmodule.infrastructure.terraform_data.k3s_master (remote-exec):[0m [0mCannot find device "kube-ipvs0"
[0m[1mmodule.infrastructure.terraform_data.k3s_master (remote-exec):[0m [0m+ ip link delete flannel-wg
[0m[1mmodule.infrastructure.terraform_data.k3s_master (remote-exec):[0m [0mCannot find device "flannel-wg"
[0m[1mmodule.infrastructure.terraform_data.k3s_master (remote-exec):[0m [0m+ ip link delete flannel-wg-v6
[0m[1mmodule.infrastructure.terraform_data.k3s_master (remote-exec):[0m [0mCannot find device "flannel-wg-v6"
[0m[1mmodule.infrastructure.terraform_data.k3s_master (remote-exec):[0m [0m+ command -v tailscale
[0m[1mmodule.infrastructure.terraform_data.k3s_master (remote-exec):[0m [0m+ [ -n  ]
[0m[1mmodule.infrastructure.terraform_data.k3s_master (remote-exec):[0m [0m+ rm -rf /var/lib/cni/
[0m[1mmodule.infrastructure.terraform_data.k3s_master (remote-exec):[0m [0m+ iptables-save
[0m[1mmodule.infrastructure.terraform_data.k3s_master (remote-exec):[0m [0m+ grep+ grep+ grep+ iptables-restore -v KUBE- -v -iv flannel

[0m[1mmodule.infrastructure.terraform_data.k3s_master (remote-exec):[0m [0m CNI-

[0m[1mmodule.infrastructure.terraform_data.k3s_master (remote-exec):[0m [0m+ ip6tables-save
[0m[1mmodule.infrastructure.terraform_data.k3s_master (remote-exec):[0m [0m+ grep -v KUBE-
[0m[1mmodule.infrastructure.terraform_data.k3s_master (remote-exec):[0m [0m+ + grep -vgrep CNI- -iv
[0m[1mmodule.infrastructure.terraform_data.k3s_master (remote-exec):[0m [0m flannel
[0m[1mmodule.infrastructure.terraform_data.k3s_master (remote-exec):[0m [0m+ ip6tables-restore
[0m[1mmodule.infrastructure.terraform_data.k3s_master (remote-exec):[0m [0m+ command -v systemctl
[0m[1mmodule.infrastructure.terraform_data.k3s_master (remote-exec):[0m [0m/usr/bin/systemctl
[0m[1mmodule.infrastructure.terraform_data.k3s_master (remote-exec):[0m [0m+ systemctl disable k3s
[0m[1mmodule.infrastructure.terraform_data.k3s_master (remote-exec):[0m [0mRemoved "/etc/systemd/system/multi-user.target.wants/k3s.service".
[0m[1mmodule.infrastructure.terraform_data.k3s_master (remote-exec):[0m [0m+ systemctl reset-failed k3s
[0m[1mmodule.infrastructure.terraform_data.k3s_master (remote-exec):[0m [0m[0;1;31mFailed to reset failed state of unit k3s.service: Unit k3s.service not loaded.[0m
[0m[1mmodule.infrastructure.terraform_data.k3s_master (remote-exec):[0m [0m+ systemctl daemon-reload
[0m[1mmodule.infrastructure.terraform_data.k3s_master (remote-exec):[0m [0m+ command -v rc-update
[0m[1mmodule.infrastructure.terraform_data.k3s_master (remote-exec):[0m [0m+ rm -f /etc/systemd/system/k3s.service
[0m[1mmodule.infrastructure.terraform_data.k3s_master (remote-exec):[0m [0m+ rm -f /etc/systemd/system/k3s.service.env
[0m[1mmodule.infrastructure.terraform_data.k3s_master (remote-exec):[0m [0m+ trap remove_uninstall EXIT
[0m[1mmodule.infrastructure.terraform_data.k3s_master (remote-exec):[0m [0m+ [ -L /usr/local/bin/kubectl ]
[0m[1mmodule.infrastructure.terraform_data.k3s_master (remote-exec):[0m [0m+ [ -L /usr/local/bin/crictl ]
[0m[1mmodule.infrastructure.terraform_data.k3s_master (remote-exec):[0m [0m+ [ -L /usr/local/bin/ctr ]
[0m[1mmodule.infrastructure.terraform_data.k3s_master (remote-exec):[0m [0m+ rm -rf /etc/rancher/k3s
[0m[1mmodule.infrastructure.terraform_data.k3s_master (remote-exec):[0m [0m+ rm -rf /run/k3s
[0m[1mmodule.infrastructure.terraform_data.k3s_master (remote-exec):[0m [0m+ rm -rf /run/flannel
[0m[1mmodule.infrastructure.terraform_data.k3s_master (remote-exec):[0m [0m+ clean_mounted_directory /var/lib/rancher/k3s
[0m[1mmodule.infrastructure.terraform_data.k3s_master (remote-exec):[0m [0m+ grep -q  /var/lib/rancher/k3s /proc/mounts
[0m[1mmodule.infrastructure.terraform_data.k3s_master (remote-exec):[0m [0m+ rm -rf /var/lib/rancher/k3s
[0m[1mmodule.infrastructure.terraform_data.k3s_master (remote-exec):[0m [0m+ return 0
[0m[1mmodule.infrastructure.terraform_data.k3s_master (remote-exec):[0m [0m+ rm -rf /var/lib/kubelet
[0m[1mmodule.infrastructure.terraform_data.k3s_master (remote-exec):[0m [0m+ rm -f /usr/local/bin/k3s
[0m[1mmodule.infrastructure.terraform_data.k3s_master (remote-exec):[0m [0m+ rm -f /usr/local/bin/k3s-killall.sh
[0m[1mmodule.infrastructure.terraform_data.k3s_master (remote-exec):[0m [0m+ rpm_ostree_uninstall_cmd=rpm-ostree uninstall --idempotent k3s-selinux
[0m[1mmodule.infrastructure.terraform_data.k3s_master (remote-exec):[0m [0m+ [ -r /etc/os-release ]
[0m[1mmodule.infrastructure.terraform_data.k3s_master (remote-exec):[0m [0m+ . /etc/os-release
[0m[1mmodule.infrastructure.terraform_data.k3s_master (remote-exec):[0m [0m+ PRETTY_NAME=Debian GNU/Linux 12 (bookworm)
[0m[1mmodule.infrastructure.terraform_data.k3s_master (remote-exec):[0m [0m+ NAME=Debian GNU/Linux
[0m[1mmodule.infrastructure.terraform_data.k3s_master (remote-exec):[0m [0m+ VERSION_ID=12
[0m[1mmodule.infrastructure.terraform_data.k3s_master (remote-exec):[0m [0m+ VERSION=12 (bookworm)
[0m[1mmodule.infrastructure.terraform_data.k3s_master (remote-exec):[0m [0m+ VERSION_CODENAME=bookworm
[0m[1mmodule.infrastructure.terraform_data.k3s_master (remote-exec):[0m [0m+ ID=debian
[0m[1mmodule.infrastructure.terraform_data.k3s_master (remote-exec):[0m [0m+ HOME_URL=https://www.debian.org/
[0m[1mmodule.infrastructure.terraform_data.k3s_master (remote-exec):[0m [0m+ SUPPORT_URL=https://www.debian.org/support
[0m[1mmodule.infrastructure.terraform_data.k3s_master (remote-exec):[0m [0m+ BUG_REPORT_URL=https://bugs.debian.org/
[0m[1mmodule.infrastructure.terraform_data.k3s_master (remote-exec):[0m [0m+ expr  : .*suse.*
[0m[1mmodule.infrastructure.terraform_data.k3s_master (remote-exec):[0m [0m+ [ 0 != 0 ]
[0m[1mmodule.infrastructure.terraform_data.k3s_master (remote-exec):[0m [0m+ [ debian = fedora ]
[0m[1mmodule.infrastructure.terraform_data.k3s_master (remote-exec):[0m [0m+ expr  : .*fedora.*\|.*rhel.*\|.*centos.*
[0m[1mmodule.infrastructure.terraform_data.k3s_master (remote-exec):[0m [0m+ [ 0 != 0 ]
[0m[1mmodule.infrastructure.terraform_data.k3s_master (remote-exec):[0m [0m+ type rpm-ostree
[0m[1mmodule.infrastructure.terraform_data.k3s_master (remote-exec):[0m [0m+ type zypper
[0m[1mmodule.infrastructure.terraform_data.k3s_master (remote-exec):[0m [0m+ type yum
[0m[1mmodule.infrastructure.terraform_data.k3s_master (remote-exec):[0m [0m+ [ -d /usr/share/selinux ]
[0m[1mmodule.infrastructure.terraform_data.k3s_master (remote-exec):[0m [0m+ echo [WARN] Automatic removal of "k3s-selinux" package not possible, please remove it manually.
[0m[1mmodule.infrastructure.terraform_data.k3s_master (remote-exec):[0m [0m[WARN] Automatic removal of "k3s-selinux" package not possible, please remove it manually.
[0m[1mmodule.infrastructure.terraform_data.k3s_master (remote-exec):[0m [0m+ [ -d /etc/zypp/repos.d ]
[0m[1mmodule.infrastructure.terraform_data.k3s_master (remote-exec):[0m [0m+ [ -d /etc/yum.repos.d ]
[0m[1mmodule.infrastructure.terraform_data.k3s_master (remote-exec):[0m [0m+ remove_uninstall
[0m[1mmodule.infrastructure.terraform_data.k3s_master (remote-exec):[0m [0m+ rm -f /usr/local/bin/k3s-uninstall.sh
[0m[1mmodule.infrastructure.terraform_data.k3s_master: Destruction complete after 6s[0m
[0m[1m[32m
Destroy complete! Resources: 9 destroyed.[0m

real	1m1.617s
user	0m0.595s
sys	0m0.222s
