[33m╷[0m[0m
[33m│[0m [0m[1m[33mWarning: [0m[0m[1mProvider development overrides are in effect[0m
[33m│[0m [0m
[33m│[0m [0m[0mThe following provider development overrides are set in the CLI
[33m│[0m [0mconfiguration:
[33m│[0m [0m - saathvikk/fog in /home/microstack/paper-2/terraform-provider-fog
[33m│[0m [0m
[33m│[0m [0mThe behavior may therefore not match any released version of the provider
[33m│[0m [0mand applying changes may cause the state to become incompatible with
[33m│[0m [0mpublished releases.
[33m╵[0m[0m
[0m[1mmodule.infrastructure.terraform_data.k3s_master: Refreshing state... [id=d694a040-731e-d80e-3b3e-858e529bfa79][0m
[0m[1mmodule.infrastructure.terraform_data.fetch_config: Refreshing state... [id=42ad6cfe-6827-6011-92d0-c8b51b00790f][0m
[0m[1mmodule.infrastructure.data.local_file.k3s_token: Reading...[0m[0m
[0m[1mmodule.infrastructure.data.local_file.k3s_token: Read complete after 0s [id=3fd3a7031f5b79d32ca048687d24c1cf7de09089][0m
[0m[1mmodule.infrastructure.terraform_data.k3s_workers["actuator_node"]: Refreshing state... [id=f9987ecd-d39b-af68-72c6-43f9029b1096][0m
[0m[1mmodule.infrastructure.terraform_data.k3s_workers["publisher_node"]: Refreshing state... [id=4bb9b246-6367-f51b-4dfb-cddae3c76c52][0m
[0m[1mmodule.soil_moisture_k3s.terraform_data.deploy_k3s_stack: Refreshing state... [id=b11a146d-33b6-4093-7b4b-df199734a460][0m
[0m[1mmodule.publisher_daemon.terraform_data.prepare_node: Refreshing state... [id=dd2ffe32-1876-613e-1385-ddff4a9b6cac][0m
[0m[1mmodule.actuator_daemon.terraform_data.prepare_node: Refreshing state... [id=f310abcd-e77d-8e80-5483-54bbef9bcfc0][0m
[0m[1mmodule.actuator_daemon.fog_systemd_service.daemon: Refreshing state... [id=192.168.0.237::actuator_service][0m
[0m[1mmodule.publisher_daemon.fog_systemd_service.daemon: Refreshing state... [id=192.168.0.76::mqtt_publisher_service][0m

Terraform used the selected providers to generate the following execution
plan. Resource actions are indicated with the following symbols:
  [31m-[0m destroy[0m

Terraform will perform the following actions:

[1m  # module.actuator_daemon.fog_systemd_service.daemon[0m will be [1m[31mdestroyed[0m
[0m  [31m-[0m[0m resource "fog_systemd_service" "daemon" {
      [31m-[0m[0m environment    = {
          [31m-[0m[0m "MQTT_BROKER" = "192.168.0.204"
          [31m-[0m[0m "MQTT_PORT"   = "31883"
        } [90m-> null[0m[0m
      [31m-[0m[0m exec_start     = "/usr/bin/python3 /home/pi2/services/actuator_service.py" [90m-> null[0m[0m
      [31m-[0m[0m id             = "192.168.0.237::actuator_service" [90m-> null[0m[0m
      [31m-[0m[0m node_address   = "192.168.0.237" [90m-> null[0m[0m
      [31m-[0m[0m node_user      = "pi2" [90m-> null[0m[0m
      [31m-[0m[0m service_name   = "actuator_service" [90m-> null[0m[0m
      [31m-[0m[0m unit_file_hash = "9b32429e2c549c7068b16204035f9a1bc6501bce93998c1a6f12d9277d77bec3" [90m-> null[0m[0m
    }

[1m  # module.actuator_daemon.terraform_data.prepare_node[0m will be [1m[31mdestroyed[0m
[0m  [31m-[0m[0m resource "terraform_data" "prepare_node" {
      [31m-[0m[0m id               = "f310abcd-e77d-8e80-5483-54bbef9bcfc0" [90m-> null[0m[0m
      [31m-[0m[0m input            = {
          [31m-[0m[0m host         = "192.168.0.237"
          [31m-[0m[0m service_name = "actuator_service"
          [31m-[0m[0m user         = "pi2"
        } [90m-> null[0m[0m
      [31m-[0m[0m output           = {
          [31m-[0m[0m host         = "192.168.0.237"
          [31m-[0m[0m service_name = "actuator_service"
          [31m-[0m[0m user         = "pi2"
        } [90m-> null[0m[0m
      [31m-[0m[0m triggers_replace = [
          [31m-[0m[0m "https://gist.githubusercontent.com/21mcme04/ffcfc4f88ca37fc0ab03c4cc2a1ef254/raw/fb7d6a955105cc29d1f6d8ba1dbe7f6f9b577b5e/actuator-soil-servo.py",
        ] [90m-> null[0m[0m
    }

[1m  # module.infrastructure.terraform_data.fetch_config[0m will be [1m[31mdestroyed[0m
[0m  [31m-[0m[0m resource "terraform_data" "fetch_config" {
      [31m-[0m[0m id               = "42ad6cfe-6827-6011-92d0-c8b51b00790f" [90m-> null[0m[0m
      [31m-[0m[0m triggers_replace = [
          [31m-[0m[0m "192.168.0.204",
        ] [90m-> null[0m[0m
    }

[1m  # module.infrastructure.terraform_data.k3s_master[0m will be [1m[31mdestroyed[0m
[0m  [31m-[0m[0m resource "terraform_data" "k3s_master" {
      [31m-[0m[0m id               = "d694a040-731e-d80e-3b3e-858e529bfa79" [90m-> null[0m[0m
      [31m-[0m[0m input            = {
          [31m-[0m[0m host = "192.168.0.204"
          [31m-[0m[0m user = "pi1"
        } [90m-> null[0m[0m
      [31m-[0m[0m output           = {
          [31m-[0m[0m host = "192.168.0.204"
          [31m-[0m[0m user = "pi1"
        } [90m-> null[0m[0m
      [31m-[0m[0m triggers_replace = [
          [31m-[0m[0m "192.168.0.204",
        ] [90m-> null[0m[0m
    }

[1m  # module.infrastructure.terraform_data.k3s_workers["actuator_node"][0m will be [1m[31mdestroyed[0m
[0m  [31m-[0m[0m resource "terraform_data" "k3s_workers" {
      [31m-[0m[0m id               = "f9987ecd-d39b-af68-72c6-43f9029b1096" [90m-> null[0m[0m
      [31m-[0m[0m input            = {
          [31m-[0m[0m host = "192.168.0.237"
          [31m-[0m[0m user = "pi2"
        } [90m-> null[0m[0m
      [31m-[0m[0m output           = {
          [31m-[0m[0m host = "192.168.0.237"
          [31m-[0m[0m user = "pi2"
        } [90m-> null[0m[0m
      [31m-[0m[0m triggers_replace = [
          [31m-[0m[0m "192.168.0.237",
        ] [90m-> null[0m[0m
    }

[1m  # module.infrastructure.terraform_data.k3s_workers["publisher_node"][0m will be [1m[31mdestroyed[0m
[0m  [31m-[0m[0m resource "terraform_data" "k3s_workers" {
      [31m-[0m[0m id               = "4bb9b246-6367-f51b-4dfb-cddae3c76c52" [90m-> null[0m[0m
      [31m-[0m[0m input            = {
          [31m-[0m[0m host = "192.168.0.76"
          [31m-[0m[0m user = "pi3"
        } [90m-> null[0m[0m
      [31m-[0m[0m output           = {
          [31m-[0m[0m host = "192.168.0.76"
          [31m-[0m[0m user = "pi3"
        } [90m-> null[0m[0m
      [31m-[0m[0m triggers_replace = [
          [31m-[0m[0m "192.168.0.76",
        ] [90m-> null[0m[0m
    }

[1m  # module.publisher_daemon.fog_systemd_service.daemon[0m will be [1m[31mdestroyed[0m
[0m  [31m-[0m[0m resource "fog_systemd_service" "daemon" {
      [31m-[0m[0m environment    = {
          [31m-[0m[0m "MQTT_BROKER" = "192.168.0.204"
          [31m-[0m[0m "MQTT_PORT"   = "31883"
        } [90m-> null[0m[0m
      [31m-[0m[0m exec_start     = "/usr/bin/python3 /home/pi3/services/mqtt_publisher_service.py" [90m-> null[0m[0m
      [31m-[0m[0m id             = "192.168.0.76::mqtt_publisher_service" [90m-> null[0m[0m
      [31m-[0m[0m node_address   = "192.168.0.76" [90m-> null[0m[0m
      [31m-[0m[0m node_user      = "pi3" [90m-> null[0m[0m
      [31m-[0m[0m service_name   = "mqtt_publisher_service" [90m-> null[0m[0m
      [31m-[0m[0m unit_file_hash = "f2e0399290fb506540eab096df817d396d4498d54f905093451e9a9908ec366c" [90m-> null[0m[0m
    }

[1m  # module.publisher_daemon.terraform_data.prepare_node[0m will be [1m[31mdestroyed[0m
[0m  [31m-[0m[0m resource "terraform_data" "prepare_node" {
      [31m-[0m[0m id               = "dd2ffe32-1876-613e-1385-ddff4a9b6cac" [90m-> null[0m[0m
      [31m-[0m[0m input            = {
          [31m-[0m[0m host         = "192.168.0.76"
          [31m-[0m[0m service_name = "mqtt_publisher_service"
          [31m-[0m[0m user         = "pi3"
        } [90m-> null[0m[0m
      [31m-[0m[0m output           = {
          [31m-[0m[0m host         = "192.168.0.76"
          [31m-[0m[0m service_name = "mqtt_publisher_service"
          [31m-[0m[0m user         = "pi3"
        } [90m-> null[0m[0m
      [31m-[0m[0m triggers_replace = [
          [31m-[0m[0m "https://gist.githubusercontent.com/21mcme04/acdea1dfc4483d79a3510945ef201e64/raw/383ed9b38c261a8e7d63ed40303ca65f3fae5517/publisher-soil-moisture.py",
        ] [90m-> null[0m[0m
    }

[1m  # module.soil_moisture_k3s.terraform_data.deploy_k3s_stack[0m will be [1m[31mdestroyed[0m
[0m  [31m-[0m[0m resource "terraform_data" "deploy_k3s_stack" {
      [31m-[0m[0m id               = "b11a146d-33b6-4093-7b4b-df199734a460" [90m-> null[0m[0m
      [31m-[0m[0m triggers_replace = [
          [31m-[0m[0m "https://gist.githubusercontent.com/21mcme04/68c7edc0b0c5653ecd2e138683f3d568/raw/2021060c1bf05e8d5cd1599ad28d872b9a94fd6d/k3s-fogdeft-soil_moisture-manifest.yaml",
        ] [90m-> null[0m[0m
    }

[1mPlan:[0m [0m0 to add, 0 to change, 9 to destroy.

Changes to Outputs:
  [31m-[0m[0m master_ip = "192.168.0.204" [90m-> null[0m[0m
  [31m-[0m[0m status    = "Deployment complete. Publisher, Actuator, and Broker are running." [90m-> null[0m[0m
[0m[1mmodule.publisher_daemon.fog_systemd_service.daemon: Destroying... [id=192.168.0.76::mqtt_publisher_service][0m[0m
[0m[1mmodule.actuator_daemon.fog_systemd_service.daemon: Destroying... [id=192.168.0.237::actuator_service][0m[0m
[0m[1mmodule.publisher_daemon.fog_systemd_service.daemon: Destruction complete after 1s[0m
[0m[1mmodule.publisher_daemon.terraform_data.prepare_node: Destroying... [id=dd2ffe32-1876-613e-1385-ddff4a9b6cac][0m[0m
[0m[1mmodule.publisher_daemon.terraform_data.prepare_node: Provisioning with 'remote-exec'...[0m[0m
[0m[1mmodule.publisher_daemon.terraform_data.prepare_node (remote-exec):[0m [0mConnecting to remote host via SSH...
[0m[1mmodule.publisher_daemon.terraform_data.prepare_node (remote-exec):[0m [0m  Host: 192.168.0.76
[0m[1mmodule.publisher_daemon.terraform_data.prepare_node (remote-exec):[0m [0m  User: pi3
[0m[1mmodule.publisher_daemon.terraform_data.prepare_node (remote-exec):[0m [0m  Password: false
[0m[1mmodule.publisher_daemon.terraform_data.prepare_node (remote-exec):[0m [0m  Private key: false
[0m[1mmodule.publisher_daemon.terraform_data.prepare_node (remote-exec):[0m [0m  Certificate: false
[0m[1mmodule.publisher_daemon.terraform_data.prepare_node (remote-exec):[0m [0m  SSH Agent: true
[0m[1mmodule.publisher_daemon.terraform_data.prepare_node (remote-exec):[0m [0m  Checking Host Key: false
[0m[1mmodule.publisher_daemon.terraform_data.prepare_node (remote-exec):[0m [0m  Target Platform: unix
[0m[1mmodule.actuator_daemon.fog_systemd_service.daemon: Destruction complete after 2s[0m
[0m[1mmodule.publisher_daemon.terraform_data.prepare_node (remote-exec):[0m [0mConnected!
[0m[1mmodule.actuator_daemon.terraform_data.prepare_node: Destroying... [id=f310abcd-e77d-8e80-5483-54bbef9bcfc0][0m[0m
[0m[1mmodule.actuator_daemon.terraform_data.prepare_node: Provisioning with 'remote-exec'...[0m[0m
[0m[1mmodule.actuator_daemon.terraform_data.prepare_node (remote-exec):[0m [0mConnecting to remote host via SSH...
[0m[1mmodule.actuator_daemon.terraform_data.prepare_node (remote-exec):[0m [0m  Host: 192.168.0.237
[0m[1mmodule.actuator_daemon.terraform_data.prepare_node (remote-exec):[0m [0m  User: pi2
[0m[1mmodule.actuator_daemon.terraform_data.prepare_node (remote-exec):[0m [0m  Password: false
[0m[1mmodule.actuator_daemon.terraform_data.prepare_node (remote-exec):[0m [0m  Private key: false
[0m[1mmodule.actuator_daemon.terraform_data.prepare_node (remote-exec):[0m [0m  Certificate: false
[0m[1mmodule.actuator_daemon.terraform_data.prepare_node (remote-exec):[0m [0m  SSH Agent: true
[0m[1mmodule.actuator_daemon.terraform_data.prepare_node (remote-exec):[0m [0m  Checking Host Key: false
[0m[1mmodule.actuator_daemon.terraform_data.prepare_node (remote-exec):[0m [0m  Target Platform: unix
[0m[1mmodule.publisher_daemon.terraform_data.prepare_node: Destruction complete after 1s[0m
[0m[1mmodule.actuator_daemon.terraform_data.prepare_node (remote-exec):[0m [0mConnected!
[0m[1mmodule.actuator_daemon.terraform_data.prepare_node: Destruction complete after 0s[0m
[0m[1mmodule.soil_moisture_k3s.terraform_data.deploy_k3s_stack: Destroying... [id=b11a146d-33b6-4093-7b4b-df199734a460][0m[0m
[0m[1mmodule.soil_moisture_k3s.terraform_data.deploy_k3s_stack: Provisioning with 'local-exec'...[0m[0m
[0m[1mmodule.soil_moisture_k3s.terraform_data.deploy_k3s_stack (local-exec):[0m [0mExecuting: ["/bin/sh" "-c" "export KUBECONFIG=./kubeconfig.yaml && kubectl delete -f https://gist.githubusercontent.com/21mcme04/68c7edc0b0c5653ecd2e138683f3d568/raw/2021060c1bf05e8d5cd1599ad28d872b9a94fd6d/k3s-fogdeft-soil_moisture-manifest.yaml --ignore-not-found=true"]
[0m[1mmodule.soil_moisture_k3s.terraform_data.deploy_k3s_stack (local-exec):[0m [0mnamespace "fogdeft-stack" deleted
[0m[1mmodule.soil_moisture_k3s.terraform_data.deploy_k3s_stack (local-exec):[0m [0mdeployment.apps "mqtt-broker" deleted from fogdeft-stack namespace
[0m[1mmodule.soil_moisture_k3s.terraform_data.deploy_k3s_stack (local-exec):[0m [0mservice "mqtt-broker" deleted from fogdeft-stack namespace
[0m[1mmodule.soil_moisture_k3s.terraform_data.deploy_k3s_stack (local-exec):[0m [0mservice "mqtt-broker-external" deleted from fogdeft-stack namespace
[0m[1mmodule.soil_moisture_k3s.terraform_data.deploy_k3s_stack (local-exec):[0m [0mdeployment.apps "mqtt-subscriber" deleted from fogdeft-stack namespace
[0m[1mmodule.soil_moisture_k3s.terraform_data.deploy_k3s_stack (local-exec):[0m [0mpersistentvolumeclaim "mosquitto-data-pvc" deleted from fogdeft-stack namespace
[0m[1mmodule.soil_moisture_k3s.terraform_data.deploy_k3s_stack (local-exec):[0m [0mpersistentvolumeclaim "mosquitto-logs-pvc" deleted from fogdeft-stack namespace
[0m[1mmodule.soil_moisture_k3s.terraform_data.deploy_k3s_stack: Still destroying... [id=b11a146d-33b6-4093-7b4b-df199734a460, 00m10s elapsed][0m[0m
[0m[1mmodule.soil_moisture_k3s.terraform_data.deploy_k3s_stack: Still destroying... [id=b11a146d-33b6-4093-7b4b-df199734a460, 00m20s elapsed][0m[0m
[0m[1mmodule.soil_moisture_k3s.terraform_data.deploy_k3s_stack: Still destroying... [id=b11a146d-33b6-4093-7b4b-df199734a460, 00m30s elapsed][0m[0m
[0m[1mmodule.soil_moisture_k3s.terraform_data.deploy_k3s_stack: Still destroying... [id=b11a146d-33b6-4093-7b4b-df199734a460, 00m40s elapsed][0m[0m
[0m[1mmodule.soil_moisture_k3s.terraform_data.deploy_k3s_stack: Destruction complete after 48s[0m
[0m[1mmodule.infrastructure.terraform_data.k3s_workers["actuator_node"]: Destroying... [id=f9987ecd-d39b-af68-72c6-43f9029b1096][0m[0m
[0m[1mmodule.infrastructure.terraform_data.k3s_workers["publisher_node"]: Destroying... [id=4bb9b246-6367-f51b-4dfb-cddae3c76c52][0m[0m
[0m[1mmodule.infrastructure.terraform_data.k3s_workers["publisher_node"]: Provisioning with 'remote-exec'...[0m[0m
[0m[1mmodule.infrastructure.terraform_data.k3s_workers["actuator_node"]: Provisioning with 'remote-exec'...[0m[0m
[0m[1mmodule.infrastructure.terraform_data.k3s_workers["publisher_node"] (remote-exec):[0m [0mConnecting to remote host via SSH...
[0m[1mmodule.infrastructure.terraform_data.k3s_workers["publisher_node"] (remote-exec):[0m [0m  Host: 192.168.0.76
[0m[1mmodule.infrastructure.terraform_data.k3s_workers["publisher_node"] (remote-exec):[0m [0m  User: pi3
[0m[1mmodule.infrastructure.terraform_data.k3s_workers["publisher_node"] (remote-exec):[0m [0m  Password: false
[0m[1mmodule.infrastructure.terraform_data.k3s_workers["publisher_node"] (remote-exec):[0m [0m  Private key: false
[0m[1mmodule.infrastructure.terraform_data.k3s_workers["publisher_node"] (remote-exec):[0m [0m  Certificate: false
[0m[1mmodule.infrastructure.terraform_data.k3s_workers["publisher_node"] (remote-exec):[0m [0m  SSH Agent: true
[0m[1mmodule.infrastructure.terraform_data.k3s_workers["publisher_node"] (remote-exec):[0m [0m  Checking Host Key: false
[0m[1mmodule.infrastructure.terraform_data.k3s_workers["publisher_node"] (remote-exec):[0m [0m  Target Platform: unix
[0m[1mmodule.infrastructure.terraform_data.k3s_workers["actuator_node"] (remote-exec):[0m [0mConnecting to remote host via SSH...
[0m[1mmodule.infrastructure.terraform_data.k3s_workers["actuator_node"] (remote-exec):[0m [0m  Host: 192.168.0.237
[0m[1mmodule.infrastructure.terraform_data.k3s_workers["actuator_node"] (remote-exec):[0m [0m  User: pi2
[0m[1mmodule.infrastructure.terraform_data.k3s_workers["actuator_node"] (remote-exec):[0m [0m  Password: false
[0m[1mmodule.infrastructure.terraform_data.k3s_workers["actuator_node"] (remote-exec):[0m [0m  Private key: false
[0m[1mmodule.infrastructure.terraform_data.k3s_workers["actuator_node"] (remote-exec):[0m [0m  Certificate: false
[0m[1mmodule.infrastructure.terraform_data.k3s_workers["actuator_node"] (remote-exec):[0m [0m  SSH Agent: true
[0m[1mmodule.infrastructure.terraform_data.k3s_workers["actuator_node"] (remote-exec):[0m [0m  Checking Host Key: false
[0m[1mmodule.infrastructure.terraform_data.k3s_workers["actuator_node"] (remote-exec):[0m [0m  Target Platform: unix
[0m[1mmodule.infrastructure.terraform_data.k3s_workers["publisher_node"] (remote-exec):[0m [0mConnected!
[0m[1mmodule.infrastructure.terraform_data.k3s_workers["actuator_node"] (remote-exec):[0m [0mConnected!
[0m[1mmodule.infrastructure.terraform_data.k3s_workers["publisher_node"] (remote-exec):[0m [0m+ id -u
[0m[1mmodule.infrastructure.terraform_data.k3s_workers["publisher_node"] (remote-exec):[0m [0m+ [ 1000 -eq 0 ]
[0m[1mmodule.infrastructure.terraform_data.k3s_workers["publisher_node"] (remote-exec):[0m [0m+ exec sudo --preserve-env=K3S_DATA_DIR /usr/local/bin/k3s-agent-uninstall.sh
[0m[1mmodule.infrastructure.terraform_data.k3s_workers["actuator_node"] (remote-exec):[0m [0m+ id -u
[0m[1mmodule.infrastructure.terraform_data.k3s_workers["actuator_node"] (remote-exec):[0m [0m+ [ 1000 -eq 0 ]
[0m[1mmodule.infrastructure.terraform_data.k3s_workers["actuator_node"] (remote-exec):[0m [0m+ exec sudo --preserve-env=K3S_DATA_DIR /usr/local/bin/k3s-agent-uninstall.sh
[0m[1mmodule.infrastructure.terraform_data.k3s_workers["publisher_node"] (remote-exec):[0m [0m+ id -u
[0m[1mmodule.infrastructure.terraform_data.k3s_workers["publisher_node"] (remote-exec):[0m [0m+ [ 0 -eq 0 ]
[0m[1mmodule.infrastructure.terraform_data.k3s_workers["publisher_node"] (remote-exec):[0m [0m+ K3S_DATA_DIR=/var/lib/rancher/k3s
[0m[1mmodule.infrastructure.terraform_data.k3s_workers["publisher_node"] (remote-exec):[0m [0m+ /usr/local/bin/k3s-killall.sh
[0m[1mmodule.infrastructure.terraform_data.k3s_workers["actuator_node"] (remote-exec):[0m [0m+ id -u
[0m[1mmodule.infrastructure.terraform_data.k3s_workers["actuator_node"] (remote-exec):[0m [0m+ [ 0 -eq 0 ]
[0m[1mmodule.infrastructure.terraform_data.k3s_workers["actuator_node"] (remote-exec):[0m [0m+ K3S_DATA_DIR=/var/lib/rancher/k3s
[0m[1mmodule.infrastructure.terraform_data.k3s_workers["actuator_node"] (remote-exec):[0m [0m+ /usr/local/bin/k3s-killall.sh
[0m[1mmodule.infrastructure.terraform_data.k3s_workers["publisher_node"] (remote-exec):[0m [0m+ [ -s /etc/systemd/system/k3s-agent.service ]
[0m[1mmodule.infrastructure.terraform_data.k3s_workers["publisher_node"] (remote-exec):[0m [0m+ basename /etc/systemd/system/k3s-agent.service
[0m[1mmodule.infrastructure.terraform_data.k3s_workers["publisher_node"] (remote-exec):[0m [0m+ systemctl stop k3s-agent.service
[0m[1mmodule.infrastructure.terraform_data.k3s_workers["actuator_node"] (remote-exec):[0m [0m+ [ -s /etc/systemd/system/k3s-agent.service ]
[0m[1mmodule.infrastructure.terraform_data.k3s_workers["actuator_node"] (remote-exec):[0m [0m+ basename /etc/systemd/system/k3s-agent.service
[0m[1mmodule.infrastructure.terraform_data.k3s_workers["actuator_node"] (remote-exec):[0m [0m+ systemctl stop k3s-agent.service
[0m[1mmodule.infrastructure.terraform_data.k3s_workers["actuator_node"] (remote-exec):[0m [0m+ [ -x /etc/init.d/k3s* ]
[0m[1mmodule.infrastructure.terraform_data.k3s_workers["publisher_node"] (remote-exec):[0m [0m+ [ -x /etc/init.d/k3s* ]
[0m[1mmodule.infrastructure.terraform_data.k3s_workers["actuator_node"] (remote-exec):[0m [0m+ killtree 749461 749472
[0m[1mmodule.infrastructure.terraform_data.k3s_workers["publisher_node"] (remote-exec):[0m [0m+ killtree 706752
[0m[1mmodule.infrastructure.terraform_data.k3s_workers["publisher_node"] (remote-exec):[0m [0m+ kill -9 706752 706786 706994 707035
[0m[1mmodule.infrastructure.terraform_data.k3s_workers["publisher_node"] (remote-exec):[0m [0m+ do_unmount_and_remove /run/k3s
[0m[1mmodule.infrastructure.terraform_data.k3s_workers["publisher_node"] (remote-exec):[0m [0m+ set +x
[0m[1mmodule.infrastructure.terraform_data.k3s_workers["publisher_node"] (remote-exec):[0m [0msh -c 'umount -f "$0" && rm -rf "$0"' /run/k3s/containerd/io.containerd.runtime.v2.task/k8s.io/df7365dcad7fdb577dda2e04efd5365750d3a8ed411c11a42f6b03ab1877ad13/rootfs
[0m[1mmodule.infrastructure.terraform_data.k3s_workers["actuator_node"] (remote-exec):[0m [0m+ kill -9 749461 749513 749647 749691 749472 749520 749848
[0m[1mmodule.infrastructure.terraform_data.k3s_workers["actuator_node"] (remote-exec):[0m [0m+ do_unmount_and_remove /run/k3s
[0m[1mmodule.infrastructure.terraform_data.k3s_workers["actuator_node"] (remote-exec):[0m [0m+ set +x
[0m[1mmodule.infrastructure.terraform_data.k3s_workers["publisher_node"] (remote-exec):[0m [0msh -c 'umount -f "$0" && rm -rf "$0"' /run/k3s/containerd/io.containerd.runtime.v2.task/k8s.io/c6f49a2405f3160d4d2ba24228866ba625c5a9dd2a0402e6cf905e8074227b57/rootfs
[0m[1mmodule.infrastructure.terraform_data.k3s_workers["publisher_node"] (remote-exec):[0m [0msh -c 'umount -f "$0" && rm -rf "$0"' /run/k3s/containerd/io.containerd.runtime.v2.task/k8s.io/703237a0aaae1c291d97e660ee61c1722b6633a2ef9a7be70c7527b0d52cd9b1/rootfs
[0m[1mmodule.infrastructure.terraform_data.k3s_workers["actuator_node"] (remote-exec):[0m [0msh -c 'umount -f "$0" && rm -rf "$0"' /run/k3s/containerd/io.containerd.runtime.v2.task/k8s.io/eb624299b96c978d74b5fe0b077922ab22d1e304e60f191d78b3b73a586f702e/rootfs
[0m[1mmodule.infrastructure.terraform_data.k3s_workers["publisher_node"] (remote-exec):[0m [0msh -c 'umount -f "$0" && rm -rf "$0"' /run/k3s/containerd/io.containerd.grpc.v1.cri/sandboxes/703237a0aaae1c291d97e660ee61c1722b6633a2ef9a7be70c7527b0d52cd9b1/shm
[0m[1mmodule.infrastructure.terraform_data.k3s_workers["publisher_node"] (remote-exec):[0m [0m+ do_unmount_and_remove /var/lib/kubelet/pods
[0m[1mmodule.infrastructure.terraform_data.k3s_workers["publisher_node"] (remote-exec):[0m [0m+ set +x
[0m[1mmodule.infrastructure.terraform_data.k3s_workers["publisher_node"] (remote-exec):[0m [0m+ do_unmount_and_remove /var/lib/kubelet/plugins
[0m[1mmodule.infrastructure.terraform_data.k3s_workers["publisher_node"] (remote-exec):[0m [0m+ set +x
[0m[1mmodule.infrastructure.terraform_data.k3s_workers["publisher_node"] (remote-exec):[0m [0m+ do_unmount_and_remove /run/netns/cni-
[0m[1mmodule.infrastructure.terraform_data.k3s_workers["publisher_node"] (remote-exec):[0m [0m+ set +x
[0m[1mmodule.infrastructure.terraform_data.k3s_workers["publisher_node"] (remote-exec):[0m [0msh -c 'umount -f "$0" && rm -rf "$0"' /run/netns/cni-92edc2da-424e-7641-922e-e384557fa207
[0m[1mmodule.infrastructure.terraform_data.k3s_workers["publisher_node"] (remote-exec):[0m [0m+ ip netns show
[0m[1mmodule.infrastructure.terraform_data.k3s_workers["publisher_node"] (remote-exec):[0m [0m+ grep cni-
[0m[1mmodule.infrastructure.terraform_data.k3s_workers["actuator_node"] (remote-exec):[0m [0msh -c 'umount -f "$0" && rm -rf "$0"' /run/k3s/containerd/io.containerd.runtime.v2.task/k8s.io/e4ff9b897d1cd5475c73e52d45ec4de17ac966761ca6e73867b5dc199d596710/rootfs
[0m[1mmodule.infrastructure.terraform_data.k3s_workers["publisher_node"] (remote-exec):[0m [0m+ xargs -r -t -n 1 ip netns delete
[0m[1mmodule.infrastructure.terraform_data.k3s_workers["actuator_node"] (remote-exec):[0m [0msh -c 'umount -f "$0" && rm -rf "$0"' /run/k3s/containerd/io.containerd.runtime.v2.task/k8s.io/e370237176d29f8c91007e5d2f761001feb010dcfb1285e1ca7b4696b9142ae8/rootfs
[0m[1mmodule.infrastructure.terraform_data.k3s_workers["publisher_node"] (remote-exec):[0m [0m+ remove_interfaces
[0m[1mmodule.infrastructure.terraform_data.k3s_workers["publisher_node"] (remote-exec):[0m [0m+ ip link show
[0m[1mmodule.infrastructure.terraform_data.k3s_workers["publisher_node"] (remote-exec):[0m [0m+ grep master cni0
[0m[1mmodule.infrastructure.terraform_data.k3s_workers["publisher_node"] (remote-exec):[0m [0m+ read ignore iface ignore
[0m[1mmodule.infrastructure.terraform_data.k3s_workers["publisher_node"] (remote-exec):[0m [0m+ ip link delete cni0
[0m[1mmodule.infrastructure.terraform_data.k3s_workers["actuator_node"] (remote-exec):[0m [0msh -c 'umount -f "$0" && rm -rf "$0"' /run/k3s/containerd/io.containerd.runtime.v2.task/k8s.io/91a342947a6eded945fda56bbd0c3a124832ca37dfd4261d825c7a9e5856b791/rootfs
[0m[1mmodule.infrastructure.terraform_data.k3s_workers["actuator_node"] (remote-exec):[0m [0msh -c 'umount -f "$0" && rm -rf "$0"' /run/k3s/containerd/io.containerd.runtime.v2.task/k8s.io/35265d0dc8c27269ba18271415934d8a68a012c77afaedf3ab9195ffd84c12d0/rootfs
[0m[1mmodule.infrastructure.terraform_data.k3s_workers["actuator_node"] (remote-exec):[0m [0msh -c 'umount -f "$0" && rm -rf "$0"' /run/k3s/containerd/io.containerd.grpc.v1.cri/sandboxes/91a342947a6eded945fda56bbd0c3a124832ca37dfd4261d825c7a9e5856b791/shm
[0m[1mmodule.infrastructure.terraform_data.k3s_workers["actuator_node"] (remote-exec):[0m [0msh -c 'umount -f "$0" && rm -rf "$0"' /run/k3s/containerd/io.containerd.grpc.v1.cri/sandboxes/35265d0dc8c27269ba18271415934d8a68a012c77afaedf3ab9195ffd84c12d0/shm
[0m[1mmodule.infrastructure.terraform_data.k3s_workers["actuator_node"] (remote-exec):[0m [0m+ do_unmount_and_remove /var/lib/kubelet/pods
[0m[1mmodule.infrastructure.terraform_data.k3s_workers["actuator_node"] (remote-exec):[0m [0m+ set +x
[0m[1mmodule.infrastructure.terraform_data.k3s_workers["actuator_node"] (remote-exec):[0m [0msh -c 'umount -f "$0" && rm -rf "$0"' /var/lib/kubelet/pods/d8ef581d-510c-40c4-9106-27f06f3347e7/volumes/kubernetes.io~projected/kube-api-access-g7dph
[0m[1mmodule.infrastructure.terraform_data.k3s_workers["actuator_node"] (remote-exec):[0m [0m+ do_unmount_and_remove /var/lib/kubelet/plugins
[0m[1mmodule.infrastructure.terraform_data.k3s_workers["actuator_node"] (remote-exec):[0m [0m+ set +x
[0m[1mmodule.infrastructure.terraform_data.k3s_workers["actuator_node"] (remote-exec):[0m [0m+ do_unmount_and_remove /run/netns/cni-
[0m[1mmodule.infrastructure.terraform_data.k3s_workers["actuator_node"] (remote-exec):[0m [0m+ set +x
[0m[1mmodule.infrastructure.terraform_data.k3s_workers["publisher_node"] (remote-exec):[0m [0m+ ip link delete flannel.1
[0m[1mmodule.infrastructure.terraform_data.k3s_workers["actuator_node"] (remote-exec):[0m [0msh -c 'umount -f "$0" && rm -rf "$0"' /run/netns/cni-665743b1-a16a-3bc4-2fbe-bfba181b876a
[0m[1mmodule.infrastructure.terraform_data.k3s_workers["actuator_node"] (remote-exec):[0m [0msh -c 'umount -f "$0" && rm -rf "$0"' /run/netns/cni-1cf3f2bc-176a-ae31-218a-0132fee8f5c1
[0m[1mmodule.infrastructure.terraform_data.k3s_workers["actuator_node"] (remote-exec):[0m [0m+ ip netns show
[0m[1mmodule.infrastructure.terraform_data.k3s_workers["actuator_node"] (remote-exec):[0m [0m+ grep cni-
[0m[1mmodule.infrastructure.terraform_data.k3s_workers["actuator_node"] (remote-exec):[0m [0m+ xargs -r -t -n 1 ip netns delete
[0m[1mmodule.infrastructure.terraform_data.k3s_workers["actuator_node"] (remote-exec):[0m [0m+ remove_interfaces
[0m[1mmodule.infrastructure.terraform_data.k3s_workers["actuator_node"] (remote-exec):[0m [0m+ + grep master cni0
[0m[1mmodule.infrastructure.terraform_data.k3s_workers["actuator_node"] (remote-exec):[0m [0mip link show
[0m[1mmodule.infrastructure.terraform_data.k3s_workers["actuator_node"] (remote-exec):[0m [0m+ read ignore iface ignore
[0m[1mmodule.infrastructure.terraform_data.k3s_workers["actuator_node"] (remote-exec):[0m [0m+ iface=veth40fee142
[0m[1mmodule.infrastructure.terraform_data.k3s_workers["actuator_node"] (remote-exec):[0m [0m+ [ -z veth40fee142 ]
[0m[1mmodule.infrastructure.terraform_data.k3s_workers["actuator_node"] (remote-exec):[0m [0m+ ip link delete veth40fee142
[0m[1mmodule.infrastructure.terraform_data.k3s_workers["publisher_node"] (remote-exec):[0m [0m+ ip link delete flannel-v6.1
[0m[1mmodule.infrastructure.terraform_data.k3s_workers["publisher_node"] (remote-exec):[0m [0mCannot find device "flannel-v6.1"
[0m[1mmodule.infrastructure.terraform_data.k3s_workers["publisher_node"] (remote-exec):[0m [0m+ ip link delete kube-ipvs0
[0m[1mmodule.infrastructure.terraform_data.k3s_workers["publisher_node"] (remote-exec):[0m [0mCannot find device "kube-ipvs0"
[0m[1mmodule.infrastructure.terraform_data.k3s_workers["publisher_node"] (remote-exec):[0m [0m+ ip link delete flannel-wg
[0m[1mmodule.infrastructure.terraform_data.k3s_workers["publisher_node"] (remote-exec):[0m [0mCannot find device "flannel-wg"
[0m[1mmodule.infrastructure.terraform_data.k3s_workers["publisher_node"] (remote-exec):[0m [0m+ ip link delete flannel-wg-v6
[0m[1mmodule.infrastructure.terraform_data.k3s_workers["publisher_node"] (remote-exec):[0m [0mCannot find device "flannel-wg-v6"
[0m[1mmodule.infrastructure.terraform_data.k3s_workers["publisher_node"] (remote-exec):[0m [0m+ command -v tailscale
[0m[1mmodule.infrastructure.terraform_data.k3s_workers["publisher_node"] (remote-exec):[0m [0m+ [ -n  ]
[0m[1mmodule.infrastructure.terraform_data.k3s_workers["publisher_node"] (remote-exec):[0m [0m+ rm -rf /var/lib/cni/
[0m[1mmodule.infrastructure.terraform_data.k3s_workers["actuator_node"] (remote-exec):[0m [0m+ read ignore iface ignore
[0m[1mmodule.infrastructure.terraform_data.k3s_workers["actuator_node"] (remote-exec):[0m [0m+ ip link delete cni0
[0m[1mmodule.infrastructure.terraform_data.k3s_workers["publisher_node"] (remote-exec):[0m [0m+ iptables-save
[0m[1mmodule.infrastructure.terraform_data.k3s_workers["publisher_node"] (remote-exec):[0m [0m+ grep -v KUBE-
[0m[1mmodule.infrastructure.terraform_data.k3s_workers["publisher_node"] (remote-exec):[0m [0m+ grep -v CNI-
[0m[1mmodule.infrastructure.terraform_data.k3s_workers["publisher_node"] (remote-exec):[0m [0m+ + grep -iviptables-restore
[0m[1mmodule.infrastructure.terraform_data.k3s_workers["publisher_node"] (remote-exec):[0m [0m flannel
[0m[1mmodule.infrastructure.terraform_data.k3s_workers["actuator_node"] (remote-exec):[0m [0m+ ip link delete flannel.1
[0m[1mmodule.infrastructure.terraform_data.k3s_workers["publisher_node"] (remote-exec):[0m [0m+ + ip6tables-savegrep -v KUBE-
[0m[1mmodule.infrastructure.terraform_data.k3s_workers["publisher_node"] (remote-exec):[0m [0m+ +
[0m[1mmodule.infrastructure.terraform_data.k3s_workers["publisher_node"] (remote-exec):[0m [0mgrep -v CNI-
[0m[1mmodule.infrastructure.terraform_data.k3s_workers["publisher_node"] (remote-exec):[0m [0m+ ip6tables-restore
[0m[1mmodule.infrastructure.terraform_data.k3s_workers["publisher_node"] (remote-exec):[0m [0mgrep -iv flannel
[0m[1mmodule.infrastructure.terraform_data.k3s_workers["actuator_node"] (remote-exec):[0m [0m+ ip link delete flannel-v6.1
[0m[1mmodule.infrastructure.terraform_data.k3s_workers["actuator_node"] (remote-exec):[0m [0mCannot find device "flannel-v6.1"
[0m[1mmodule.infrastructure.terraform_data.k3s_workers["actuator_node"] (remote-exec):[0m [0m+ ip link delete kube-ipvs0
[0m[1mmodule.infrastructure.terraform_data.k3s_workers["actuator_node"] (remote-exec):[0m [0mCannot find device "kube-ipvs0"
[0m[1mmodule.infrastructure.terraform_data.k3s_workers["actuator_node"] (remote-exec):[0m [0m+ ip link delete flannel-wg
[0m[1mmodule.infrastructure.terraform_data.k3s_workers["actuator_node"] (remote-exec):[0m [0mCannot find device "flannel-wg"
[0m[1mmodule.infrastructure.terraform_data.k3s_workers["actuator_node"] (remote-exec):[0m [0m+ ip link delete flannel-wg-v6
[0m[1mmodule.infrastructure.terraform_data.k3s_workers["actuator_node"] (remote-exec):[0m [0mCannot find device "flannel-wg-v6"
[0m[1mmodule.infrastructure.terraform_data.k3s_workers["actuator_node"] (remote-exec):[0m [0m+ command -v tailscale
[0m[1mmodule.infrastructure.terraform_data.k3s_workers["actuator_node"] (remote-exec):[0m [0m+ [ -n  ]
[0m[1mmodule.infrastructure.terraform_data.k3s_workers["actuator_node"] (remote-exec):[0m [0m+ rm -rf /var/lib/cni/
[0m[1mmodule.infrastructure.terraform_data.k3s_workers["actuator_node"] (remote-exec):[0m [0m+ iptables-save
[0m[1mmodule.infrastructure.terraform_data.k3s_workers["actuator_node"] (remote-exec):[0m [0m+ grep -v KUBE-
[0m[1mmodule.infrastructure.terraform_data.k3s_workers["actuator_node"] (remote-exec):[0m [0m+ grep -iv flannel
[0m[1mmodule.infrastructure.terraform_data.k3s_workers["actuator_node"] (remote-exec):[0m [0m+ grep -v CNI-
[0m[1mmodule.infrastructure.terraform_data.k3s_workers["actuator_node"] (remote-exec):[0m [0m+ iptables-restore
[0m[1mmodule.infrastructure.terraform_data.k3s_workers["publisher_node"] (remote-exec):[0m [0m+ command -v systemctl
[0m[1mmodule.infrastructure.terraform_data.k3s_workers["publisher_node"] (remote-exec):[0m [0m/usr/bin/systemctl
[0m[1mmodule.infrastructure.terraform_data.k3s_workers["publisher_node"] (remote-exec):[0m [0m+ systemctl disable k3s-agent
[0m[1mmodule.infrastructure.terraform_data.k3s_workers["publisher_node"] (remote-exec):[0m [0mRemoved "/etc/systemd/system/multi-user.target.wants/k3s-agent.service".
[0m[1mmodule.infrastructure.terraform_data.k3s_workers["actuator_node"] (remote-exec):[0m [0m+ + ip6tables-save
[0m[1mmodule.infrastructure.terraform_data.k3s_workers["actuator_node"] (remote-exec):[0m [0mgrep -v KUBE-
[0m[1mmodule.infrastructure.terraform_data.k3s_workers["actuator_node"] (remote-exec):[0m [0m+ grep -v CNI-
[0m[1mmodule.infrastructure.terraform_data.k3s_workers["actuator_node"] (remote-exec):[0m [0m+ grep -iv flannel
[0m[1mmodule.infrastructure.terraform_data.k3s_workers["actuator_node"] (remote-exec):[0m [0m+ ip6tables-restore
[0m[1mmodule.infrastructure.terraform_data.k3s_workers["actuator_node"] (remote-exec):[0m [0m+ command -v systemctl
[0m[1mmodule.infrastructure.terraform_data.k3s_workers["actuator_node"] (remote-exec):[0m [0m/usr/bin/systemctl
[0m[1mmodule.infrastructure.terraform_data.k3s_workers["actuator_node"] (remote-exec):[0m [0m+ systemctl disable k3s-agent
[0m[1mmodule.infrastructure.terraform_data.k3s_workers["actuator_node"] (remote-exec):[0m [0mRemoved "/etc/systemd/system/multi-user.target.wants/k3s-agent.service".
[0m[1mmodule.infrastructure.terraform_data.k3s_workers["publisher_node"] (remote-exec):[0m [0m+ systemctl reset-failed k3s-agent
[0m[1mmodule.infrastructure.terraform_data.k3s_workers["publisher_node"] (remote-exec):[0m [0m[0;1;31mFailed to reset failed state of unit k3s-agent.service: Unit k3s-agent.service not loaded.[0m
[0m[1mmodule.infrastructure.terraform_data.k3s_workers["publisher_node"] (remote-exec):[0m [0m+ systemctl daemon-reload
[0m[1mmodule.infrastructure.terraform_data.k3s_workers["actuator_node"] (remote-exec):[0m [0m+ systemctl reset-failed k3s-agent
[0m[1mmodule.infrastructure.terraform_data.k3s_workers["actuator_node"] (remote-exec):[0m [0m[0;1;31mFailed to reset failed state of unit k3s-agent.service: Unit k3s-agent.service not loaded.[0m
[0m[1mmodule.infrastructure.terraform_data.k3s_workers["actuator_node"] (remote-exec):[0m [0m+ systemctl daemon-reload
[0m[1mmodule.infrastructure.terraform_data.k3s_workers["publisher_node"] (remote-exec):[0m [0m+ command -v rc-update
[0m[1mmodule.infrastructure.terraform_data.k3s_workers["publisher_node"] (remote-exec):[0m [0m+ rm -f /etc/systemd/system/k3s-agent.service
[0m[1mmodule.infrastructure.terraform_data.k3s_workers["publisher_node"] (remote-exec):[0m [0m+ rm -f /etc/systemd/system/k3s-agent.service.env
[0m[1mmodule.infrastructure.terraform_data.k3s_workers["publisher_node"] (remote-exec):[0m [0m+ trap remove_uninstall EXIT
[0m[1mmodule.infrastructure.terraform_data.k3s_workers["publisher_node"] (remote-exec):[0m [0m+ [ -L /usr/local/bin/kubectl ]
[0m[1mmodule.infrastructure.terraform_data.k3s_workers["publisher_node"] (remote-exec):[0m [0m+ [ -L /usr/local/bin/crictl ]
[0m[1mmodule.infrastructure.terraform_data.k3s_workers["publisher_node"] (remote-exec):[0m [0m+ [ -L /usr/local/bin/ctr ]
[0m[1mmodule.infrastructure.terraform_data.k3s_workers["publisher_node"] (remote-exec):[0m [0m+ rm -rf /etc/rancher/k3s
[0m[1mmodule.infrastructure.terraform_data.k3s_workers["publisher_node"] (remote-exec):[0m [0m+ rm -rf /run/k3s
[0m[1mmodule.infrastructure.terraform_data.k3s_workers["publisher_node"] (remote-exec):[0m [0m+ rm -rf /run/flannel
[0m[1mmodule.infrastructure.terraform_data.k3s_workers["publisher_node"] (remote-exec):[0m [0m+ clean_mounted_directory /var/lib/rancher/k3s
[0m[1mmodule.infrastructure.terraform_data.k3s_workers["publisher_node"] (remote-exec):[0m [0m+ grep -q  /var/lib/rancher/k3s /proc/mounts
[0m[1mmodule.infrastructure.terraform_data.k3s_workers["publisher_node"] (remote-exec):[0m [0m+ rm -rf /var/lib/rancher/k3s
[0m[1mmodule.infrastructure.terraform_data.k3s_workers["actuator_node"] (remote-exec):[0m [0m+ command -v rc-update
[0m[1mmodule.infrastructure.terraform_data.k3s_workers["actuator_node"] (remote-exec):[0m [0m+ rm -f /etc/systemd/system/k3s-agent.service
[0m[1mmodule.infrastructure.terraform_data.k3s_workers["actuator_node"] (remote-exec):[0m [0m+ rm -f /etc/systemd/system/k3s-agent.service.env
[0m[1mmodule.infrastructure.terraform_data.k3s_workers["actuator_node"] (remote-exec):[0m [0m+ trap remove_uninstall EXIT
[0m[1mmodule.infrastructure.terraform_data.k3s_workers["actuator_node"] (remote-exec):[0m [0m+ [ -L /usr/local/bin/kubectl ]
[0m[1mmodule.infrastructure.terraform_data.k3s_workers["actuator_node"] (remote-exec):[0m [0m+ [ -L /usr/local/bin/crictl ]
[0m[1mmodule.infrastructure.terraform_data.k3s_workers["actuator_node"] (remote-exec):[0m [0m+ [ -L /usr/local/bin/ctr ]
[0m[1mmodule.infrastructure.terraform_data.k3s_workers["actuator_node"] (remote-exec):[0m [0m+ rm -rf /etc/rancher/k3s
[0m[1mmodule.infrastructure.terraform_data.k3s_workers["actuator_node"] (remote-exec):[0m [0m+ rm -rf /run/k3s
[0m[1mmodule.infrastructure.terraform_data.k3s_workers["actuator_node"] (remote-exec):[0m [0m+ rm -rf /run/flannel
[0m[1mmodule.infrastructure.terraform_data.k3s_workers["actuator_node"] (remote-exec):[0m [0m+ clean_mounted_directory /var/lib/rancher/k3s
[0m[1mmodule.infrastructure.terraform_data.k3s_workers["actuator_node"] (remote-exec):[0m [0m+ grep -q  /var/lib/rancher/k3s /proc/mounts
[0m[1mmodule.infrastructure.terraform_data.k3s_workers["actuator_node"] (remote-exec):[0m [0m+ rm -rf /var/lib/rancher/k3s
[0m[1mmodule.infrastructure.terraform_data.k3s_workers["publisher_node"] (remote-exec):[0m [0m+ return 0
[0m[1mmodule.infrastructure.terraform_data.k3s_workers["publisher_node"] (remote-exec):[0m [0m+ rm -rf /var/lib/kubelet
[0m[1mmodule.infrastructure.terraform_data.k3s_workers["publisher_node"] (remote-exec):[0m [0m+ rm -f /usr/local/bin/k3s
[0m[1mmodule.infrastructure.terraform_data.k3s_workers["publisher_node"] (remote-exec):[0m [0m+ rm -f /usr/local/bin/k3s-killall.sh
[0m[1mmodule.infrastructure.terraform_data.k3s_workers["publisher_node"] (remote-exec):[0m [0m+ rpm_ostree_uninstall_cmd=rpm-ostree uninstall --idempotent k3s-selinux
[0m[1mmodule.infrastructure.terraform_data.k3s_workers["publisher_node"] (remote-exec):[0m [0m+ [ -r /etc/os-release ]
[0m[1mmodule.infrastructure.terraform_data.k3s_workers["publisher_node"] (remote-exec):[0m [0m+ . /etc/os-release
[0m[1mmodule.infrastructure.terraform_data.k3s_workers["publisher_node"] (remote-exec):[0m [0m+ PRETTY_NAME=Debian GNU/Linux 12 (bookworm)
[0m[1mmodule.infrastructure.terraform_data.k3s_workers["publisher_node"] (remote-exec):[0m [0m+ NAME=Debian GNU/Linux
[0m[1mmodule.infrastructure.terraform_data.k3s_workers["publisher_node"] (remote-exec):[0m [0m+ VERSION_ID=12
[0m[1mmodule.infrastructure.terraform_data.k3s_workers["publisher_node"] (remote-exec):[0m [0m+ VERSION=12 (bookworm)
[0m[1mmodule.infrastructure.terraform_data.k3s_workers["publisher_node"] (remote-exec):[0m [0m+ VERSION_CODENAME=bookworm
[0m[1mmodule.infrastructure.terraform_data.k3s_workers["publisher_node"] (remote-exec):[0m [0m+ ID=debian
[0m[1mmodule.infrastructure.terraform_data.k3s_workers["publisher_node"] (remote-exec):[0m [0m+ HOME_URL=https://www.debian.org/
[0m[1mmodule.infrastructure.terraform_data.k3s_workers["publisher_node"] (remote-exec):[0m [0m+ SUPPORT_URL=https://www.debian.org/support
[0m[1mmodule.infrastructure.terraform_data.k3s_workers["publisher_node"] (remote-exec):[0m [0m+ BUG_REPORT_URL=https://bugs.debian.org/
[0m[1mmodule.infrastructure.terraform_data.k3s_workers["publisher_node"] (remote-exec):[0m [0m+ expr  : .*suse.*
[0m[1mmodule.infrastructure.terraform_data.k3s_workers["publisher_node"] (remote-exec):[0m [0m+ [ 0 != 0 ]
[0m[1mmodule.infrastructure.terraform_data.k3s_workers["publisher_node"] (remote-exec):[0m [0m+ [ debian = fedora ]
[0m[1mmodule.infrastructure.terraform_data.k3s_workers["publisher_node"] (remote-exec):[0m [0m+ expr  : .*fedora.*\|.*rhel.*\|.*centos.*
[0m[1mmodule.infrastructure.terraform_data.k3s_workers["publisher_node"] (remote-exec):[0m [0m+ [ 0 != 0 ]
[0m[1mmodule.infrastructure.terraform_data.k3s_workers["publisher_node"] (remote-exec):[0m [0m+ type rpm-ostree
[0m[1mmodule.infrastructure.terraform_data.k3s_workers["publisher_node"] (remote-exec):[0m [0m+ type zypper
[0m[1mmodule.infrastructure.terraform_data.k3s_workers["publisher_node"] (remote-exec):[0m [0m+ type yum
[0m[1mmodule.infrastructure.terraform_data.k3s_workers["publisher_node"] (remote-exec):[0m [0m+ [ -d /usr/share/selinux ]
[0m[1mmodule.infrastructure.terraform_data.k3s_workers["publisher_node"] (remote-exec):[0m [0m+ echo [WARN] Automatic removal of "k3s-selinux" package not possible, please remove it manually.
[0m[1mmodule.infrastructure.terraform_data.k3s_workers["publisher_node"] (remote-exec):[0m [0m[WARN] Automatic removal of "k3s-selinux" package not possible, please remove it manually.
[0m[1mmodule.infrastructure.terraform_data.k3s_workers["publisher_node"] (remote-exec):[0m [0m+ [ -d /etc/zypp/repos.d ]
[0m[1mmodule.infrastructure.terraform_data.k3s_workers["publisher_node"] (remote-exec):[0m [0m+ [ -d /etc/yum.repos.d ]
[0m[1mmodule.infrastructure.terraform_data.k3s_workers["publisher_node"] (remote-exec):[0m [0m+ remove_uninstall
[0m[1mmodule.infrastructure.terraform_data.k3s_workers["publisher_node"] (remote-exec):[0m [0m+ rm -f /usr/local/bin/k3s-agent-uninstall.sh
[0m[1mmodule.infrastructure.terraform_data.k3s_workers["publisher_node"]: Destruction complete after 3s[0m
[0m[1mmodule.infrastructure.terraform_data.k3s_workers["actuator_node"] (remote-exec):[0m [0m+ return 0
[0m[1mmodule.infrastructure.terraform_data.k3s_workers["actuator_node"] (remote-exec):[0m [0m+ rm -rf /var/lib/kubelet
[0m[1mmodule.infrastructure.terraform_data.k3s_workers["actuator_node"] (remote-exec):[0m [0m+ rm -f /usr/local/bin/k3s
[0m[1mmodule.infrastructure.terraform_data.k3s_workers["actuator_node"] (remote-exec):[0m [0m+ rm -f /usr/local/bin/k3s-killall.sh
[0m[1mmodule.infrastructure.terraform_data.k3s_workers["actuator_node"] (remote-exec):[0m [0m+ rpm_ostree_uninstall_cmd=rpm-ostree uninstall --idempotent k3s-selinux
[0m[1mmodule.infrastructure.terraform_data.k3s_workers["actuator_node"] (remote-exec):[0m [0m+ [ -r /etc/os-release ]
[0m[1mmodule.infrastructure.terraform_data.k3s_workers["actuator_node"] (remote-exec):[0m [0m+ . /etc/os-release
[0m[1mmodule.infrastructure.terraform_data.k3s_workers["actuator_node"] (remote-exec):[0m [0m+ PRETTY_NAME=Debian GNU/Linux 12 (bookworm)
[0m[1mmodule.infrastructure.terraform_data.k3s_workers["actuator_node"] (remote-exec):[0m [0m+ NAME=Debian GNU/Linux
[0m[1mmodule.infrastructure.terraform_data.k3s_workers["actuator_node"] (remote-exec):[0m [0m+ VERSION_ID=12
[0m[1mmodule.infrastructure.terraform_data.k3s_workers["actuator_node"] (remote-exec):[0m [0m+ VERSION=12 (bookworm)
[0m[1mmodule.infrastructure.terraform_data.k3s_workers["actuator_node"] (remote-exec):[0m [0m+ VERSION_CODENAME=bookworm
[0m[1mmodule.infrastructure.terraform_data.k3s_workers["actuator_node"] (remote-exec):[0m [0m+ ID=debian
[0m[1mmodule.infrastructure.terraform_data.k3s_workers["actuator_node"] (remote-exec):[0m [0m+ HOME_URL=https://www.debian.org/
[0m[1mmodule.infrastructure.terraform_data.k3s_workers["actuator_node"] (remote-exec):[0m [0m+ SUPPORT_URL=https://www.debian.org/support
[0m[1mmodule.infrastructure.terraform_data.k3s_workers["actuator_node"] (remote-exec):[0m [0m+ BUG_REPORT_URL=https://bugs.debian.org/
[0m[1mmodule.infrastructure.terraform_data.k3s_workers["actuator_node"] (remote-exec):[0m [0m+ expr  : .*suse.*
[0m[1mmodule.infrastructure.terraform_data.k3s_workers["actuator_node"] (remote-exec):[0m [0m+ [ 0 != 0 ]
[0m[1mmodule.infrastructure.terraform_data.k3s_workers["actuator_node"] (remote-exec):[0m [0m+ [ debian = fedora ]
[0m[1mmodule.infrastructure.terraform_data.k3s_workers["actuator_node"] (remote-exec):[0m [0m+ expr  : .*fedora.*\|.*rhel.*\|.*centos.*
[0m[1mmodule.infrastructure.terraform_data.k3s_workers["actuator_node"] (remote-exec):[0m [0m+ [ 0 != 0 ]
[0m[1mmodule.infrastructure.terraform_data.k3s_workers["actuator_node"] (remote-exec):[0m [0m+ type rpm-ostree
[0m[1mmodule.infrastructure.terraform_data.k3s_workers["actuator_node"] (remote-exec):[0m [0m+ type zypper
[0m[1mmodule.infrastructure.terraform_data.k3s_workers["actuator_node"] (remote-exec):[0m [0m+ type yum
[0m[1mmodule.infrastructure.terraform_data.k3s_workers["actuator_node"] (remote-exec):[0m [0m+ [ -d /usr/share/selinux ]
[0m[1mmodule.infrastructure.terraform_data.k3s_workers["actuator_node"] (remote-exec):[0m [0m+ echo [WARN] Automatic removal of "k3s-selinux" package not possible, please remove it manually.
[0m[1mmodule.infrastructure.terraform_data.k3s_workers["actuator_node"] (remote-exec):[0m [0m[WARN] Automatic removal of "k3s-selinux" package not possible, please remove it manually.
[0m[1mmodule.infrastructure.terraform_data.k3s_workers["actuator_node"] (remote-exec):[0m [0m+ [ -d /etc/zypp/repos.d ]
[0m[1mmodule.infrastructure.terraform_data.k3s_workers["actuator_node"] (remote-exec):[0m [0m+ [ -d /etc/yum.repos.d ]
[0m[1mmodule.infrastructure.terraform_data.k3s_workers["actuator_node"] (remote-exec):[0m [0m+ remove_uninstall
[0m[1mmodule.infrastructure.terraform_data.k3s_workers["actuator_node"] (remote-exec):[0m [0m+ rm -f /usr/local/bin/k3s-agent-uninstall.sh
[0m[1mmodule.infrastructure.terraform_data.k3s_workers["actuator_node"]: Destruction complete after 3s[0m
[0m[1mmodule.infrastructure.terraform_data.fetch_config: Destroying... [id=42ad6cfe-6827-6011-92d0-c8b51b00790f][0m[0m
[0m[1mmodule.infrastructure.terraform_data.fetch_config: Provisioning with 'local-exec'...[0m[0m
[0m[1mmodule.infrastructure.terraform_data.fetch_config (local-exec):[0m [0mExecuting: ["/bin/sh" "-c" "rm -f ./kubeconfig.yaml ./k3s_token.txt"]
[0m[1mmodule.infrastructure.terraform_data.fetch_config: Destruction complete after 0s[0m
[0m[1mmodule.infrastructure.terraform_data.k3s_master: Destroying... [id=d694a040-731e-d80e-3b3e-858e529bfa79][0m[0m
[0m[1mmodule.infrastructure.terraform_data.k3s_master: Provisioning with 'remote-exec'...[0m[0m
[0m[1mmodule.infrastructure.terraform_data.k3s_master (remote-exec):[0m [0mConnecting to remote host via SSH...
[0m[1mmodule.infrastructure.terraform_data.k3s_master (remote-exec):[0m [0m  Host: 192.168.0.204
[0m[1mmodule.infrastructure.terraform_data.k3s_master (remote-exec):[0m [0m  User: pi1
[0m[1mmodule.infrastructure.terraform_data.k3s_master (remote-exec):[0m [0m  Password: false
[0m[1mmodule.infrastructure.terraform_data.k3s_master (remote-exec):[0m [0m  Private key: false
[0m[1mmodule.infrastructure.terraform_data.k3s_master (remote-exec):[0m [0m  Certificate: false
[0m[1mmodule.infrastructure.terraform_data.k3s_master (remote-exec):[0m [0m  SSH Agent: true
[0m[1mmodule.infrastructure.terraform_data.k3s_master (remote-exec):[0m [0m  Checking Host Key: false
[0m[1mmodule.infrastructure.terraform_data.k3s_master (remote-exec):[0m [0m  Target Platform: unix
[0m[1mmodule.infrastructure.terraform_data.k3s_master (remote-exec):[0m [0mConnected!
[0m[1mmodule.infrastructure.terraform_data.k3s_master (remote-exec):[0m [0m+ id -u
[0m[1mmodule.infrastructure.terraform_data.k3s_master (remote-exec):[0m [0m+ [ 1000 -eq 0 ]
[0m[1mmodule.infrastructure.terraform_data.k3s_master (remote-exec):[0m [0m+ exec sudo --preserve-env=K3S_DATA_DIR /usr/local/bin/k3s-uninstall.sh
[0m[1mmodule.infrastructure.terraform_data.k3s_master (remote-exec):[0m [0m+ id -u
[0m[1mmodule.infrastructure.terraform_data.k3s_master (remote-exec):[0m [0m+ [ 0 -eq 0 ]
[0m[1mmodule.infrastructure.terraform_data.k3s_master (remote-exec):[0m [0m+ K3S_DATA_DIR=/var/lib/rancher/k3s
[0m[1mmodule.infrastructure.terraform_data.k3s_master (remote-exec):[0m [0m+ /usr/local/bin/k3s-killall.sh
[0m[1mmodule.infrastructure.terraform_data.k3s_master (remote-exec):[0m [0m+ [ -s /etc/systemd/system/k3s.service ]
[0m[1mmodule.infrastructure.terraform_data.k3s_master (remote-exec):[0m [0m+ basename /etc/systemd/system/k3s.service
[0m[1mmodule.infrastructure.terraform_data.k3s_master (remote-exec):[0m [0m+ systemctl stop k3s.service
[0m[1mmodule.infrastructure.terraform_data.k3s_master (remote-exec):[0m [0m+ [ -x /etc/init.d/k3s* ]
[0m[1mmodule.infrastructure.terraform_data.k3s_master (remote-exec):[0m [0m+ killtree 708615 708772 708791 710174
[0m[1mmodule.infrastructure.terraform_data.k3s_master (remote-exec):[0m [0m+ kill -9 708615 708638 709277 708772 708828 709392 708791 708835 710418 710174 710200 710474 710515
[0m[1mmodule.infrastructure.terraform_data.k3s_master (remote-exec):[0m [0m+ do_unmount_and_remove /run/k3s
[0m[1mmodule.infrastructure.terraform_data.k3s_master (remote-exec):[0m [0m+ set +x
[0m[1mmodule.infrastructure.terraform_data.k3s_master (remote-exec):[0m [0msh -c 'umount -f "$0" && rm -rf "$0"' /run/k3s/containerd/io.containerd.runtime.v2.task/k8s.io/df97830b8dbdbadc0969b0eb0a6b3d2a2bd73bb3a515c4b798a9b2addd1684bc/rootfs
[0m[1mmodule.infrastructure.terraform_data.k3s_master (remote-exec):[0m [0msh -c 'umount -f "$0" && rm -rf "$0"' /run/k3s/containerd/io.containerd.runtime.v2.task/k8s.io/db65e777851d43f08c5a68d6862cafcb977dbadde52c5e72e55425757aae28b3/rootfs
[0m[1mmodule.infrastructure.terraform_data.k3s_master (remote-exec):[0m [0msh -c 'umount -f "$0" && rm -rf "$0"' /run/k3s/containerd/io.containerd.runtime.v2.task/k8s.io/ad2c99010ef02f8e2aa47b2a6b0910f46325d207e561e7ce1df9e1b4743fab14/rootfs
[0m[1mmodule.infrastructure.terraform_data.k3s_master (remote-exec):[0m [0msh -c 'umount -f "$0" && rm -rf "$0"' /run/k3s/containerd/io.containerd.runtime.v2.task/k8s.io/a5e5dde640e6782a4882ca11614cfada0a6f0dccb63c20320d3987b1492514f6/rootfs
[0m[1mmodule.infrastructure.terraform_data.k3s_master (remote-exec):[0m [0msh -c 'umount -f "$0" && rm -rf "$0"' /run/k3s/containerd/io.containerd.runtime.v2.task/k8s.io/9039e780561160b635f667922fd93191f8573d8862c1e5ab99a3d858c08c62d8/rootfs
[0m[1mmodule.infrastructure.terraform_data.k3s_master (remote-exec):[0m [0msh -c 'umount -f "$0" && rm -rf "$0"' /run/k3s/containerd/io.containerd.runtime.v2.task/k8s.io/5a68e246ea44bdf8766cc21fe8a71a238f0ad08feada906e03f2d90fb063888e/rootfs
[0m[1mmodule.infrastructure.terraform_data.k3s_master (remote-exec):[0m [0msh -c 'umount -f "$0" && rm -rf "$0"' /run/k3s/containerd/io.containerd.runtime.v2.task/k8s.io/36d129bf1e7705cd3c366b3efe70e2823e8d7692ea95cbe514ff523d9810bf13/rootfs
[0m[1mmodule.infrastructure.terraform_data.k3s_master (remote-exec):[0m [0msh -c 'umount -f "$0" && rm -rf "$0"' /run/k3s/containerd/io.containerd.runtime.v2.task/k8s.io/14afecc72d52b6dee00740bd6218680055101acfb9a277724855e4f59b14ac24/rootfs
[0m[1mmodule.infrastructure.terraform_data.k3s_master (remote-exec):[0m [0msh -c 'umount -f "$0" && rm -rf "$0"' /run/k3s/containerd/io.containerd.runtime.v2.task/k8s.io/052c189f82c734ad0336b98fe7fe026284c7fe01a6618b39612f9779e7f88ce9/rootfs
[0m[1mmodule.infrastructure.terraform_data.k3s_master (remote-exec):[0m [0msh -c 'umount -f "$0" && rm -rf "$0"' /run/k3s/containerd/io.containerd.grpc.v1.cri/sandboxes/ad2c99010ef02f8e2aa47b2a6b0910f46325d207e561e7ce1df9e1b4743fab14/shm
[0m[1mmodule.infrastructure.terraform_data.k3s_master (remote-exec):[0m [0msh -c 'umount -f "$0" && rm -rf "$0"' /run/k3s/containerd/io.containerd.grpc.v1.cri/sandboxes/9039e780561160b635f667922fd93191f8573d8862c1e5ab99a3d858c08c62d8/shm
[0m[1mmodule.infrastructure.terraform_data.k3s_master (remote-exec):[0m [0msh -c 'umount -f "$0" && rm -rf "$0"' /run/k3s/containerd/io.containerd.grpc.v1.cri/sandboxes/36d129bf1e7705cd3c366b3efe70e2823e8d7692ea95cbe514ff523d9810bf13/shm
[0m[1mmodule.infrastructure.terraform_data.k3s_master (remote-exec):[0m [0msh -c 'umount -f "$0" && rm -rf "$0"' /run/k3s/containerd/io.containerd.grpc.v1.cri/sandboxes/052c189f82c734ad0336b98fe7fe026284c7fe01a6618b39612f9779e7f88ce9/shm
[0m[1mmodule.infrastructure.terraform_data.k3s_master (remote-exec):[0m [0m+ do_unmount_and_remove /var/lib/kubelet/pods
[0m[1mmodule.infrastructure.terraform_data.k3s_master (remote-exec):[0m [0m+ set +x
[0m[1mmodule.infrastructure.terraform_data.k3s_master (remote-exec):[0m [0msh -c 'umount -f "$0" && rm -rf "$0"' /var/lib/kubelet/pods/caebdcca-6b31-4556-8a65-76cb4bd9a83b/volumes/kubernetes.io~projected/kube-api-access-5gplc
[0m[1mmodule.infrastructure.terraform_data.k3s_master (remote-exec):[0m [0msh -c 'umount -f "$0" && rm -rf "$0"' /var/lib/kubelet/pods/c39ea73e-e173-4b0a-8209-5e2d0406da71/volumes/kubernetes.io~projected/kube-api-access-l856c
[0m[1mmodule.infrastructure.terraform_data.k3s_master (remote-exec):[0m [0msh -c 'umount -f "$0" && rm -rf "$0"' /var/lib/kubelet/pods/64ca6f20-6c89-466a-ac6b-19d76380c6bb/volumes/kubernetes.io~projected/kube-api-access-qvbmz
[0m[1mmodule.infrastructure.terraform_data.k3s_master (remote-exec):[0m [0m+ do_unmount_and_remove /var/lib/kubelet/plugins
[0m[1mmodule.infrastructure.terraform_data.k3s_master (remote-exec):[0m [0m+ set +x
[0m[1mmodule.infrastructure.terraform_data.k3s_master (remote-exec):[0m [0m+ do_unmount_and_remove /run/netns/cni-
[0m[1mmodule.infrastructure.terraform_data.k3s_master (remote-exec):[0m [0m+ set +x
[0m[1mmodule.infrastructure.terraform_data.k3s_master (remote-exec):[0m [0msh -c 'umount -f "$0" && rm -rf "$0"' /run/netns/cni-f06d3be6-fbd0-42a5-3fcf-0eaad67b1472
[0m[1mmodule.infrastructure.terraform_data.k3s_master (remote-exec):[0m [0msh -c 'umount -f "$0" && rm -rf "$0"' /run/netns/cni-a518f493-0057-7e06-d0bf-70bd716aca12
[0m[1mmodule.infrastructure.terraform_data.k3s_master (remote-exec):[0m [0msh -c 'umount -f "$0" && rm -rf "$0"' /run/netns/cni-6d7b1d0c-6b35-e546-c03a-3567edab1a7b
[0m[1mmodule.infrastructure.terraform_data.k3s_master (remote-exec):[0m [0msh -c 'umount -f "$0" && rm -rf "$0"' /run/netns/cni-33a95851-dffb-725e-081e-503ce2b0a926
[0m[1mmodule.infrastructure.terraform_data.k3s_master (remote-exec):[0m [0m+ ip netns show
[0m[1mmodule.infrastructure.terraform_data.k3s_master (remote-exec):[0m [0m+ grep cni-
[0m[1mmodule.infrastructure.terraform_data.k3s_master (remote-exec):[0m [0m+ xargs -r -t -n 1 ip netns delete
[0m[1mmodule.infrastructure.terraform_data.k3s_master (remote-exec):[0m [0m+ remove_interfaces
[0m[1mmodule.infrastructure.terraform_data.k3s_master (remote-exec):[0m [0m+ ip link show
[0m[1mmodule.infrastructure.terraform_data.k3s_master (remote-exec):[0m [0m+ grep master cni0
[0m[1mmodule.infrastructure.terraform_data.k3s_master (remote-exec):[0m [0m+ read ignore iface ignore
[0m[1mmodule.infrastructure.terraform_data.k3s_master (remote-exec):[0m [0m+ iface=vethd9793790
[0m[1mmodule.infrastructure.terraform_data.k3s_master (remote-exec):[0m [0m+ [ -z vethd9793790 ]
[0m[1mmodule.infrastructure.terraform_data.k3s_master (remote-exec):[0m [0m+ ip link delete vethd9793790
[0m[1mmodule.infrastructure.terraform_data.k3s_master (remote-exec):[0m [0m+ read ignore iface ignore
[0m[1mmodule.infrastructure.terraform_data.k3s_master (remote-exec):[0m [0m+ iface=veth446c8fa3
[0m[1mmodule.infrastructure.terraform_data.k3s_master (remote-exec):[0m [0m+ [ -z veth446c8fa3 ]
[0m[1mmodule.infrastructure.terraform_data.k3s_master (remote-exec):[0m [0m+ ip link delete veth446c8fa3
[0m[1mmodule.infrastructure.terraform_data.k3s_master (remote-exec):[0m [0mCannot find device "veth446c8fa3"
[0m[1mmodule.infrastructure.terraform_data.k3s_master (remote-exec):[0m [0m+ read ignore iface ignore
[0m[1mmodule.infrastructure.terraform_data.k3s_master (remote-exec):[0m [0m+ iface=veth11589e46
[0m[1mmodule.infrastructure.terraform_data.k3s_master (remote-exec):[0m [0m+ [ -z veth11589e46 ]
[0m[1mmodule.infrastructure.terraform_data.k3s_master (remote-exec):[0m [0m+ ip link delete veth11589e46
[0m[1mmodule.infrastructure.terraform_data.k3s_master (remote-exec):[0m [0mCannot find device "veth11589e46"
[0m[1mmodule.infrastructure.terraform_data.k3s_master (remote-exec):[0m [0m+ read ignore iface ignore
[0m[1mmodule.infrastructure.terraform_data.k3s_master (remote-exec):[0m [0m+ ip link delete cni0
[0m[1mmodule.infrastructure.terraform_data.k3s_master (remote-exec):[0m [0m+ ip link delete flannel.1
[0m[1mmodule.infrastructure.terraform_data.k3s_master (remote-exec):[0m [0m+ ip link delete flannel-v6.1
[0m[1mmodule.infrastructure.terraform_data.k3s_master (remote-exec):[0m [0mCannot find device "flannel-v6.1"
[0m[1mmodule.infrastructure.terraform_data.k3s_master (remote-exec):[0m [0m+ ip link delete kube-ipvs0
[0m[1mmodule.infrastructure.terraform_data.k3s_master (remote-exec):[0m [0mCannot find device "kube-ipvs0"
[0m[1mmodule.infrastructure.terraform_data.k3s_master (remote-exec):[0m [0m+ ip link delete flannel-wg
[0m[1mmodule.infrastructure.terraform_data.k3s_master (remote-exec):[0m [0mCannot find device "flannel-wg"
[0m[1mmodule.infrastructure.terraform_data.k3s_master (remote-exec):[0m [0m+ ip link delete flannel-wg-v6
[0m[1mmodule.infrastructure.terraform_data.k3s_master (remote-exec):[0m [0mCannot find device "flannel-wg-v6"
[0m[1mmodule.infrastructure.terraform_data.k3s_master (remote-exec):[0m [0m+ command -v tailscale
[0m[1mmodule.infrastructure.terraform_data.k3s_master (remote-exec):[0m [0m+ [ -n  ]
[0m[1mmodule.infrastructure.terraform_data.k3s_master (remote-exec):[0m [0m+ rm -rf /var/lib/cni/
[0m[1mmodule.infrastructure.terraform_data.k3s_master (remote-exec):[0m [0m+ + + grep -vgrep -v CNI-iptables-save
[0m[1mmodule.infrastructure.terraform_data.k3s_master (remote-exec):[0m [0m KUBE-

[0m[1mmodule.infrastructure.terraform_data.k3s_master (remote-exec):[0m [0m+ + iptables-restore
[0m[1mmodule.infrastructure.terraform_data.k3s_master (remote-exec):[0m [0mgrep -iv flannel
[0m[1mmodule.infrastructure.terraform_data.k3s_master (remote-exec):[0m [0m+ ip6tables-save
[0m[1mmodule.infrastructure.terraform_data.k3s_master (remote-exec):[0m [0m+ grep -v KUBE-
[0m[1mmodule.infrastructure.terraform_data.k3s_master (remote-exec):[0m [0m+ grep -v CNI-
[0m[1mmodule.infrastructure.terraform_data.k3s_master (remote-exec):[0m [0m+ grep -iv flannel
[0m[1mmodule.infrastructure.terraform_data.k3s_master (remote-exec):[0m [0m+ ip6tables-restore
[0m[1mmodule.infrastructure.terraform_data.k3s_master (remote-exec):[0m [0m+ command -v systemctl
[0m[1mmodule.infrastructure.terraform_data.k3s_master (remote-exec):[0m [0m/usr/bin/systemctl
[0m[1mmodule.infrastructure.terraform_data.k3s_master (remote-exec):[0m [0m+ systemctl disable k3s
[0m[1mmodule.infrastructure.terraform_data.k3s_master (remote-exec):[0m [0mRemoved "/etc/systemd/system/multi-user.target.wants/k3s.service".
[0m[1mmodule.infrastructure.terraform_data.k3s_master (remote-exec):[0m [0m+ systemctl reset-failed k3s
[0m[1mmodule.infrastructure.terraform_data.k3s_master (remote-exec):[0m [0m[0;1;31mFailed to reset failed state of unit k3s.service: Unit k3s.service not loaded.[0m
[0m[1mmodule.infrastructure.terraform_data.k3s_master (remote-exec):[0m [0m+ systemctl daemon-reload
[0m[1mmodule.infrastructure.terraform_data.k3s_master (remote-exec):[0m [0m+ command -v rc-update
[0m[1mmodule.infrastructure.terraform_data.k3s_master (remote-exec):[0m [0m+ rm -f /etc/systemd/system/k3s.service
[0m[1mmodule.infrastructure.terraform_data.k3s_master (remote-exec):[0m [0m+ rm -f /etc/systemd/system/k3s.service.env
[0m[1mmodule.infrastructure.terraform_data.k3s_master (remote-exec):[0m [0m+ trap remove_uninstall EXIT
[0m[1mmodule.infrastructure.terraform_data.k3s_master (remote-exec):[0m [0m+ [ -L /usr/local/bin/kubectl ]
[0m[1mmodule.infrastructure.terraform_data.k3s_master (remote-exec):[0m [0m+ [ -L /usr/local/bin/crictl ]
[0m[1mmodule.infrastructure.terraform_data.k3s_master (remote-exec):[0m [0m+ [ -L /usr/local/bin/ctr ]
[0m[1mmodule.infrastructure.terraform_data.k3s_master (remote-exec):[0m [0m+ rm -rf /etc/rancher/k3s
[0m[1mmodule.infrastructure.terraform_data.k3s_master (remote-exec):[0m [0m+ rm -rf /run/k3s
[0m[1mmodule.infrastructure.terraform_data.k3s_master (remote-exec):[0m [0m+ rm -rf /run/flannel
[0m[1mmodule.infrastructure.terraform_data.k3s_master (remote-exec):[0m [0m+ clean_mounted_directory /var/lib/rancher/k3s
[0m[1mmodule.infrastructure.terraform_data.k3s_master (remote-exec):[0m [0m+ grep -q  /var/lib/rancher/k3s /proc/mounts
[0m[1mmodule.infrastructure.terraform_data.k3s_master (remote-exec):[0m [0m+ rm -rf /var/lib/rancher/k3s
[0m[1mmodule.infrastructure.terraform_data.k3s_master (remote-exec):[0m [0m+ return 0
[0m[1mmodule.infrastructure.terraform_data.k3s_master (remote-exec):[0m [0m+ rm -rf /var/lib/kubelet
[0m[1mmodule.infrastructure.terraform_data.k3s_master (remote-exec):[0m [0m+ rm -f /usr/local/bin/k3s
[0m[1mmodule.infrastructure.terraform_data.k3s_master (remote-exec):[0m [0m+ rm -f /usr/local/bin/k3s-killall.sh
[0m[1mmodule.infrastructure.terraform_data.k3s_master (remote-exec):[0m [0m+ rpm_ostree_uninstall_cmd=rpm-ostree uninstall --idempotent k3s-selinux
[0m[1mmodule.infrastructure.terraform_data.k3s_master (remote-exec):[0m [0m+ [ -r /etc/os-release ]
[0m[1mmodule.infrastructure.terraform_data.k3s_master (remote-exec):[0m [0m+ . /etc/os-release
[0m[1mmodule.infrastructure.terraform_data.k3s_master (remote-exec):[0m [0m+ PRETTY_NAME=Debian GNU/Linux 12 (bookworm)
[0m[1mmodule.infrastructure.terraform_data.k3s_master (remote-exec):[0m [0m+ NAME=Debian GNU/Linux
[0m[1mmodule.infrastructure.terraform_data.k3s_master (remote-exec):[0m [0m+ VERSION_ID=12
[0m[1mmodule.infrastructure.terraform_data.k3s_master (remote-exec):[0m [0m+ VERSION=12 (bookworm)
[0m[1mmodule.infrastructure.terraform_data.k3s_master (remote-exec):[0m [0m+ VERSION_CODENAME=bookworm
[0m[1mmodule.infrastructure.terraform_data.k3s_master (remote-exec):[0m [0m+ ID=debian
[0m[1mmodule.infrastructure.terraform_data.k3s_master (remote-exec):[0m [0m+ HOME_URL=https://www.debian.org/
[0m[1mmodule.infrastructure.terraform_data.k3s_master (remote-exec):[0m [0m+ SUPPORT_URL=https://www.debian.org/support
[0m[1mmodule.infrastructure.terraform_data.k3s_master (remote-exec):[0m [0m+ BUG_REPORT_URL=https://bugs.debian.org/
[0m[1mmodule.infrastructure.terraform_data.k3s_master (remote-exec):[0m [0m+ expr  : .*suse.*
[0m[1mmodule.infrastructure.terraform_data.k3s_master (remote-exec):[0m [0m+ [ 0 != 0 ]
[0m[1mmodule.infrastructure.terraform_data.k3s_master (remote-exec):[0m [0m+ [ debian = fedora ]
[0m[1mmodule.infrastructure.terraform_data.k3s_master (remote-exec):[0m [0m+ expr  : .*fedora.*\|.*rhel.*\|.*centos.*
[0m[1mmodule.infrastructure.terraform_data.k3s_master (remote-exec):[0m [0m+ [ 0 != 0 ]
[0m[1mmodule.infrastructure.terraform_data.k3s_master (remote-exec):[0m [0m+ type rpm-ostree
[0m[1mmodule.infrastructure.terraform_data.k3s_master (remote-exec):[0m [0m+ type zypper
[0m[1mmodule.infrastructure.terraform_data.k3s_master (remote-exec):[0m [0m+ type yum
[0m[1mmodule.infrastructure.terraform_data.k3s_master (remote-exec):[0m [0m+ [ -d /usr/share/selinux ]
[0m[1mmodule.infrastructure.terraform_data.k3s_master (remote-exec):[0m [0m+ echo [WARN] Automatic removal of "k3s-selinux" package not possible, please remove it manually.
[0m[1mmodule.infrastructure.terraform_data.k3s_master (remote-exec):[0m [0m[WARN] Automatic removal of "k3s-selinux" package not possible, please remove it manually.
[0m[1mmodule.infrastructure.terraform_data.k3s_master (remote-exec):[0m [0m+ [ -d /etc/zypp/repos.d ]
[0m[1mmodule.infrastructure.terraform_data.k3s_master (remote-exec):[0m [0m+ [ -d /etc/yum.repos.d ]
[0m[1mmodule.infrastructure.terraform_data.k3s_master (remote-exec):[0m [0m+ remove_uninstall
[0m[1mmodule.infrastructure.terraform_data.k3s_master (remote-exec):[0m [0m+ rm -f /usr/local/bin/k3s-uninstall.sh
[0m[1mmodule.infrastructure.terraform_data.k3s_master: Destruction complete after 6s[0m
[0m[1m[32m
Destroy complete! Resources: 9 destroyed.[0m

real	1m0.926s
user	0m0.671s
sys	0m0.147s
