[33m╷[0m[0m
[33m│[0m [0m[1m[33mWarning: [0m[0m[1mProvider development overrides are in effect[0m
[33m│[0m [0m
[33m│[0m [0m[0mThe following provider development overrides are set in the CLI
[33m│[0m [0mconfiguration:
[33m│[0m [0m - saathvikk/fog in /home/microstack/paper-2/terraform-provider-fog
[33m│[0m [0m
[33m│[0m [0mThe behavior may therefore not match any released version of the provider
[33m│[0m [0mand applying changes may cause the state to become incompatible with
[33m│[0m [0mpublished releases.
[33m╵[0m[0m
[0m[1mmodule.infrastructure.terraform_data.k3s_master: Refreshing state... [id=e17e0475-953c-f48e-fa64-74203b23761d][0m
[0m[1mmodule.infrastructure.terraform_data.fetch_config: Refreshing state... [id=cfb0336c-d953-44cc-1678-8f61521dac49][0m
[0m[1mmodule.infrastructure.data.local_file.k3s_token: Reading...[0m[0m
[0m[1mmodule.infrastructure.data.local_file.k3s_token: Read complete after 0s [id=9ef619dd2c6a4bfaf61c38ea442e0cca2872d815][0m
[0m[1mmodule.infrastructure.terraform_data.k3s_workers["actuator_node"]: Refreshing state... [id=09943f9e-79e6-e586-ea1c-44d968a27326][0m
[0m[1mmodule.infrastructure.terraform_data.k3s_workers["publisher_node"]: Refreshing state... [id=0e5cdf7b-50a4-8d2c-9dd9-137c2e0e477e][0m
[0m[1mmodule.soil_moisture_k3s.terraform_data.deploy_k3s_stack: Refreshing state... [id=428e2a95-8000-c99a-117c-426c7fb4191c][0m
[0m[1mmodule.publisher_daemon.terraform_data.prepare_node: Refreshing state... [id=422ce270-d5e4-6e5b-8aeb-e6399c0608d5][0m
[0m[1mmodule.actuator_daemon.terraform_data.prepare_node: Refreshing state... [id=517bc1f8-ffa3-534c-211d-228ce5d3885e][0m
[0m[1mmodule.publisher_daemon.fog_systemd_service.daemon: Refreshing state... [id=192.168.0.76::mqtt_publisher_service][0m
[0m[1mmodule.actuator_daemon.fog_systemd_service.daemon: Refreshing state... [id=192.168.0.237::actuator_service][0m

Terraform used the selected providers to generate the following execution
plan. Resource actions are indicated with the following symbols:
  [31m-[0m destroy[0m

Terraform will perform the following actions:

[1m  # module.actuator_daemon.fog_systemd_service.daemon[0m will be [1m[31mdestroyed[0m
[0m  [31m-[0m[0m resource "fog_systemd_service" "daemon" {
      [31m-[0m[0m environment    = {
          [31m-[0m[0m "MQTT_BROKER" = "192.168.0.204"
          [31m-[0m[0m "MQTT_PORT"   = "31883"
        } [90m-> null[0m[0m
      [31m-[0m[0m exec_start     = "/usr/bin/python3 /home/pi2/services/actuator_service.py" [90m-> null[0m[0m
      [31m-[0m[0m id             = "192.168.0.237::actuator_service" [90m-> null[0m[0m
      [31m-[0m[0m node_address   = "192.168.0.237" [90m-> null[0m[0m
      [31m-[0m[0m node_user      = "pi2" [90m-> null[0m[0m
      [31m-[0m[0m service_name   = "actuator_service" [90m-> null[0m[0m
      [31m-[0m[0m unit_file_hash = "9b32429e2c549c7068b16204035f9a1bc6501bce93998c1a6f12d9277d77bec3" [90m-> null[0m[0m
    }

[1m  # module.actuator_daemon.terraform_data.prepare_node[0m will be [1m[31mdestroyed[0m
[0m  [31m-[0m[0m resource "terraform_data" "prepare_node" {
      [31m-[0m[0m id               = "517bc1f8-ffa3-534c-211d-228ce5d3885e" [90m-> null[0m[0m
      [31m-[0m[0m input            = {
          [31m-[0m[0m host         = "192.168.0.237"
          [31m-[0m[0m service_name = "actuator_service"
          [31m-[0m[0m user         = "pi2"
        } [90m-> null[0m[0m
      [31m-[0m[0m output           = {
          [31m-[0m[0m host         = "192.168.0.237"
          [31m-[0m[0m service_name = "actuator_service"
          [31m-[0m[0m user         = "pi2"
        } [90m-> null[0m[0m
      [31m-[0m[0m triggers_replace = [
          [31m-[0m[0m "https://gist.githubusercontent.com/21mcme04/ffcfc4f88ca37fc0ab03c4cc2a1ef254/raw/fb7d6a955105cc29d1f6d8ba1dbe7f6f9b577b5e/actuator-soil-servo.py",
        ] [90m-> null[0m[0m
    }

[1m  # module.infrastructure.terraform_data.fetch_config[0m will be [1m[31mdestroyed[0m
[0m  [31m-[0m[0m resource "terraform_data" "fetch_config" {
      [31m-[0m[0m id               = "cfb0336c-d953-44cc-1678-8f61521dac49" [90m-> null[0m[0m
      [31m-[0m[0m triggers_replace = [
          [31m-[0m[0m "192.168.0.204",
        ] [90m-> null[0m[0m
    }

[1m  # module.infrastructure.terraform_data.k3s_master[0m will be [1m[31mdestroyed[0m
[0m  [31m-[0m[0m resource "terraform_data" "k3s_master" {
      [31m-[0m[0m id               = "e17e0475-953c-f48e-fa64-74203b23761d" [90m-> null[0m[0m
      [31m-[0m[0m input            = {
          [31m-[0m[0m host = "192.168.0.204"
          [31m-[0m[0m user = "pi1"
        } [90m-> null[0m[0m
      [31m-[0m[0m output           = {
          [31m-[0m[0m host = "192.168.0.204"
          [31m-[0m[0m user = "pi1"
        } [90m-> null[0m[0m
      [31m-[0m[0m triggers_replace = [
          [31m-[0m[0m "192.168.0.204",
        ] [90m-> null[0m[0m
    }

[1m  # module.infrastructure.terraform_data.k3s_workers["actuator_node"][0m will be [1m[31mdestroyed[0m
[0m  [31m-[0m[0m resource "terraform_data" "k3s_workers" {
      [31m-[0m[0m id               = "09943f9e-79e6-e586-ea1c-44d968a27326" [90m-> null[0m[0m
      [31m-[0m[0m input            = {
          [31m-[0m[0m host = "192.168.0.237"
          [31m-[0m[0m user = "pi2"
        } [90m-> null[0m[0m
      [31m-[0m[0m output           = {
          [31m-[0m[0m host = "192.168.0.237"
          [31m-[0m[0m user = "pi2"
        } [90m-> null[0m[0m
      [31m-[0m[0m triggers_replace = [
          [31m-[0m[0m "192.168.0.237",
        ] [90m-> null[0m[0m
    }

[1m  # module.infrastructure.terraform_data.k3s_workers["publisher_node"][0m will be [1m[31mdestroyed[0m
[0m  [31m-[0m[0m resource "terraform_data" "k3s_workers" {
      [31m-[0m[0m id               = "0e5cdf7b-50a4-8d2c-9dd9-137c2e0e477e" [90m-> null[0m[0m
      [31m-[0m[0m input            = {
          [31m-[0m[0m host = "192.168.0.76"
          [31m-[0m[0m user = "pi3"
        } [90m-> null[0m[0m
      [31m-[0m[0m output           = {
          [31m-[0m[0m host = "192.168.0.76"
          [31m-[0m[0m user = "pi3"
        } [90m-> null[0m[0m
      [31m-[0m[0m triggers_replace = [
          [31m-[0m[0m "192.168.0.76",
        ] [90m-> null[0m[0m
    }

[1m  # module.publisher_daemon.fog_systemd_service.daemon[0m will be [1m[31mdestroyed[0m
[0m  [31m-[0m[0m resource "fog_systemd_service" "daemon" {
      [31m-[0m[0m environment    = {
          [31m-[0m[0m "MQTT_BROKER" = "192.168.0.204"
          [31m-[0m[0m "MQTT_PORT"   = "31883"
        } [90m-> null[0m[0m
      [31m-[0m[0m exec_start     = "/usr/bin/python3 /home/pi3/services/mqtt_publisher_service.py" [90m-> null[0m[0m
      [31m-[0m[0m id             = "192.168.0.76::mqtt_publisher_service" [90m-> null[0m[0m
      [31m-[0m[0m node_address   = "192.168.0.76" [90m-> null[0m[0m
      [31m-[0m[0m node_user      = "pi3" [90m-> null[0m[0m
      [31m-[0m[0m service_name   = "mqtt_publisher_service" [90m-> null[0m[0m
      [31m-[0m[0m unit_file_hash = "f2e0399290fb506540eab096df817d396d4498d54f905093451e9a9908ec366c" [90m-> null[0m[0m
    }

[1m  # module.publisher_daemon.terraform_data.prepare_node[0m will be [1m[31mdestroyed[0m
[0m  [31m-[0m[0m resource "terraform_data" "prepare_node" {
      [31m-[0m[0m id               = "422ce270-d5e4-6e5b-8aeb-e6399c0608d5" [90m-> null[0m[0m
      [31m-[0m[0m input            = {
          [31m-[0m[0m host         = "192.168.0.76"
          [31m-[0m[0m service_name = "mqtt_publisher_service"
          [31m-[0m[0m user         = "pi3"
        } [90m-> null[0m[0m
      [31m-[0m[0m output           = {
          [31m-[0m[0m host         = "192.168.0.76"
          [31m-[0m[0m service_name = "mqtt_publisher_service"
          [31m-[0m[0m user         = "pi3"
        } [90m-> null[0m[0m
      [31m-[0m[0m triggers_replace = [
          [31m-[0m[0m "https://gist.githubusercontent.com/21mcme04/acdea1dfc4483d79a3510945ef201e64/raw/383ed9b38c261a8e7d63ed40303ca65f3fae5517/publisher-soil-moisture.py",
        ] [90m-> null[0m[0m
    }

[1m  # module.soil_moisture_k3s.terraform_data.deploy_k3s_stack[0m will be [1m[31mdestroyed[0m
[0m  [31m-[0m[0m resource "terraform_data" "deploy_k3s_stack" {
      [31m-[0m[0m id               = "428e2a95-8000-c99a-117c-426c7fb4191c" [90m-> null[0m[0m
      [31m-[0m[0m triggers_replace = [
          [31m-[0m[0m "https://gist.githubusercontent.com/21mcme04/68c7edc0b0c5653ecd2e138683f3d568/raw/2021060c1bf05e8d5cd1599ad28d872b9a94fd6d/k3s-fogdeft-soil_moisture-manifest.yaml",
        ] [90m-> null[0m[0m
    }

[1mPlan:[0m [0m0 to add, 0 to change, 9 to destroy.

Changes to Outputs:
  [31m-[0m[0m master_ip = "192.168.0.204" [90m-> null[0m[0m
  [31m-[0m[0m status    = "Deployment complete. Publisher, Actuator, and Broker are running." [90m-> null[0m[0m
[0m[1mmodule.actuator_daemon.fog_systemd_service.daemon: Destroying... [id=192.168.0.237::actuator_service][0m[0m
[0m[1mmodule.publisher_daemon.fog_systemd_service.daemon: Destroying... [id=192.168.0.76::mqtt_publisher_service][0m[0m
[0m[1mmodule.publisher_daemon.fog_systemd_service.daemon: Destruction complete after 2s[0m
[0m[1mmodule.actuator_daemon.fog_systemd_service.daemon: Destruction complete after 2s[0m
[0m[1mmodule.publisher_daemon.terraform_data.prepare_node: Destroying... [id=422ce270-d5e4-6e5b-8aeb-e6399c0608d5][0m[0m
[0m[1mmodule.publisher_daemon.terraform_data.prepare_node: Provisioning with 'remote-exec'...[0m[0m
[0m[1mmodule.publisher_daemon.terraform_data.prepare_node (remote-exec):[0m [0mConnecting to remote host via SSH...
[0m[1mmodule.publisher_daemon.terraform_data.prepare_node (remote-exec):[0m [0m  Host: 192.168.0.76
[0m[1mmodule.publisher_daemon.terraform_data.prepare_node (remote-exec):[0m [0m  User: pi3
[0m[1mmodule.publisher_daemon.terraform_data.prepare_node (remote-exec):[0m [0m  Password: false
[0m[1mmodule.publisher_daemon.terraform_data.prepare_node (remote-exec):[0m [0m  Private key: false
[0m[1mmodule.publisher_daemon.terraform_data.prepare_node (remote-exec):[0m [0m  Certificate: false
[0m[1mmodule.publisher_daemon.terraform_data.prepare_node (remote-exec):[0m [0m  SSH Agent: true
[0m[1mmodule.publisher_daemon.terraform_data.prepare_node (remote-exec):[0m [0m  Checking Host Key: false
[0m[1mmodule.publisher_daemon.terraform_data.prepare_node (remote-exec):[0m [0m  Target Platform: unix
[0m[1mmodule.actuator_daemon.terraform_data.prepare_node: Destroying... [id=517bc1f8-ffa3-534c-211d-228ce5d3885e][0m[0m
[0m[1mmodule.actuator_daemon.terraform_data.prepare_node: Provisioning with 'remote-exec'...[0m[0m
[0m[1mmodule.actuator_daemon.terraform_data.prepare_node (remote-exec):[0m [0mConnecting to remote host via SSH...
[0m[1mmodule.actuator_daemon.terraform_data.prepare_node (remote-exec):[0m [0m  Host: 192.168.0.237
[0m[1mmodule.actuator_daemon.terraform_data.prepare_node (remote-exec):[0m [0m  User: pi2
[0m[1mmodule.actuator_daemon.terraform_data.prepare_node (remote-exec):[0m [0m  Password: false
[0m[1mmodule.actuator_daemon.terraform_data.prepare_node (remote-exec):[0m [0m  Private key: false
[0m[1mmodule.actuator_daemon.terraform_data.prepare_node (remote-exec):[0m [0m  Certificate: false
[0m[1mmodule.actuator_daemon.terraform_data.prepare_node (remote-exec):[0m [0m  SSH Agent: true
[0m[1mmodule.actuator_daemon.terraform_data.prepare_node (remote-exec):[0m [0m  Checking Host Key: false
[0m[1mmodule.actuator_daemon.terraform_data.prepare_node (remote-exec):[0m [0m  Target Platform: unix
[0m[1mmodule.actuator_daemon.terraform_data.prepare_node (remote-exec):[0m [0mConnected!
[0m[1mmodule.publisher_daemon.terraform_data.prepare_node (remote-exec):[0m [0mConnected!
[0m[1mmodule.actuator_daemon.terraform_data.prepare_node: Destruction complete after 1s[0m
[0m[1mmodule.publisher_daemon.terraform_data.prepare_node: Destruction complete after 1s[0m
[0m[1mmodule.soil_moisture_k3s.terraform_data.deploy_k3s_stack: Destroying... [id=428e2a95-8000-c99a-117c-426c7fb4191c][0m[0m
[0m[1mmodule.soil_moisture_k3s.terraform_data.deploy_k3s_stack: Provisioning with 'local-exec'...[0m[0m
[0m[1mmodule.soil_moisture_k3s.terraform_data.deploy_k3s_stack (local-exec):[0m [0mExecuting: ["/bin/sh" "-c" "export KUBECONFIG=./kubeconfig.yaml && kubectl delete -f https://gist.githubusercontent.com/21mcme04/68c7edc0b0c5653ecd2e138683f3d568/raw/2021060c1bf05e8d5cd1599ad28d872b9a94fd6d/k3s-fogdeft-soil_moisture-manifest.yaml --ignore-not-found=true"]
[0m[1mmodule.soil_moisture_k3s.terraform_data.deploy_k3s_stack (local-exec):[0m [0mnamespace "fogdeft-stack" deleted
[0m[1mmodule.soil_moisture_k3s.terraform_data.deploy_k3s_stack (local-exec):[0m [0mdeployment.apps "mqtt-broker" deleted from fogdeft-stack namespace
[0m[1mmodule.soil_moisture_k3s.terraform_data.deploy_k3s_stack (local-exec):[0m [0mservice "mqtt-broker" deleted from fogdeft-stack namespace
[0m[1mmodule.soil_moisture_k3s.terraform_data.deploy_k3s_stack (local-exec):[0m [0mservice "mqtt-broker-external" deleted from fogdeft-stack namespace
[0m[1mmodule.soil_moisture_k3s.terraform_data.deploy_k3s_stack (local-exec):[0m [0mdeployment.apps "mqtt-subscriber" deleted from fogdeft-stack namespace
[0m[1mmodule.soil_moisture_k3s.terraform_data.deploy_k3s_stack (local-exec):[0m [0mpersistentvolumeclaim "mosquitto-data-pvc" deleted from fogdeft-stack namespace
[0m[1mmodule.soil_moisture_k3s.terraform_data.deploy_k3s_stack (local-exec):[0m [0mpersistentvolumeclaim "mosquitto-logs-pvc" deleted from fogdeft-stack namespace
[0m[1mmodule.soil_moisture_k3s.terraform_data.deploy_k3s_stack: Still destroying... [id=428e2a95-8000-c99a-117c-426c7fb4191c, 00m10s elapsed][0m[0m
[0m[1mmodule.soil_moisture_k3s.terraform_data.deploy_k3s_stack: Still destroying... [id=428e2a95-8000-c99a-117c-426c7fb4191c, 00m20s elapsed][0m[0m
[0m[1mmodule.soil_moisture_k3s.terraform_data.deploy_k3s_stack: Still destroying... [id=428e2a95-8000-c99a-117c-426c7fb4191c, 00m30s elapsed][0m[0m
[0m[1mmodule.soil_moisture_k3s.terraform_data.deploy_k3s_stack: Still destroying... [id=428e2a95-8000-c99a-117c-426c7fb4191c, 00m40s elapsed][0m[0m
[0m[1mmodule.soil_moisture_k3s.terraform_data.deploy_k3s_stack: Destruction complete after 49s[0m
[0m[1mmodule.infrastructure.terraform_data.k3s_workers["publisher_node"]: Destroying... [id=0e5cdf7b-50a4-8d2c-9dd9-137c2e0e477e][0m[0m
[0m[1mmodule.infrastructure.terraform_data.k3s_workers["actuator_node"]: Destroying... [id=09943f9e-79e6-e586-ea1c-44d968a27326][0m[0m
[0m[1mmodule.infrastructure.terraform_data.k3s_workers["publisher_node"]: Provisioning with 'remote-exec'...[0m[0m
[0m[1mmodule.infrastructure.terraform_data.k3s_workers["actuator_node"]: Provisioning with 'remote-exec'...[0m[0m
[0m[1mmodule.infrastructure.terraform_data.k3s_workers["publisher_node"] (remote-exec):[0m [0mConnecting to remote host via SSH...
[0m[1mmodule.infrastructure.terraform_data.k3s_workers["publisher_node"] (remote-exec):[0m [0m  Host: 192.168.0.76
[0m[1mmodule.infrastructure.terraform_data.k3s_workers["publisher_node"] (remote-exec):[0m [0m  User: pi3
[0m[1mmodule.infrastructure.terraform_data.k3s_workers["publisher_node"] (remote-exec):[0m [0m  Password: false
[0m[1mmodule.infrastructure.terraform_data.k3s_workers["publisher_node"] (remote-exec):[0m [0m  Private key: false
[0m[1mmodule.infrastructure.terraform_data.k3s_workers["publisher_node"] (remote-exec):[0m [0m  Certificate: false
[0m[1mmodule.infrastructure.terraform_data.k3s_workers["publisher_node"] (remote-exec):[0m [0m  SSH Agent: true
[0m[1mmodule.infrastructure.terraform_data.k3s_workers["publisher_node"] (remote-exec):[0m [0m  Checking Host Key: false
[0m[1mmodule.infrastructure.terraform_data.k3s_workers["publisher_node"] (remote-exec):[0m [0m  Target Platform: unix
[0m[1mmodule.infrastructure.terraform_data.k3s_workers["actuator_node"] (remote-exec):[0m [0mConnecting to remote host via SSH...
[0m[1mmodule.infrastructure.terraform_data.k3s_workers["actuator_node"] (remote-exec):[0m [0m  Host: 192.168.0.237
[0m[1mmodule.infrastructure.terraform_data.k3s_workers["actuator_node"] (remote-exec):[0m [0m  User: pi2
[0m[1mmodule.infrastructure.terraform_data.k3s_workers["actuator_node"] (remote-exec):[0m [0m  Password: false
[0m[1mmodule.infrastructure.terraform_data.k3s_workers["actuator_node"] (remote-exec):[0m [0m  Private key: false
[0m[1mmodule.infrastructure.terraform_data.k3s_workers["actuator_node"] (remote-exec):[0m [0m  Certificate: false
[0m[1mmodule.infrastructure.terraform_data.k3s_workers["actuator_node"] (remote-exec):[0m [0m  SSH Agent: true
[0m[1mmodule.infrastructure.terraform_data.k3s_workers["actuator_node"] (remote-exec):[0m [0m  Checking Host Key: false
[0m[1mmodule.infrastructure.terraform_data.k3s_workers["actuator_node"] (remote-exec):[0m [0m  Target Platform: unix
[0m[1mmodule.infrastructure.terraform_data.k3s_workers["publisher_node"] (remote-exec):[0m [0mConnected!
[0m[1mmodule.infrastructure.terraform_data.k3s_workers["actuator_node"] (remote-exec):[0m [0mConnected!
[0m[1mmodule.infrastructure.terraform_data.k3s_workers["publisher_node"] (remote-exec):[0m [0m+ id -u
[0m[1mmodule.infrastructure.terraform_data.k3s_workers["publisher_node"] (remote-exec):[0m [0m+ [ 1000 -eq 0 ]
[0m[1mmodule.infrastructure.terraform_data.k3s_workers["publisher_node"] (remote-exec):[0m [0m+ exec sudo --preserve-env=K3S_DATA_DIR /usr/local/bin/k3s-agent-uninstall.sh
[0m[1mmodule.infrastructure.terraform_data.k3s_workers["actuator_node"] (remote-exec):[0m [0m+ id -u
[0m[1mmodule.infrastructure.terraform_data.k3s_workers["actuator_node"] (remote-exec):[0m [0m+ [ 1000 -eq 0 ]
[0m[1mmodule.infrastructure.terraform_data.k3s_workers["actuator_node"] (remote-exec):[0m [0m+ exec sudo --preserve-env=K3S_DATA_DIR /usr/local/bin/k3s-agent-uninstall.sh
[0m[1mmodule.infrastructure.terraform_data.k3s_workers["publisher_node"] (remote-exec):[0m [0m+ id -u
[0m[1mmodule.infrastructure.terraform_data.k3s_workers["publisher_node"] (remote-exec):[0m [0m+ [ 0 -eq 0 ]
[0m[1mmodule.infrastructure.terraform_data.k3s_workers["publisher_node"] (remote-exec):[0m [0m+ K3S_DATA_DIR=/var/lib/rancher/k3s
[0m[1mmodule.infrastructure.terraform_data.k3s_workers["publisher_node"] (remote-exec):[0m [0m+ /usr/local/bin/k3s-killall.sh
[0m[1mmodule.infrastructure.terraform_data.k3s_workers["publisher_node"] (remote-exec):[0m [0m+ [ -s /etc/systemd/system/k3s-agent.service ]
[0m[1mmodule.infrastructure.terraform_data.k3s_workers["publisher_node"] (remote-exec):[0m [0m+ basename /etc/systemd/system/k3s-agent.service
[0m[1mmodule.infrastructure.terraform_data.k3s_workers["publisher_node"] (remote-exec):[0m [0m+ systemctl stop k3s-agent.service
[0m[1mmodule.infrastructure.terraform_data.k3s_workers["actuator_node"] (remote-exec):[0m [0m+ id -u
[0m[1mmodule.infrastructure.terraform_data.k3s_workers["actuator_node"] (remote-exec):[0m [0m+ [ 0 -eq 0 ]
[0m[1mmodule.infrastructure.terraform_data.k3s_workers["actuator_node"] (remote-exec):[0m [0m+ K3S_DATA_DIR=/var/lib/rancher/k3s
[0m[1mmodule.infrastructure.terraform_data.k3s_workers["actuator_node"] (remote-exec):[0m [0m+ /usr/local/bin/k3s-killall.sh
[0m[1mmodule.infrastructure.terraform_data.k3s_workers["actuator_node"] (remote-exec):[0m [0m+ [ -s /etc/systemd/system/k3s-agent.service ]
[0m[1mmodule.infrastructure.terraform_data.k3s_workers["actuator_node"] (remote-exec):[0m [0m+ basename /etc/systemd/system/k3s-agent.service
[0m[1mmodule.infrastructure.terraform_data.k3s_workers["actuator_node"] (remote-exec):[0m [0m+ systemctl stop k3s-agent.service
[0m[1mmodule.infrastructure.terraform_data.k3s_workers["publisher_node"] (remote-exec):[0m [0m+ [ -x /etc/init.d/k3s* ]
[0m[1mmodule.infrastructure.terraform_data.k3s_workers["publisher_node"] (remote-exec):[0m [0m+ killtree 715234
[0m[1mmodule.infrastructure.terraform_data.k3s_workers["actuator_node"] (remote-exec):[0m [0m+ [ -x /etc/init.d/k3s* ]
[0m[1mmodule.infrastructure.terraform_data.k3s_workers["actuator_node"] (remote-exec):[0m [0m+ killtree 759828 759865
[0m[1mmodule.infrastructure.terraform_data.k3s_workers["publisher_node"] (remote-exec):[0m [0m+ kill -9 715234 715258 715666 715710
[0m[1mmodule.infrastructure.terraform_data.k3s_workers["publisher_node"] (remote-exec):[0m [0m+ do_unmount_and_remove /run/k3s
[0m[1mmodule.infrastructure.terraform_data.k3s_workers["publisher_node"] (remote-exec):[0m [0m+ set +x
[0m[1mmodule.infrastructure.terraform_data.k3s_workers["publisher_node"] (remote-exec):[0m [0msh -c 'umount -f "$0" && rm -rf "$0"' /run/k3s/containerd/io.containerd.runtime.v2.task/k8s.io/cf435258d8d821cebcff083039d2e6f55ac35aed817f4b17a1886e253aeef169/rootfs
[0m[1mmodule.infrastructure.terraform_data.k3s_workers["publisher_node"] (remote-exec):[0m [0msh -c 'umount -f "$0" && rm -rf "$0"' /run/k3s/containerd/io.containerd.runtime.v2.task/k8s.io/1d447ad9fb394442e200959558768fdf8dce8ea9e0bb6ce0657a13823a577407/rootfs
[0m[1mmodule.infrastructure.terraform_data.k3s_workers["publisher_node"] (remote-exec):[0m [0msh -c 'umount -f "$0" && rm -rf "$0"' /run/k3s/containerd/io.containerd.runtime.v2.task/k8s.io/1adefe2ff4ba76fd503d16fc234e57a58723917f765c18184536237373690bf5/rootfs
[0m[1mmodule.infrastructure.terraform_data.k3s_workers["publisher_node"] (remote-exec):[0m [0msh -c 'umount -f "$0" && rm -rf "$0"' /run/k3s/containerd/io.containerd.grpc.v1.cri/sandboxes/1d447ad9fb394442e200959558768fdf8dce8ea9e0bb6ce0657a13823a577407/shm
[0m[1mmodule.infrastructure.terraform_data.k3s_workers["publisher_node"] (remote-exec):[0m [0m+ do_unmount_and_remove /var/lib/kubelet/pods
[0m[1mmodule.infrastructure.terraform_data.k3s_workers["publisher_node"] (remote-exec):[0m [0m+ set +x
[0m[1mmodule.infrastructure.terraform_data.k3s_workers["publisher_node"] (remote-exec):[0m [0m+ do_unmount_and_remove /var/lib/kubelet/plugins
[0m[1mmodule.infrastructure.terraform_data.k3s_workers["publisher_node"] (remote-exec):[0m [0m+ set +x
[0m[1mmodule.infrastructure.terraform_data.k3s_workers["publisher_node"] (remote-exec):[0m [0m+ do_unmount_and_remove /run/netns/cni-
[0m[1mmodule.infrastructure.terraform_data.k3s_workers["publisher_node"] (remote-exec):[0m [0m+ set +x
[0m[1mmodule.infrastructure.terraform_data.k3s_workers["publisher_node"] (remote-exec):[0m [0msh -c 'umount -f "$0" && rm -rf "$0"' /run/netns/cni-15aa2d98-032d-47e6-9f1d-ffbd2c9c4f65
[0m[1mmodule.infrastructure.terraform_data.k3s_workers["publisher_node"] (remote-exec):[0m [0m+ ip netns show
[0m[1mmodule.infrastructure.terraform_data.k3s_workers["publisher_node"] (remote-exec):[0m [0m+ grep cni-
[0m[1mmodule.infrastructure.terraform_data.k3s_workers["publisher_node"] (remote-exec):[0m [0m+ xargs -r -t -n 1 ip netns delete
[0m[1mmodule.infrastructure.terraform_data.k3s_workers["publisher_node"] (remote-exec):[0m [0m+ remove_interfaces
[0m[1mmodule.infrastructure.terraform_data.k3s_workers["publisher_node"] (remote-exec):[0m [0m+ grep master cni0
[0m[1mmodule.infrastructure.terraform_data.k3s_workers["publisher_node"] (remote-exec):[0m [0m+ ip link show
[0m[1mmodule.infrastructure.terraform_data.k3s_workers["publisher_node"] (remote-exec):[0m [0m+ read ignore iface ignore
[0m[1mmodule.infrastructure.terraform_data.k3s_workers["publisher_node"] (remote-exec):[0m [0m+ ip link delete cni0
[0m[1mmodule.infrastructure.terraform_data.k3s_workers["actuator_node"] (remote-exec):[0m [0m+ kill -9 759828 759910 760599 760772 759865 759921 761457
[0m[1mmodule.infrastructure.terraform_data.k3s_workers["actuator_node"] (remote-exec):[0m [0m+ do_unmount_and_remove /run/k3s
[0m[1mmodule.infrastructure.terraform_data.k3s_workers["actuator_node"] (remote-exec):[0m [0m+ set +x
[0m[1mmodule.infrastructure.terraform_data.k3s_workers["actuator_node"] (remote-exec):[0m [0msh -c 'umount -f "$0" && rm -rf "$0"' /run/k3s/containerd/io.containerd.runtime.v2.task/k8s.io/e53596fb590b9de76857b70041268eb6c2962ad34650cd4ef9ff3dcbacad5373/rootfs
[0m[1mmodule.infrastructure.terraform_data.k3s_workers["publisher_node"] (remote-exec):[0m [0m+ ip link delete flannel.1
[0m[1mmodule.infrastructure.terraform_data.k3s_workers["actuator_node"] (remote-exec):[0m [0msh -c 'umount -f "$0" && rm -rf "$0"' /run/k3s/containerd/io.containerd.runtime.v2.task/k8s.io/774f6c66b56e7edc11bc2fded3ef4b38b517f8e148add48b7d451105d0e99e1d/rootfs
[0m[1mmodule.infrastructure.terraform_data.k3s_workers["actuator_node"] (remote-exec):[0m [0msh -c 'umount -f "$0" && rm -rf "$0"' /run/k3s/containerd/io.containerd.runtime.v2.task/k8s.io/342dad01c00f6d54293f3c0379da4b9cfd5bed47f63259f72748ac42219bdbdc/rootfs
[0m[1mmodule.infrastructure.terraform_data.k3s_workers["actuator_node"] (remote-exec):[0m [0msh -c 'umount -f "$0" && rm -rf "$0"' /run/k3s/containerd/io.containerd.runtime.v2.task/k8s.io/10599ea75c27ae99b248a09db55364cbbe0cf5a054db4f95418d6b598f7fadb7/rootfs
[0m[1mmodule.infrastructure.terraform_data.k3s_workers["actuator_node"] (remote-exec):[0m [0msh -c 'umount -f "$0" && rm -rf "$0"' /run/k3s/containerd/io.containerd.runtime.v2.task/k8s.io/1058a8d9eeb65b2f96ea8421bce91823029668759df8fca9a4347a6c50b198fb/rootfs
[0m[1mmodule.infrastructure.terraform_data.k3s_workers["actuator_node"] (remote-exec):[0m [0msh -c 'umount -f "$0" && rm -rf "$0"' /run/k3s/containerd/io.containerd.grpc.v1.cri/sandboxes/e53596fb590b9de76857b70041268eb6c2962ad34650cd4ef9ff3dcbacad5373/shm
[0m[1mmodule.infrastructure.terraform_data.k3s_workers["actuator_node"] (remote-exec):[0m [0msh -c 'umount -f "$0" && rm -rf "$0"' /run/k3s/containerd/io.containerd.grpc.v1.cri/sandboxes/10599ea75c27ae99b248a09db55364cbbe0cf5a054db4f95418d6b598f7fadb7/shm
[0m[1mmodule.infrastructure.terraform_data.k3s_workers["publisher_node"] (remote-exec):[0m [0m+ ip link delete flannel-v6.1
[0m[1mmodule.infrastructure.terraform_data.k3s_workers["actuator_node"] (remote-exec):[0m [0m+ do_unmount_and_remove /var/lib/kubelet/pods
[0m[1mmodule.infrastructure.terraform_data.k3s_workers["actuator_node"] (remote-exec):[0m [0m+ set +x
[0m[1mmodule.infrastructure.terraform_data.k3s_workers["actuator_node"] (remote-exec):[0m [0msh -c 'umount -f "$0" && rm -rf "$0"' /var/lib/kubelet/pods/2ecb7aef-c695-49e7-bf2b-91a88ea36112/volumes/kubernetes.io~projected/kube-api-access-qz8mq
[0m[1mmodule.infrastructure.terraform_data.k3s_workers["publisher_node"] (remote-exec):[0m [0mCannot find device "flannel-v6.1"
[0m[1mmodule.infrastructure.terraform_data.k3s_workers["publisher_node"] (remote-exec):[0m [0m+ ip link delete kube-ipvs0
[0m[1mmodule.infrastructure.terraform_data.k3s_workers["actuator_node"] (remote-exec):[0m [0m+ do_unmount_and_remove /var/lib/kubelet/plugins
[0m[1mmodule.infrastructure.terraform_data.k3s_workers["actuator_node"] (remote-exec):[0m [0m+ set +x
[0m[1mmodule.infrastructure.terraform_data.k3s_workers["actuator_node"] (remote-exec):[0m [0m+ do_unmount_and_remove /run/netns/cni-
[0m[1mmodule.infrastructure.terraform_data.k3s_workers["actuator_node"] (remote-exec):[0m [0m+ set +x
[0m[1mmodule.infrastructure.terraform_data.k3s_workers["publisher_node"] (remote-exec):[0m [0mCannot find device "kube-ipvs0"
[0m[1mmodule.infrastructure.terraform_data.k3s_workers["publisher_node"] (remote-exec):[0m [0m+ ip link delete flannel-wg
[0m[1mmodule.infrastructure.terraform_data.k3s_workers["actuator_node"] (remote-exec):[0m [0msh -c 'umount -f "$0" && rm -rf "$0"' /run/netns/cni-960374a3-132d-98a9-2bc3-4dcd574082c4
[0m[1mmodule.infrastructure.terraform_data.k3s_workers["actuator_node"] (remote-exec):[0m [0msh -c 'umount -f "$0" && rm -rf "$0"' /run/netns/cni-6a656511-48c3-1914-7022-5e544a9f5260
[0m[1mmodule.infrastructure.terraform_data.k3s_workers["publisher_node"] (remote-exec):[0m [0mCannot find device "flannel-wg"
[0m[1mmodule.infrastructure.terraform_data.k3s_workers["publisher_node"] (remote-exec):[0m [0m+ ip link delete flannel-wg-v6
[0m[1mmodule.infrastructure.terraform_data.k3s_workers["actuator_node"] (remote-exec):[0m [0m+ ip netns show
[0m[1mmodule.infrastructure.terraform_data.k3s_workers["actuator_node"] (remote-exec):[0m [0m+ + grep cni-
[0m[1mmodule.infrastructure.terraform_data.k3s_workers["actuator_node"] (remote-exec):[0m [0mxargs -r -t -n 1 ip netns delete
[0m[1mmodule.infrastructure.terraform_data.k3s_workers["actuator_node"] (remote-exec):[0m [0m+ remove_interfaces
[0m[1mmodule.infrastructure.terraform_data.k3s_workers["actuator_node"] (remote-exec):[0m [0m+ ip link show
[0m[1mmodule.infrastructure.terraform_data.k3s_workers["actuator_node"] (remote-exec):[0m [0m+ grep+  master cni0
[0m[1mmodule.infrastructure.terraform_data.k3s_workers["actuator_node"] (remote-exec):[0m [0mread ignore iface ignore
[0m[1mmodule.infrastructure.terraform_data.k3s_workers["actuator_node"] (remote-exec):[0m [0m+ iface=veth2f21b994
[0m[1mmodule.infrastructure.terraform_data.k3s_workers["actuator_node"] (remote-exec):[0m [0m+ [ -z veth2f21b994 ]
[0m[1mmodule.infrastructure.terraform_data.k3s_workers["actuator_node"] (remote-exec):[0m [0m+ ip link delete veth2f21b994
[0m[1mmodule.infrastructure.terraform_data.k3s_workers["publisher_node"] (remote-exec):[0m [0mCannot find device "flannel-wg-v6"
[0m[1mmodule.infrastructure.terraform_data.k3s_workers["publisher_node"] (remote-exec):[0m [0m+ command -v tailscale
[0m[1mmodule.infrastructure.terraform_data.k3s_workers["publisher_node"] (remote-exec):[0m [0m+ [ -n  ]
[0m[1mmodule.infrastructure.terraform_data.k3s_workers["publisher_node"] (remote-exec):[0m [0m+ rm -rf /var/lib/cni/
[0m[1mmodule.infrastructure.terraform_data.k3s_workers["publisher_node"] (remote-exec):[0m [0m+ iptables-save
[0m[1mmodule.infrastructure.terraform_data.k3s_workers["publisher_node"] (remote-exec):[0m [0m+ grep -v KUBE-
[0m[1mmodule.infrastructure.terraform_data.k3s_workers["publisher_node"] (remote-exec):[0m [0m+ grep -v+ grep -iv flannel
[0m[1mmodule.infrastructure.terraform_data.k3s_workers["publisher_node"] (remote-exec):[0m [0m+ iptables-restore
[0m[1mmodule.infrastructure.terraform_data.k3s_workers["publisher_node"] (remote-exec):[0m [0m CNI-
[0m[1mmodule.infrastructure.terraform_data.k3s_workers["actuator_node"] (remote-exec):[0m [0m+ read ignore iface ignore
[0m[1mmodule.infrastructure.terraform_data.k3s_workers["actuator_node"] (remote-exec):[0m [0m+ ip link delete cni0
[0m[1mmodule.infrastructure.terraform_data.k3s_workers["publisher_node"] (remote-exec):[0m [0m+ ip6tables-save
[0m[1mmodule.infrastructure.terraform_data.k3s_workers["publisher_node"] (remote-exec):[0m [0m+ grep -v KUBE-
[0m[1mmodule.infrastructure.terraform_data.k3s_workers["publisher_node"] (remote-exec):[0m [0m+ grep -iv flannel+ grep
[0m[1mmodule.infrastructure.terraform_data.k3s_workers["publisher_node"] (remote-exec):[0m [0m+  -v CNI-
[0m[1mmodule.infrastructure.terraform_data.k3s_workers["publisher_node"] (remote-exec):[0m [0mip6tables-restore
[0m[1mmodule.infrastructure.terraform_data.k3s_workers["actuator_node"] (remote-exec):[0m [0m+ ip link delete flannel.1
[0m[1mmodule.infrastructure.terraform_data.k3s_workers["publisher_node"] (remote-exec):[0m [0m+ command -v systemctl
[0m[1mmodule.infrastructure.terraform_data.k3s_workers["publisher_node"] (remote-exec):[0m [0m/usr/bin/systemctl
[0m[1mmodule.infrastructure.terraform_data.k3s_workers["publisher_node"] (remote-exec):[0m [0m+ systemctl disable k3s-agent
[0m[1mmodule.infrastructure.terraform_data.k3s_workers["publisher_node"] (remote-exec):[0m [0mRemoved "/etc/systemd/system/multi-user.target.wants/k3s-agent.service".
[0m[1mmodule.infrastructure.terraform_data.k3s_workers["actuator_node"] (remote-exec):[0m [0m+ ip link delete flannel-v6.1
[0m[1mmodule.infrastructure.terraform_data.k3s_workers["actuator_node"] (remote-exec):[0m [0mCannot find device "flannel-v6.1"
[0m[1mmodule.infrastructure.terraform_data.k3s_workers["actuator_node"] (remote-exec):[0m [0m+ ip link delete kube-ipvs0
[0m[1mmodule.infrastructure.terraform_data.k3s_workers["actuator_node"] (remote-exec):[0m [0mCannot find device "kube-ipvs0"
[0m[1mmodule.infrastructure.terraform_data.k3s_workers["actuator_node"] (remote-exec):[0m [0m+ ip link delete flannel-wg
[0m[1mmodule.infrastructure.terraform_data.k3s_workers["actuator_node"] (remote-exec):[0m [0mCannot find device "flannel-wg"
[0m[1mmodule.infrastructure.terraform_data.k3s_workers["actuator_node"] (remote-exec):[0m [0m+ ip link delete flannel-wg-v6
[0m[1mmodule.infrastructure.terraform_data.k3s_workers["actuator_node"] (remote-exec):[0m [0mCannot find device "flannel-wg-v6"
[0m[1mmodule.infrastructure.terraform_data.k3s_workers["actuator_node"] (remote-exec):[0m [0m+ command -v tailscale
[0m[1mmodule.infrastructure.terraform_data.k3s_workers["actuator_node"] (remote-exec):[0m [0m+ [ -n  ]
[0m[1mmodule.infrastructure.terraform_data.k3s_workers["actuator_node"] (remote-exec):[0m [0m+ rm -rf /var/lib/cni/
[0m[1mmodule.infrastructure.terraform_data.k3s_workers["actuator_node"] (remote-exec):[0m [0m+ iptables-save
[0m[1mmodule.infrastructure.terraform_data.k3s_workers["actuator_node"] (remote-exec):[0m [0m+ grep -v KUBE-
[0m[1mmodule.infrastructure.terraform_data.k3s_workers["actuator_node"] (remote-exec):[0m [0m+ grep -v CNI-
[0m[1mmodule.infrastructure.terraform_data.k3s_workers["actuator_node"] (remote-exec):[0m [0m+ grep -iv flannel
[0m[1mmodule.infrastructure.terraform_data.k3s_workers["actuator_node"] (remote-exec):[0m [0m+ iptables-restore
[0m[1mmodule.infrastructure.terraform_data.k3s_workers["actuator_node"] (remote-exec):[0m [0m+ ip6tables-save
[0m[1mmodule.infrastructure.terraform_data.k3s_workers["actuator_node"] (remote-exec):[0m [0m+ grep -v KUBE-
[0m[1mmodule.infrastructure.terraform_data.k3s_workers["actuator_node"] (remote-exec):[0m [0m+ grep -v CNI-
[0m[1mmodule.infrastructure.terraform_data.k3s_workers["actuator_node"] (remote-exec):[0m [0m+ grep -iv flannel
[0m[1mmodule.infrastructure.terraform_data.k3s_workers["actuator_node"] (remote-exec):[0m [0m+ ip6tables-restore
[0m[1mmodule.infrastructure.terraform_data.k3s_workers["actuator_node"] (remote-exec):[0m [0m+ command -v systemctl
[0m[1mmodule.infrastructure.terraform_data.k3s_workers["actuator_node"] (remote-exec):[0m [0m/usr/bin/systemctl
[0m[1mmodule.infrastructure.terraform_data.k3s_workers["actuator_node"] (remote-exec):[0m [0m+ systemctl disable k3s-agent
[0m[1mmodule.infrastructure.terraform_data.k3s_workers["actuator_node"] (remote-exec):[0m [0mRemoved "/etc/systemd/system/multi-user.target.wants/k3s-agent.service".
[0m[1mmodule.infrastructure.terraform_data.k3s_workers["publisher_node"] (remote-exec):[0m [0m+ systemctl reset-failed k3s-agent
[0m[1mmodule.infrastructure.terraform_data.k3s_workers["publisher_node"] (remote-exec):[0m [0m[0;1;31mFailed to reset failed state of unit k3s-agent.service: Unit k3s-agent.service not loaded.[0m
[0m[1mmodule.infrastructure.terraform_data.k3s_workers["publisher_node"] (remote-exec):[0m [0m+ systemctl daemon-reload
[0m[1mmodule.infrastructure.terraform_data.k3s_workers["actuator_node"] (remote-exec):[0m [0m+ systemctl reset-failed k3s-agent
[0m[1mmodule.infrastructure.terraform_data.k3s_workers["actuator_node"] (remote-exec):[0m [0m[0;1;31mFailed to reset failed state of unit k3s-agent.service: Unit k3s-agent.service not loaded.[0m
[0m[1mmodule.infrastructure.terraform_data.k3s_workers["actuator_node"] (remote-exec):[0m [0m+ systemctl daemon-reload
[0m[1mmodule.infrastructure.terraform_data.k3s_workers["publisher_node"] (remote-exec):[0m [0m+ command -v rc-update
[0m[1mmodule.infrastructure.terraform_data.k3s_workers["publisher_node"] (remote-exec):[0m [0m+ rm -f /etc/systemd/system/k3s-agent.service
[0m[1mmodule.infrastructure.terraform_data.k3s_workers["publisher_node"] (remote-exec):[0m [0m+ rm -f /etc/systemd/system/k3s-agent.service.env
[0m[1mmodule.infrastructure.terraform_data.k3s_workers["publisher_node"] (remote-exec):[0m [0m+ trap remove_uninstall EXIT
[0m[1mmodule.infrastructure.terraform_data.k3s_workers["publisher_node"] (remote-exec):[0m [0m+ [ -L /usr/local/bin/kubectl ]
[0m[1mmodule.infrastructure.terraform_data.k3s_workers["publisher_node"] (remote-exec):[0m [0m+ [ -L /usr/local/bin/crictl ]
[0m[1mmodule.infrastructure.terraform_data.k3s_workers["publisher_node"] (remote-exec):[0m [0m+ [ -L /usr/local/bin/ctr ]
[0m[1mmodule.infrastructure.terraform_data.k3s_workers["publisher_node"] (remote-exec):[0m [0m+ rm -rf /etc/rancher/k3s
[0m[1mmodule.infrastructure.terraform_data.k3s_workers["publisher_node"] (remote-exec):[0m [0m+ rm -rf /run/k3s
[0m[1mmodule.infrastructure.terraform_data.k3s_workers["publisher_node"] (remote-exec):[0m [0m+ rm -rf /run/flannel
[0m[1mmodule.infrastructure.terraform_data.k3s_workers["publisher_node"] (remote-exec):[0m [0m+ clean_mounted_directory /var/lib/rancher/k3s
[0m[1mmodule.infrastructure.terraform_data.k3s_workers["publisher_node"] (remote-exec):[0m [0m+ grep -q  /var/lib/rancher/k3s /proc/mounts
[0m[1mmodule.infrastructure.terraform_data.k3s_workers["publisher_node"] (remote-exec):[0m [0m+ rm -rf /var/lib/rancher/k3s
[0m[1mmodule.infrastructure.terraform_data.k3s_workers["publisher_node"] (remote-exec):[0m [0m+ return 0
[0m[1mmodule.infrastructure.terraform_data.k3s_workers["publisher_node"] (remote-exec):[0m [0m+ rm -rf /var/lib/kubelet
[0m[1mmodule.infrastructure.terraform_data.k3s_workers["publisher_node"] (remote-exec):[0m [0m+ rm -f /usr/local/bin/k3s
[0m[1mmodule.infrastructure.terraform_data.k3s_workers["publisher_node"] (remote-exec):[0m [0m+ rm -f /usr/local/bin/k3s-killall.sh
[0m[1mmodule.infrastructure.terraform_data.k3s_workers["publisher_node"] (remote-exec):[0m [0m+ rpm_ostree_uninstall_cmd=rpm-ostree uninstall --idempotent k3s-selinux
[0m[1mmodule.infrastructure.terraform_data.k3s_workers["publisher_node"] (remote-exec):[0m [0m+ [ -r /etc/os-release ]
[0m[1mmodule.infrastructure.terraform_data.k3s_workers["publisher_node"] (remote-exec):[0m [0m+ . /etc/os-release
[0m[1mmodule.infrastructure.terraform_data.k3s_workers["publisher_node"] (remote-exec):[0m [0m+ PRETTY_NAME=Debian GNU/Linux 12 (bookworm)
[0m[1mmodule.infrastructure.terraform_data.k3s_workers["publisher_node"] (remote-exec):[0m [0m+ NAME=Debian GNU/Linux
[0m[1mmodule.infrastructure.terraform_data.k3s_workers["publisher_node"] (remote-exec):[0m [0m+ VERSION_ID=12
[0m[1mmodule.infrastructure.terraform_data.k3s_workers["publisher_node"] (remote-exec):[0m [0m+ VERSION=12 (bookworm)
[0m[1mmodule.infrastructure.terraform_data.k3s_workers["publisher_node"] (remote-exec):[0m [0m+ VERSION_CODENAME=bookworm
[0m[1mmodule.infrastructure.terraform_data.k3s_workers["publisher_node"] (remote-exec):[0m [0m+ ID=debian
[0m[1mmodule.infrastructure.terraform_data.k3s_workers["publisher_node"] (remote-exec):[0m [0m+ HOME_URL=https://www.debian.org/
[0m[1mmodule.infrastructure.terraform_data.k3s_workers["publisher_node"] (remote-exec):[0m [0m+ SUPPORT_URL=https://www.debian.org/support
[0m[1mmodule.infrastructure.terraform_data.k3s_workers["publisher_node"] (remote-exec):[0m [0m+ BUG_REPORT_URL=https://bugs.debian.org/
[0m[1mmodule.infrastructure.terraform_data.k3s_workers["publisher_node"] (remote-exec):[0m [0m+ expr  : .*suse.*
[0m[1mmodule.infrastructure.terraform_data.k3s_workers["publisher_node"] (remote-exec):[0m [0m+ [ 0 != 0 ]
[0m[1mmodule.infrastructure.terraform_data.k3s_workers["publisher_node"] (remote-exec):[0m [0m+ [ debian = fedora ]
[0m[1mmodule.infrastructure.terraform_data.k3s_workers["publisher_node"] (remote-exec):[0m [0m+ expr  : .*fedora.*\|.*rhel.*\|.*centos.*
[0m[1mmodule.infrastructure.terraform_data.k3s_workers["publisher_node"] (remote-exec):[0m [0m+ [ 0 != 0 ]
[0m[1mmodule.infrastructure.terraform_data.k3s_workers["publisher_node"] (remote-exec):[0m [0m+ type rpm-ostree
[0m[1mmodule.infrastructure.terraform_data.k3s_workers["publisher_node"] (remote-exec):[0m [0m+ type zypper
[0m[1mmodule.infrastructure.terraform_data.k3s_workers["publisher_node"] (remote-exec):[0m [0m+ type yum
[0m[1mmodule.infrastructure.terraform_data.k3s_workers["publisher_node"] (remote-exec):[0m [0m+ [ -d /usr/share/selinux ]
[0m[1mmodule.infrastructure.terraform_data.k3s_workers["publisher_node"] (remote-exec):[0m [0m+ echo [WARN] Automatic removal of "k3s-selinux" package not possible, please remove it manually.
[0m[1mmodule.infrastructure.terraform_data.k3s_workers["publisher_node"] (remote-exec):[0m [0m[WARN] Automatic removal of "k3s-selinux" package not possible, please remove it manually.
[0m[1mmodule.infrastructure.terraform_data.k3s_workers["publisher_node"] (remote-exec):[0m [0m+ [ -d /etc/zypp/repos.d ]
[0m[1mmodule.infrastructure.terraform_data.k3s_workers["publisher_node"] (remote-exec):[0m [0m+ [ -d /etc/yum.repos.d ]
[0m[1mmodule.infrastructure.terraform_data.k3s_workers["publisher_node"] (remote-exec):[0m [0m+ remove_uninstall
[0m[1mmodule.infrastructure.terraform_data.k3s_workers["publisher_node"] (remote-exec):[0m [0m+ rm -f /usr/local/bin/k3s-agent-uninstall.sh
[0m[1mmodule.infrastructure.terraform_data.k3s_workers["actuator_node"] (remote-exec):[0m [0m+ command -v rc-update
[0m[1mmodule.infrastructure.terraform_data.k3s_workers["actuator_node"] (remote-exec):[0m [0m+ rm -f /etc/systemd/system/k3s-agent.service
[0m[1mmodule.infrastructure.terraform_data.k3s_workers["actuator_node"] (remote-exec):[0m [0m+ rm -f /etc/systemd/system/k3s-agent.service.env
[0m[1mmodule.infrastructure.terraform_data.k3s_workers["actuator_node"] (remote-exec):[0m [0m+ trap remove_uninstall EXIT
[0m[1mmodule.infrastructure.terraform_data.k3s_workers["actuator_node"] (remote-exec):[0m [0m+ [ -L /usr/local/bin/kubectl ]
[0m[1mmodule.infrastructure.terraform_data.k3s_workers["actuator_node"] (remote-exec):[0m [0m+ [ -L /usr/local/bin/crictl ]
[0m[1mmodule.infrastructure.terraform_data.k3s_workers["actuator_node"] (remote-exec):[0m [0m+ [ -L /usr/local/bin/ctr ]
[0m[1mmodule.infrastructure.terraform_data.k3s_workers["actuator_node"] (remote-exec):[0m [0m+ rm -rf /etc/rancher/k3s
[0m[1mmodule.infrastructure.terraform_data.k3s_workers["actuator_node"] (remote-exec):[0m [0m+ rm -rf /run/k3s
[0m[1mmodule.infrastructure.terraform_data.k3s_workers["actuator_node"] (remote-exec):[0m [0m+ rm -rf /run/flannel
[0m[1mmodule.infrastructure.terraform_data.k3s_workers["actuator_node"] (remote-exec):[0m [0m+ clean_mounted_directory /var/lib/rancher/k3s
[0m[1mmodule.infrastructure.terraform_data.k3s_workers["actuator_node"] (remote-exec):[0m [0m+ grep -q  /var/lib/rancher/k3s /proc/mounts
[0m[1mmodule.infrastructure.terraform_data.k3s_workers["actuator_node"] (remote-exec):[0m [0m+ rm -rf /var/lib/rancher/k3s
[0m[1mmodule.infrastructure.terraform_data.k3s_workers["publisher_node"]: Destruction complete after 3s[0m
[0m[1mmodule.infrastructure.terraform_data.k3s_workers["actuator_node"] (remote-exec):[0m [0m+ return 0
[0m[1mmodule.infrastructure.terraform_data.k3s_workers["actuator_node"] (remote-exec):[0m [0m+ rm -rf /var/lib/kubelet
[0m[1mmodule.infrastructure.terraform_data.k3s_workers["actuator_node"] (remote-exec):[0m [0m+ rm -f /usr/local/bin/k3s
[0m[1mmodule.infrastructure.terraform_data.k3s_workers["actuator_node"] (remote-exec):[0m [0m+ rm -f /usr/local/bin/k3s-killall.sh
[0m[1mmodule.infrastructure.terraform_data.k3s_workers["actuator_node"] (remote-exec):[0m [0m+ rpm_ostree_uninstall_cmd=rpm-ostree uninstall --idempotent k3s-selinux
[0m[1mmodule.infrastructure.terraform_data.k3s_workers["actuator_node"] (remote-exec):[0m [0m+ [ -r /etc/os-release ]
[0m[1mmodule.infrastructure.terraform_data.k3s_workers["actuator_node"] (remote-exec):[0m [0m+ . /etc/os-release
[0m[1mmodule.infrastructure.terraform_data.k3s_workers["actuator_node"] (remote-exec):[0m [0m+ PRETTY_NAME=Debian GNU/Linux 12 (bookworm)
[0m[1mmodule.infrastructure.terraform_data.k3s_workers["actuator_node"] (remote-exec):[0m [0m+ NAME=Debian GNU/Linux
[0m[1mmodule.infrastructure.terraform_data.k3s_workers["actuator_node"] (remote-exec):[0m [0m+ VERSION_ID=12
[0m[1mmodule.infrastructure.terraform_data.k3s_workers["actuator_node"] (remote-exec):[0m [0m+ VERSION=12 (bookworm)
[0m[1mmodule.infrastructure.terraform_data.k3s_workers["actuator_node"] (remote-exec):[0m [0m+ VERSION_CODENAME=bookworm
[0m[1mmodule.infrastructure.terraform_data.k3s_workers["actuator_node"] (remote-exec):[0m [0m+ ID=debian
[0m[1mmodule.infrastructure.terraform_data.k3s_workers["actuator_node"] (remote-exec):[0m [0m+ HOME_URL=https://www.debian.org/
[0m[1mmodule.infrastructure.terraform_data.k3s_workers["actuator_node"] (remote-exec):[0m [0m+ SUPPORT_URL=https://www.debian.org/support
[0m[1mmodule.infrastructure.terraform_data.k3s_workers["actuator_node"] (remote-exec):[0m [0m+ BUG_REPORT_URL=https://bugs.debian.org/
[0m[1mmodule.infrastructure.terraform_data.k3s_workers["actuator_node"] (remote-exec):[0m [0m+ expr  : .*suse.*
[0m[1mmodule.infrastructure.terraform_data.k3s_workers["actuator_node"] (remote-exec):[0m [0m+ [ 0 != 0 ]
[0m[1mmodule.infrastructure.terraform_data.k3s_workers["actuator_node"] (remote-exec):[0m [0m+ [ debian = fedora ]
[0m[1mmodule.infrastructure.terraform_data.k3s_workers["actuator_node"] (remote-exec):[0m [0m+ expr  : .*fedora.*\|.*rhel.*\|.*centos.*
[0m[1mmodule.infrastructure.terraform_data.k3s_workers["actuator_node"] (remote-exec):[0m [0m+ [ 0 != 0 ]
[0m[1mmodule.infrastructure.terraform_data.k3s_workers["actuator_node"] (remote-exec):[0m [0m+ type rpm-ostree
[0m[1mmodule.infrastructure.terraform_data.k3s_workers["actuator_node"] (remote-exec):[0m [0m+ type zypper
[0m[1mmodule.infrastructure.terraform_data.k3s_workers["actuator_node"] (remote-exec):[0m [0m+ type yum
[0m[1mmodule.infrastructure.terraform_data.k3s_workers["actuator_node"] (remote-exec):[0m [0m+ [ -d /usr/share/selinux ]
[0m[1mmodule.infrastructure.terraform_data.k3s_workers["actuator_node"] (remote-exec):[0m [0m+ echo [WARN] Automatic removal of "k3s-selinux" package not possible, please remove it manually.
[0m[1mmodule.infrastructure.terraform_data.k3s_workers["actuator_node"] (remote-exec):[0m [0m[WARN] Automatic removal of "k3s-selinux" package not possible, please remove it manually.
[0m[1mmodule.infrastructure.terraform_data.k3s_workers["actuator_node"] (remote-exec):[0m [0m+ [ -d /etc/zypp/repos.d ]
[0m[1mmodule.infrastructure.terraform_data.k3s_workers["actuator_node"] (remote-exec):[0m [0m+ [ -d /etc/yum.repos.d ]
[0m[1mmodule.infrastructure.terraform_data.k3s_workers["actuator_node"] (remote-exec):[0m [0m+ remove_uninstall
[0m[1mmodule.infrastructure.terraform_data.k3s_workers["actuator_node"] (remote-exec):[0m [0m+ rm -f /usr/local/bin/k3s-agent-uninstall.sh
[0m[1mmodule.infrastructure.terraform_data.k3s_workers["actuator_node"]: Destruction complete after 4s[0m
[0m[1mmodule.infrastructure.terraform_data.fetch_config: Destroying... [id=cfb0336c-d953-44cc-1678-8f61521dac49][0m[0m
[0m[1mmodule.infrastructure.terraform_data.fetch_config: Provisioning with 'local-exec'...[0m[0m
[0m[1mmodule.infrastructure.terraform_data.fetch_config (local-exec):[0m [0mExecuting: ["/bin/sh" "-c" "rm -f ./kubeconfig.yaml ./k3s_token.txt"]
[0m[1mmodule.infrastructure.terraform_data.fetch_config: Destruction complete after 0s[0m
[0m[1mmodule.infrastructure.terraform_data.k3s_master: Destroying... [id=e17e0475-953c-f48e-fa64-74203b23761d][0m[0m
[0m[1mmodule.infrastructure.terraform_data.k3s_master: Provisioning with 'remote-exec'...[0m[0m
[0m[1mmodule.infrastructure.terraform_data.k3s_master (remote-exec):[0m [0mConnecting to remote host via SSH...
[0m[1mmodule.infrastructure.terraform_data.k3s_master (remote-exec):[0m [0m  Host: 192.168.0.204
[0m[1mmodule.infrastructure.terraform_data.k3s_master (remote-exec):[0m [0m  User: pi1
[0m[1mmodule.infrastructure.terraform_data.k3s_master (remote-exec):[0m [0m  Password: false
[0m[1mmodule.infrastructure.terraform_data.k3s_master (remote-exec):[0m [0m  Private key: false
[0m[1mmodule.infrastructure.terraform_data.k3s_master (remote-exec):[0m [0m  Certificate: false
[0m[1mmodule.infrastructure.terraform_data.k3s_master (remote-exec):[0m [0m  SSH Agent: true
[0m[1mmodule.infrastructure.terraform_data.k3s_master (remote-exec):[0m [0m  Checking Host Key: false
[0m[1mmodule.infrastructure.terraform_data.k3s_master (remote-exec):[0m [0m  Target Platform: unix
[0m[1mmodule.infrastructure.terraform_data.k3s_master (remote-exec):[0m [0mConnected!
[0m[1mmodule.infrastructure.terraform_data.k3s_master (remote-exec):[0m [0m+ id -u
[0m[1mmodule.infrastructure.terraform_data.k3s_master (remote-exec):[0m [0m+ [ 1000 -eq 0 ]
[0m[1mmodule.infrastructure.terraform_data.k3s_master (remote-exec):[0m [0m+ exec sudo --preserve-env=K3S_DATA_DIR /usr/local/bin/k3s-uninstall.sh
[0m[1mmodule.infrastructure.terraform_data.k3s_master (remote-exec):[0m [0m+ id -u
[0m[1mmodule.infrastructure.terraform_data.k3s_master (remote-exec):[0m [0m+ [ 0 -eq 0 ]
[0m[1mmodule.infrastructure.terraform_data.k3s_master (remote-exec):[0m [0m+ K3S_DATA_DIR=/var/lib/rancher/k3s
[0m[1mmodule.infrastructure.terraform_data.k3s_master (remote-exec):[0m [0m+ /usr/local/bin/k3s-killall.sh
[0m[1mmodule.infrastructure.terraform_data.k3s_master (remote-exec):[0m [0m+ [ -s /etc/systemd/system/k3s.service ]
[0m[1mmodule.infrastructure.terraform_data.k3s_master (remote-exec):[0m [0m+ basename /etc/systemd/system/k3s.service
[0m[1mmodule.infrastructure.terraform_data.k3s_master (remote-exec):[0m [0m+ systemctl stop k3s.service
[0m[1mmodule.infrastructure.terraform_data.k3s_master (remote-exec):[0m [0m+ [ -x /etc/init.d/k3s* ]
[0m[1mmodule.infrastructure.terraform_data.k3s_master (remote-exec):[0m [0m+ killtree 717351 717468 717572 719116
[0m[1mmodule.infrastructure.terraform_data.k3s_master (remote-exec):[0m [0m+ kill -9 717351 717374 719247 717468 717493 718400 717572 717596 718704 719116 719140 719524 719572
[0m[1mmodule.infrastructure.terraform_data.k3s_master (remote-exec):[0m [0m+ do_unmount_and_remove /run/k3s
[0m[1mmodule.infrastructure.terraform_data.k3s_master (remote-exec):[0m [0m+ set +x
[0m[1mmodule.infrastructure.terraform_data.k3s_master (remote-exec):[0m [0msh -c 'umount -f "$0" && rm -rf "$0"' /run/k3s/containerd/io.containerd.runtime.v2.task/k8s.io/e1681844413f3d6d03e7876d05893d10c9fdf553a7506754d3d28f49b1907f99/rootfs
[0m[1mmodule.infrastructure.terraform_data.k3s_master (remote-exec):[0m [0msh -c 'umount -f "$0" && rm -rf "$0"' /run/k3s/containerd/io.containerd.runtime.v2.task/k8s.io/cacb950dcbc435cc727292267a3d109af868b750bdc07791863985e1bba24217/rootfs
[0m[1mmodule.infrastructure.terraform_data.k3s_master (remote-exec):[0m [0msh -c 'umount -f "$0" && rm -rf "$0"' /run/k3s/containerd/io.containerd.runtime.v2.task/k8s.io/c227096347ec9684403490276d5feb1342e59f69bfb8f42cfa6fca455e508982/rootfs
[0m[1mmodule.infrastructure.terraform_data.k3s_master (remote-exec):[0m [0msh -c 'umount -f "$0" && rm -rf "$0"' /run/k3s/containerd/io.containerd.runtime.v2.task/k8s.io/80276c4230121b6f5e84f6e8f2a7283589891782650438ba86e7d7e99f8c7439/rootfs
[0m[1mmodule.infrastructure.terraform_data.k3s_master (remote-exec):[0m [0msh -c 'umount -f "$0" && rm -rf "$0"' /run/k3s/containerd/io.containerd.runtime.v2.task/k8s.io/71f9545a07c2866577ef28c392adfc4b34d719d53547bcae140173ce892f9095/rootfs
[0m[1mmodule.infrastructure.terraform_data.k3s_master (remote-exec):[0m [0msh -c 'umount -f "$0" && rm -rf "$0"' /run/k3s/containerd/io.containerd.runtime.v2.task/k8s.io/708795ac357370367ef027399a7d9a6e51f3f98de62a4dfb896942086c49de80/rootfs
[0m[1mmodule.infrastructure.terraform_data.k3s_master (remote-exec):[0m [0msh -c 'umount -f "$0" && rm -rf "$0"' /run/k3s/containerd/io.containerd.runtime.v2.task/k8s.io/6f6091b64ca5151c75d93631e0a3fd8a477991cc6d4f56a4b244ffcd3b106f22/rootfs
[0m[1mmodule.infrastructure.terraform_data.k3s_master (remote-exec):[0m [0msh -c 'umount -f "$0" && rm -rf "$0"' /run/k3s/containerd/io.containerd.runtime.v2.task/k8s.io/41f12efb61ac3f70a17cf600a7185ea9ad245c6351eb25af4d1efb1fef14cfc9/rootfs
[0m[1mmodule.infrastructure.terraform_data.k3s_master (remote-exec):[0m [0msh -c 'umount -f "$0" && rm -rf "$0"' /run/k3s/containerd/io.containerd.runtime.v2.task/k8s.io/08ebcdc68292d6a5f1029e36569ad3c5bd632e554c485abdd777fc3803dbafd8/rootfs
[0m[1mmodule.infrastructure.terraform_data.k3s_master (remote-exec):[0m [0msh -c 'umount -f "$0" && rm -rf "$0"' /run/k3s/containerd/io.containerd.grpc.v1.cri/sandboxes/c227096347ec9684403490276d5feb1342e59f69bfb8f42cfa6fca455e508982/shm
[0m[1mmodule.infrastructure.terraform_data.k3s_master (remote-exec):[0m [0msh -c 'umount -f "$0" && rm -rf "$0"' /run/k3s/containerd/io.containerd.grpc.v1.cri/sandboxes/80276c4230121b6f5e84f6e8f2a7283589891782650438ba86e7d7e99f8c7439/shm
[0m[1mmodule.infrastructure.terraform_data.k3s_master (remote-exec):[0m [0msh -c 'umount -f "$0" && rm -rf "$0"' /run/k3s/containerd/io.containerd.grpc.v1.cri/sandboxes/71f9545a07c2866577ef28c392adfc4b34d719d53547bcae140173ce892f9095/shm
[0m[1mmodule.infrastructure.terraform_data.k3s_master (remote-exec):[0m [0msh -c 'umount -f "$0" && rm -rf "$0"' /run/k3s/containerd/io.containerd.grpc.v1.cri/sandboxes/6f6091b64ca5151c75d93631e0a3fd8a477991cc6d4f56a4b244ffcd3b106f22/shm
[0m[1mmodule.infrastructure.terraform_data.k3s_master (remote-exec):[0m [0m+ do_unmount_and_remove /var/lib/kubelet/pods
[0m[1mmodule.infrastructure.terraform_data.k3s_master (remote-exec):[0m [0m+ set +x
[0m[1mmodule.infrastructure.terraform_data.k3s_master (remote-exec):[0m [0msh -c 'umount -f "$0" && rm -rf "$0"' /var/lib/kubelet/pods/ed250db8-8f2e-4587-b76c-b2d61e4b5f52/volumes/kubernetes.io~projected/kube-api-access-gj5nb
[0m[1mmodule.infrastructure.terraform_data.k3s_master (remote-exec):[0m [0msh -c 'umount -f "$0" && rm -rf "$0"' /var/lib/kubelet/pods/bdd24bcb-8aa0-40ad-8609-bbcf8870f038/volumes/kubernetes.io~projected/kube-api-access-q6r4s
[0m[1mmodule.infrastructure.terraform_data.k3s_master (remote-exec):[0m [0msh -c 'umount -f "$0" && rm -rf "$0"' /var/lib/kubelet/pods/2a6e407b-a36d-41b2-8f66-d730dd59837f/volumes/kubernetes.io~projected/kube-api-access-sfzjg
[0m[1mmodule.infrastructure.terraform_data.k3s_master (remote-exec):[0m [0m+ do_unmount_and_remove /var/lib/kubelet/plugins
[0m[1mmodule.infrastructure.terraform_data.k3s_master (remote-exec):[0m [0m+ set +x
[0m[1mmodule.infrastructure.terraform_data.k3s_master (remote-exec):[0m [0m+ do_unmount_and_remove /run/netns/cni-
[0m[1mmodule.infrastructure.terraform_data.k3s_master (remote-exec):[0m [0m+ set +x
[0m[1mmodule.infrastructure.terraform_data.k3s_master (remote-exec):[0m [0msh -c 'umount -f "$0" && rm -rf "$0"' /run/netns/cni-efb28c44-1978-1f4f-71df-5c1ca0f87b55
[0m[1mmodule.infrastructure.terraform_data.k3s_master (remote-exec):[0m [0msh -c 'umount -f "$0" && rm -rf "$0"' /run/netns/cni-9c6e0b8f-4a4c-efb4-9fc1-ddaf82378ad9
[0m[1mmodule.infrastructure.terraform_data.k3s_master (remote-exec):[0m [0msh -c 'umount -f "$0" && rm -rf "$0"' /run/netns/cni-95e872e8-1888-d73a-1abc-3333b6172f5a
[0m[1mmodule.infrastructure.terraform_data.k3s_master (remote-exec):[0m [0msh -c 'umount -f "$0" && rm -rf "$0"' /run/netns/cni-6283d811-0628-0f58-d234-538562361d2c
[0m[1mmodule.infrastructure.terraform_data.k3s_master (remote-exec):[0m [0m+ ip netns show
[0m[1mmodule.infrastructure.terraform_data.k3s_master (remote-exec):[0m [0m+ grep cni-
[0m[1mmodule.infrastructure.terraform_data.k3s_master (remote-exec):[0m [0m+ xargs -r -t -n 1 ip netns delete
[0m[1mmodule.infrastructure.terraform_data.k3s_master (remote-exec):[0m [0m+ remove_interfaces
[0m[1mmodule.infrastructure.terraform_data.k3s_master (remote-exec):[0m [0m+ ip link show
[0m[1mmodule.infrastructure.terraform_data.k3s_master (remote-exec):[0m [0m+ + read ignoregrep master cni0 iface ignore

[0m[1mmodule.infrastructure.terraform_data.k3s_master (remote-exec):[0m [0m+ iface=vethc0840859
[0m[1mmodule.infrastructure.terraform_data.k3s_master (remote-exec):[0m [0m+ [ -z vethc0840859 ]
[0m[1mmodule.infrastructure.terraform_data.k3s_master (remote-exec):[0m [0m+ ip link delete vethc0840859
[0m[1mmodule.infrastructure.terraform_data.k3s_master (remote-exec):[0m [0m+ read ignore iface ignore
[0m[1mmodule.infrastructure.terraform_data.k3s_master (remote-exec):[0m [0m+ iface=veth85fa9f94
[0m[1mmodule.infrastructure.terraform_data.k3s_master (remote-exec):[0m [0m+ [ -z veth85fa9f94 ]
[0m[1mmodule.infrastructure.terraform_data.k3s_master (remote-exec):[0m [0m+ ip link delete veth85fa9f94
[0m[1mmodule.infrastructure.terraform_data.k3s_master (remote-exec):[0m [0mCannot find device "veth85fa9f94"
[0m[1mmodule.infrastructure.terraform_data.k3s_master (remote-exec):[0m [0m+ read ignore iface ignore
[0m[1mmodule.infrastructure.terraform_data.k3s_master (remote-exec):[0m [0m+ iface=veth91e13739
[0m[1mmodule.infrastructure.terraform_data.k3s_master (remote-exec):[0m [0m+ [ -z veth91e13739 ]
[0m[1mmodule.infrastructure.terraform_data.k3s_master (remote-exec):[0m [0m+ ip link delete veth91e13739
[0m[1mmodule.infrastructure.terraform_data.k3s_master (remote-exec):[0m [0mCannot find device "veth91e13739"
[0m[1mmodule.infrastructure.terraform_data.k3s_master (remote-exec):[0m [0m+ read ignore iface ignore
[0m[1mmodule.infrastructure.terraform_data.k3s_master (remote-exec):[0m [0m+ ip link delete cni0
[0m[1mmodule.infrastructure.terraform_data.k3s_master (remote-exec):[0m [0m+ ip link delete flannel.1
[0m[1mmodule.infrastructure.terraform_data.k3s_master (remote-exec):[0m [0m+ ip link delete flannel-v6.1
[0m[1mmodule.infrastructure.terraform_data.k3s_master (remote-exec):[0m [0mCannot find device "flannel-v6.1"
[0m[1mmodule.infrastructure.terraform_data.k3s_master (remote-exec):[0m [0m+ ip link delete kube-ipvs0
[0m[1mmodule.infrastructure.terraform_data.k3s_master (remote-exec):[0m [0mCannot find device "kube-ipvs0"
[0m[1mmodule.infrastructure.terraform_data.k3s_master (remote-exec):[0m [0m+ ip link delete flannel-wg
[0m[1mmodule.infrastructure.terraform_data.k3s_master (remote-exec):[0m [0mCannot find device "flannel-wg"
[0m[1mmodule.infrastructure.terraform_data.k3s_master (remote-exec):[0m [0m+ ip link delete flannel-wg-v6
[0m[1mmodule.infrastructure.terraform_data.k3s_master (remote-exec):[0m [0mCannot find device "flannel-wg-v6"
[0m[1mmodule.infrastructure.terraform_data.k3s_master (remote-exec):[0m [0m+ command -v tailscale
[0m[1mmodule.infrastructure.terraform_data.k3s_master (remote-exec):[0m [0m+ [ -n  ]
[0m[1mmodule.infrastructure.terraform_data.k3s_master (remote-exec):[0m [0m+ rm -rf /var/lib/cni/
[0m[1mmodule.infrastructure.terraform_data.k3s_master (remote-exec):[0m [0m+ iptables-save
[0m[1mmodule.infrastructure.terraform_data.k3s_master (remote-exec):[0m [0m+ grep -v KUBE-
[0m[1mmodule.infrastructure.terraform_data.k3s_master (remote-exec):[0m [0m+ grep -v CNI-
[0m[1mmodule.infrastructure.terraform_data.k3s_master (remote-exec):[0m [0m+ grep -iv flannel
[0m[1mmodule.infrastructure.terraform_data.k3s_master (remote-exec):[0m [0m+ iptables-restore
[0m[1mmodule.infrastructure.terraform_data.k3s_master (remote-exec):[0m [0m+ ip6tables-save
[0m[1mmodule.infrastructure.terraform_data.k3s_master (remote-exec):[0m [0m+ grep+ grep+  -v KUBE-
[0m[1mmodule.infrastructure.terraform_data.k3s_master (remote-exec):[0m [0mgrep -v CNI- -iv flannel
[0m[1mmodule.infrastructure.terraform_data.k3s_master (remote-exec):[0m [0m+ ip6tables-restore

[0m[1mmodule.infrastructure.terraform_data.k3s_master (remote-exec):[0m [0m+ command -v systemctl
[0m[1mmodule.infrastructure.terraform_data.k3s_master (remote-exec):[0m [0m/usr/bin/systemctl
[0m[1mmodule.infrastructure.terraform_data.k3s_master (remote-exec):[0m [0m+ systemctl disable k3s
[0m[1mmodule.infrastructure.terraform_data.k3s_master (remote-exec):[0m [0mRemoved "/etc/systemd/system/multi-user.target.wants/k3s.service".
[0m[1mmodule.infrastructure.terraform_data.k3s_master (remote-exec):[0m [0m+ systemctl reset-failed k3s
[0m[1mmodule.infrastructure.terraform_data.k3s_master (remote-exec):[0m [0m[0;1;31mFailed to reset failed state of unit k3s.service: Unit k3s.service not loaded.[0m
[0m[1mmodule.infrastructure.terraform_data.k3s_master (remote-exec):[0m [0m+ systemctl daemon-reload
[0m[1mmodule.infrastructure.terraform_data.k3s_master (remote-exec):[0m [0m+ command -v rc-update
[0m[1mmodule.infrastructure.terraform_data.k3s_master (remote-exec):[0m [0m+ rm -f /etc/systemd/system/k3s.service
[0m[1mmodule.infrastructure.terraform_data.k3s_master (remote-exec):[0m [0m+ rm -f /etc/systemd/system/k3s.service.env
[0m[1mmodule.infrastructure.terraform_data.k3s_master (remote-exec):[0m [0m+ trap remove_uninstall EXIT
[0m[1mmodule.infrastructure.terraform_data.k3s_master (remote-exec):[0m [0m+ [ -L /usr/local/bin/kubectl ]
[0m[1mmodule.infrastructure.terraform_data.k3s_master (remote-exec):[0m [0m+ [ -L /usr/local/bin/crictl ]
[0m[1mmodule.infrastructure.terraform_data.k3s_master (remote-exec):[0m [0m+ [ -L /usr/local/bin/ctr ]
[0m[1mmodule.infrastructure.terraform_data.k3s_master (remote-exec):[0m [0m+ rm -rf /etc/rancher/k3s
[0m[1mmodule.infrastructure.terraform_data.k3s_master (remote-exec):[0m [0m+ rm -rf /run/k3s
[0m[1mmodule.infrastructure.terraform_data.k3s_master (remote-exec):[0m [0m+ rm -rf /run/flannel
[0m[1mmodule.infrastructure.terraform_data.k3s_master (remote-exec):[0m [0m+ clean_mounted_directory /var/lib/rancher/k3s
[0m[1mmodule.infrastructure.terraform_data.k3s_master (remote-exec):[0m [0m+ grep -q  /var/lib/rancher/k3s /proc/mounts
[0m[1mmodule.infrastructure.terraform_data.k3s_master (remote-exec):[0m [0m+ rm -rf /var/lib/rancher/k3s
[0m[1mmodule.infrastructure.terraform_data.k3s_master (remote-exec):[0m [0m+ return 0
[0m[1mmodule.infrastructure.terraform_data.k3s_master (remote-exec):[0m [0m+ rm -rf /var/lib/kubelet
[0m[1mmodule.infrastructure.terraform_data.k3s_master (remote-exec):[0m [0m+ rm -f /usr/local/bin/k3s
[0m[1mmodule.infrastructure.terraform_data.k3s_master (remote-exec):[0m [0m+ rm -f /usr/local/bin/k3s-killall.sh
[0m[1mmodule.infrastructure.terraform_data.k3s_master (remote-exec):[0m [0m+ rpm_ostree_uninstall_cmd=rpm-ostree uninstall --idempotent k3s-selinux
[0m[1mmodule.infrastructure.terraform_data.k3s_master (remote-exec):[0m [0m+ [ -r /etc/os-release ]
[0m[1mmodule.infrastructure.terraform_data.k3s_master (remote-exec):[0m [0m+ . /etc/os-release
[0m[1mmodule.infrastructure.terraform_data.k3s_master (remote-exec):[0m [0m+ PRETTY_NAME=Debian GNU/Linux 12 (bookworm)
[0m[1mmodule.infrastructure.terraform_data.k3s_master (remote-exec):[0m [0m+ NAME=Debian GNU/Linux
[0m[1mmodule.infrastructure.terraform_data.k3s_master (remote-exec):[0m [0m+ VERSION_ID=12
[0m[1mmodule.infrastructure.terraform_data.k3s_master (remote-exec):[0m [0m+ VERSION=12 (bookworm)
[0m[1mmodule.infrastructure.terraform_data.k3s_master (remote-exec):[0m [0m+ VERSION_CODENAME=bookworm
[0m[1mmodule.infrastructure.terraform_data.k3s_master (remote-exec):[0m [0m+ ID=debian
[0m[1mmodule.infrastructure.terraform_data.k3s_master (remote-exec):[0m [0m+ HOME_URL=https://www.debian.org/
[0m[1mmodule.infrastructure.terraform_data.k3s_master (remote-exec):[0m [0m+ SUPPORT_URL=https://www.debian.org/support
[0m[1mmodule.infrastructure.terraform_data.k3s_master (remote-exec):[0m [0m+ BUG_REPORT_URL=https://bugs.debian.org/
[0m[1mmodule.infrastructure.terraform_data.k3s_master (remote-exec):[0m [0m+ expr  : .*suse.*
[0m[1mmodule.infrastructure.terraform_data.k3s_master (remote-exec):[0m [0m+ [ 0 != 0 ]
[0m[1mmodule.infrastructure.terraform_data.k3s_master (remote-exec):[0m [0m+ [ debian = fedora ]
[0m[1mmodule.infrastructure.terraform_data.k3s_master (remote-exec):[0m [0m+ expr  : .*fedora.*\|.*rhel.*\|.*centos.*
[0m[1mmodule.infrastructure.terraform_data.k3s_master (remote-exec):[0m [0m+ [ 0 != 0 ]
[0m[1mmodule.infrastructure.terraform_data.k3s_master (remote-exec):[0m [0m+ type rpm-ostree
[0m[1mmodule.infrastructure.terraform_data.k3s_master (remote-exec):[0m [0m+ type zypper
[0m[1mmodule.infrastructure.terraform_data.k3s_master (remote-exec):[0m [0m+ type yum
[0m[1mmodule.infrastructure.terraform_data.k3s_master (remote-exec):[0m [0m+ [ -d /usr/share/selinux ]
[0m[1mmodule.infrastructure.terraform_data.k3s_master (remote-exec):[0m [0m+ echo [WARN] Automatic removal of "k3s-selinux" package not possible, please remove it manually.
[0m[1mmodule.infrastructure.terraform_data.k3s_master (remote-exec):[0m [0m[WARN] Automatic removal of "k3s-selinux" package not possible, please remove it manually.
[0m[1mmodule.infrastructure.terraform_data.k3s_master (remote-exec):[0m [0m+ [ -d /etc/zypp/repos.d ]
[0m[1mmodule.infrastructure.terraform_data.k3s_master (remote-exec):[0m [0m+ [ -d /etc/yum.repos.d ]
[0m[1mmodule.infrastructure.terraform_data.k3s_master (remote-exec):[0m [0m+ remove_uninstall
[0m[1mmodule.infrastructure.terraform_data.k3s_master (remote-exec):[0m [0m+ rm -f /usr/local/bin/k3s-uninstall.sh
[0m[1mmodule.infrastructure.terraform_data.k3s_master: Destruction complete after 7s[0m
[0m[1m[32m
Destroy complete! Resources: 9 destroyed.[0m

real	1m3.185s
user	0m0.613s
sys	0m0.260s
